[0.143s] DEBUG:colcon:Command line arguments: ['/usr/bin/colcon', 'build', '--cmake-args', '-DBUILD_TESTING=ON']
[0.143s] DEBUG:colcon:Parsed command line arguments: Namespace(log_base=None, log_level=None, verb_name='build', build_base='build', install_base='install', merge_install=False, symlink_install=False, test_result_base=None, continue_on_error=False, executor='parallel', parallel_workers=28, event_handlers=None, ignore_user_meta=False, metas=['./colcon.meta'], base_paths=['.'], packages_ignore=None, packages_ignore_regex=None, paths=None, packages_up_to=None, packages_up_to_regex=None, packages_above=None, packages_above_and_dependencies=None, packages_above_depth=None, packages_select_by_dep=None, packages_skip_by_dep=None, packages_skip_up_to=None, packages_select_build_failed=False, packages_skip_build_finished=False, packages_select_test_failures=False, packages_skip_test_passed=False, packages_select=None, packages_skip=None, packages_select_regex=None, packages_skip_regex=None, packages_start=None, packages_end=None, allow_overriding=[], cmake_args=['-DBUILD_TESTING=ON'], cmake_target=None, cmake_target_skip_unavailable=False, cmake_clean_cache=False, cmake_clean_first=False, cmake_force_configure=False, ament_cmake_args=None, catkin_cmake_args=None, catkin_skip_building_tests=False, mixin_files=None, mixin=None, verb_parser=<colcon_mixin.mixin.mixin_argument.MixinArgumentDecorator object at 0x7f5839e1d5b0>, verb_extension=<colcon_core.verb.build.BuildVerb object at 0x7f5839fb2c90>, main=<bound method BuildVerb.main of <colcon_core.verb.build.BuildVerb object at 0x7f5839fb2c90>>, mixin_verb=('build',))
[0.286s] Level 1:colcon.colcon_core.package_discovery:discover_packages(colcon_meta) check parameters
[0.287s] Level 1:colcon.colcon_core.package_discovery:discover_packages(recursive) check parameters
[0.287s] Level 1:colcon.colcon_core.package_discovery:discover_packages(ignore) check parameters
[0.287s] Level 1:colcon.colcon_core.package_discovery:discover_packages(path) check parameters
[0.287s] Level 1:colcon.colcon_core.package_discovery:discover_packages(colcon_meta) discover
[0.287s] Level 1:colcon.colcon_core.package_discovery:discover_packages(recursive) discover
[0.287s] INFO:colcon.colcon_core.package_discovery:Crawling recursively for packages in '/home/bhimirs/Documents/robotics/ros-lab-2-siddhu'
[0.287s] Level 1:colcon.colcon_core.package_identification:_identify(.) by extensions ['ignore', 'ignore_ament_install']
[0.287s] Level 1:colcon.colcon_core.package_identification:_identify(.) by extension 'ignore'
[0.287s] Level 1:colcon.colcon_core.package_identification:_identify(.) by extension 'ignore_ament_install'
[0.287s] Level 1:colcon.colcon_core.package_identification:_identify(.) by extensions ['colcon_pkg']
[0.287s] Level 1:colcon.colcon_core.package_identification:_identify(.) by extension 'colcon_pkg'
[0.287s] Level 1:colcon.colcon_core.package_identification:_identify(.) by extensions ['colcon_meta']
[0.287s] Level 1:colcon.colcon_core.package_identification:_identify(.) by extension 'colcon_meta'
[0.287s] Level 1:colcon.colcon_core.package_identification:_identify(.) by extensions ['ros']
[0.288s] Level 1:colcon.colcon_core.package_identification:_identify(.) by extension 'ros'
[0.318s] Level 1:colcon.colcon_core.package_identification:_identify(.) by extensions ['cmake', 'python']
[0.318s] Level 1:colcon.colcon_core.package_identification:_identify(.) by extension 'cmake'
[0.318s] Level 1:colcon.colcon_core.package_identification:_identify(.) by extension 'python'
[0.318s] Level 1:colcon.colcon_core.package_identification:_identify(.) by extensions ['python_setup_py']
[0.318s] Level 1:colcon.colcon_core.package_identification:_identify(.) by extension 'python_setup_py'
[0.319s] Level 1:colcon.colcon_core.package_identification:_identify(build) by extensions ['ignore', 'ignore_ament_install']
[0.319s] Level 1:colcon.colcon_core.package_identification:_identify(build) by extension 'ignore'
[0.319s] Level 1:colcon.colcon_core.package_identification:_identify(build) ignored
[0.319s] Level 1:colcon.colcon_core.package_identification:_identify(figs) by extensions ['ignore', 'ignore_ament_install']
[0.319s] Level 1:colcon.colcon_core.package_identification:_identify(figs) by extension 'ignore'
[0.319s] Level 1:colcon.colcon_core.package_identification:_identify(figs) by extension 'ignore_ament_install'
[0.319s] Level 1:colcon.colcon_core.package_identification:_identify(figs) by extensions ['colcon_pkg']
[0.319s] Level 1:colcon.colcon_core.package_identification:_identify(figs) by extension 'colcon_pkg'
[0.319s] Level 1:colcon.colcon_core.package_identification:_identify(figs) by extensions ['colcon_meta']
[0.319s] Level 1:colcon.colcon_core.package_identification:_identify(figs) by extension 'colcon_meta'
[0.319s] Level 1:colcon.colcon_core.package_identification:_identify(figs) by extensions ['ros']
[0.319s] Level 1:colcon.colcon_core.package_identification:_identify(figs) by extension 'ros'
[0.319s] Level 1:colcon.colcon_core.package_identification:_identify(figs) by extensions ['cmake', 'python']
[0.319s] Level 1:colcon.colcon_core.package_identification:_identify(figs) by extension 'cmake'
[0.319s] Level 1:colcon.colcon_core.package_identification:_identify(figs) by extension 'python'
[0.319s] Level 1:colcon.colcon_core.package_identification:_identify(figs) by extensions ['python_setup_py']
[0.319s] Level 1:colcon.colcon_core.package_identification:_identify(figs) by extension 'python_setup_py'
[0.320s] Level 1:colcon.colcon_core.package_identification:_identify(install) by extensions ['ignore', 'ignore_ament_install']
[0.320s] Level 1:colcon.colcon_core.package_identification:_identify(install) by extension 'ignore'
[0.320s] Level 1:colcon.colcon_core.package_identification:_identify(install) ignored
[0.321s] Level 1:colcon.colcon_core.package_identification:_identify(log) by extensions ['ignore', 'ignore_ament_install']
[0.321s] Level 1:colcon.colcon_core.package_identification:_identify(log) by extension 'ignore'
[0.321s] Level 1:colcon.colcon_core.package_identification:_identify(log) ignored
[0.321s] Level 1:colcon.colcon_core.package_identification:_identify(py_pubsub) by extensions ['ignore', 'ignore_ament_install']
[0.321s] Level 1:colcon.colcon_core.package_identification:_identify(py_pubsub) by extension 'ignore'
[0.321s] Level 1:colcon.colcon_core.package_identification:_identify(py_pubsub) by extension 'ignore_ament_install'
[0.321s] Level 1:colcon.colcon_core.package_identification:_identify(py_pubsub) by extensions ['colcon_pkg']
[0.321s] Level 1:colcon.colcon_core.package_identification:_identify(py_pubsub) by extension 'colcon_pkg'
[0.321s] Level 1:colcon.colcon_core.package_identification:_identify(py_pubsub) by extensions ['colcon_meta']
[0.321s] Level 1:colcon.colcon_core.package_identification:_identify(py_pubsub) by extension 'colcon_meta'
[0.321s] Level 1:colcon.colcon_core.package_identification:_identify(py_pubsub) by extensions ['ros']
[0.321s] Level 1:colcon.colcon_core.package_identification:_identify(py_pubsub) by extension 'ros'
[0.325s] DEBUG:colcon.colcon_core.package_identification:Package 'py_pubsub' with type 'ros.ament_python' and name 'py_pubsub'
[0.325s] Level 1:colcon.colcon_core.package_identification:_identify(ros_gz_app) by extensions ['ignore', 'ignore_ament_install']
[0.325s] Level 1:colcon.colcon_core.package_identification:_identify(ros_gz_app) by extension 'ignore'
[0.325s] Level 1:colcon.colcon_core.package_identification:_identify(ros_gz_app) by extension 'ignore_ament_install'
[0.325s] Level 1:colcon.colcon_core.package_identification:_identify(ros_gz_app) by extensions ['colcon_pkg']
[0.325s] Level 1:colcon.colcon_core.package_identification:_identify(ros_gz_app) by extension 'colcon_pkg'
[0.325s] Level 1:colcon.colcon_core.package_identification:_identify(ros_gz_app) by extensions ['colcon_meta']
[0.325s] Level 1:colcon.colcon_core.package_identification:_identify(ros_gz_app) by extension 'colcon_meta'
[0.325s] Level 1:colcon.colcon_core.package_identification:_identify(ros_gz_app) by extensions ['ros']
[0.325s] Level 1:colcon.colcon_core.package_identification:_identify(ros_gz_app) by extension 'ros'
[0.326s] DEBUG:colcon.colcon_core.package_identification:Package 'ros_gz_app' with type 'ros.ament_cmake' and name 'ros_gz_app'
[0.327s] Level 1:colcon.colcon_core.package_identification:_identify(ros_gz_bringup) by extensions ['ignore', 'ignore_ament_install']
[0.327s] Level 1:colcon.colcon_core.package_identification:_identify(ros_gz_bringup) by extension 'ignore'
[0.327s] Level 1:colcon.colcon_core.package_identification:_identify(ros_gz_bringup) by extension 'ignore_ament_install'
[0.327s] Level 1:colcon.colcon_core.package_identification:_identify(ros_gz_bringup) by extensions ['colcon_pkg']
[0.327s] Level 1:colcon.colcon_core.package_identification:_identify(ros_gz_bringup) by extension 'colcon_pkg'
[0.327s] Level 1:colcon.colcon_core.package_identification:_identify(ros_gz_bringup) by extensions ['colcon_meta']
[0.327s] Level 1:colcon.colcon_core.package_identification:_identify(ros_gz_bringup) by extension 'colcon_meta'
[0.327s] Level 1:colcon.colcon_core.package_identification:_identify(ros_gz_bringup) by extensions ['ros']
[0.327s] Level 1:colcon.colcon_core.package_identification:_identify(ros_gz_bringup) by extension 'ros'
[0.328s] DEBUG:colcon.colcon_core.package_identification:Package 'ros_gz_bringup' with type 'ros.ament_cmake' and name 'ros_gz_bringup'
[0.328s] Level 1:colcon.colcon_core.package_identification:_identify(ros_gz_description) by extensions ['ignore', 'ignore_ament_install']
[0.328s] Level 1:colcon.colcon_core.package_identification:_identify(ros_gz_description) by extension 'ignore'
[0.328s] Level 1:colcon.colcon_core.package_identification:_identify(ros_gz_description) by extension 'ignore_ament_install'
[0.328s] Level 1:colcon.colcon_core.package_identification:_identify(ros_gz_description) by extensions ['colcon_pkg']
[0.328s] Level 1:colcon.colcon_core.package_identification:_identify(ros_gz_description) by extension 'colcon_pkg'
[0.328s] Level 1:colcon.colcon_core.package_identification:_identify(ros_gz_description) by extensions ['colcon_meta']
[0.328s] Level 1:colcon.colcon_core.package_identification:_identify(ros_gz_description) by extension 'colcon_meta'
[0.328s] Level 1:colcon.colcon_core.package_identification:_identify(ros_gz_description) by extensions ['ros']
[0.328s] Level 1:colcon.colcon_core.package_identification:_identify(ros_gz_description) by extension 'ros'
[0.329s] DEBUG:colcon.colcon_core.package_identification:Package 'ros_gz_description' with type 'ros.ament_cmake' and name 'ros_gz_description'
[0.330s] Level 1:colcon.colcon_core.package_identification:_identify(ros_gz_gazebo) by extensions ['ignore', 'ignore_ament_install']
[0.330s] Level 1:colcon.colcon_core.package_identification:_identify(ros_gz_gazebo) by extension 'ignore'
[0.330s] Level 1:colcon.colcon_core.package_identification:_identify(ros_gz_gazebo) by extension 'ignore_ament_install'
[0.330s] Level 1:colcon.colcon_core.package_identification:_identify(ros_gz_gazebo) by extensions ['colcon_pkg']
[0.330s] Level 1:colcon.colcon_core.package_identification:_identify(ros_gz_gazebo) by extension 'colcon_pkg'
[0.330s] Level 1:colcon.colcon_core.package_identification:_identify(ros_gz_gazebo) by extensions ['colcon_meta']
[0.330s] Level 1:colcon.colcon_core.package_identification:_identify(ros_gz_gazebo) by extension 'colcon_meta'
[0.330s] Level 1:colcon.colcon_core.package_identification:_identify(ros_gz_gazebo) by extensions ['ros']
[0.330s] Level 1:colcon.colcon_core.package_identification:_identify(ros_gz_gazebo) by extension 'ros'
[0.331s] DEBUG:colcon.colcon_core.package_identification:Package 'ros_gz_gazebo' with type 'ros.ament_cmake' and name 'ros_gz_gazebo'
[0.331s] Level 1:colcon.colcon_core.package_discovery:discover_packages(recursive) using defaults
[0.331s] Level 1:colcon.colcon_core.package_discovery:discover_packages(ignore) discover
[0.331s] Level 1:colcon.colcon_core.package_discovery:discover_packages(ignore) using defaults
[0.331s] Level 1:colcon.colcon_core.package_discovery:discover_packages(path) discover
[0.331s] Level 1:colcon.colcon_core.package_discovery:discover_packages(path) using defaults
[0.345s] Level 1:colcon.colcon_core.package_discovery:discover_packages(prefix_path) check parameters
[0.345s] Level 1:colcon.colcon_core.package_discovery:discover_packages(prefix_path) discover
[0.358s] DEBUG:colcon.colcon_installed_package_information.package_discovery:Found 5 installed packages in /home/bhimirs/Documents/robotics/ros-lab-2-siddhu/install
[0.361s] DEBUG:colcon.colcon_installed_package_information.package_discovery:Found 317 installed packages in /opt/ros/jazzy
[0.363s] Level 1:colcon.colcon_core.package_discovery:discover_packages(prefix_path) using defaults
[0.401s] Level 5:colcon.colcon_core.verb:set package 'py_pubsub' build argument 'cmake_args' from command line to '['-DBUILD_TESTING=ON']'
[0.401s] Level 5:colcon.colcon_core.verb:set package 'py_pubsub' build argument 'cmake_target' from command line to 'None'
[0.401s] Level 5:colcon.colcon_core.verb:set package 'py_pubsub' build argument 'cmake_target_skip_unavailable' from command line to 'False'
[0.401s] Level 5:colcon.colcon_core.verb:set package 'py_pubsub' build argument 'cmake_clean_cache' from command line to 'False'
[0.401s] Level 5:colcon.colcon_core.verb:set package 'py_pubsub' build argument 'cmake_clean_first' from command line to 'False'
[0.401s] Level 5:colcon.colcon_core.verb:set package 'py_pubsub' build argument 'cmake_force_configure' from command line to 'False'
[0.401s] Level 5:colcon.colcon_core.verb:set package 'py_pubsub' build argument 'ament_cmake_args' from command line to 'None'
[0.401s] Level 5:colcon.colcon_core.verb:set package 'py_pubsub' build argument 'catkin_cmake_args' from command line to 'None'
[0.401s] Level 5:colcon.colcon_core.verb:set package 'py_pubsub' build argument 'catkin_skip_building_tests' from command line to 'False'
[0.401s] DEBUG:colcon.colcon_core.verb:Building package 'py_pubsub' with the following arguments: {'ament_cmake_args': None, 'build_base': '/home/bhimirs/Documents/robotics/ros-lab-2-siddhu/build/py_pubsub', 'catkin_cmake_args': None, 'catkin_skip_building_tests': False, 'cmake_args': ['-DBUILD_TESTING=ON'], 'cmake_clean_cache': False, 'cmake_clean_first': False, 'cmake_force_configure': False, 'cmake_target': None, 'cmake_target_skip_unavailable': False, 'install_base': '/home/bhimirs/Documents/robotics/ros-lab-2-siddhu/install/py_pubsub', 'merge_install': False, 'path': '/home/bhimirs/Documents/robotics/ros-lab-2-siddhu/py_pubsub', 'symlink_install': False, 'test_result_base': None}
[0.401s] Level 5:colcon.colcon_core.verb:set package 'ros_gz_app' build argument 'cmake_args' from command line to '['-DBUILD_TESTING=ON']'
[0.401s] Level 5:colcon.colcon_core.verb:set package 'ros_gz_app' build argument 'cmake_target' from command line to 'None'
[0.401s] Level 5:colcon.colcon_core.verb:set package 'ros_gz_app' build argument 'cmake_target_skip_unavailable' from command line to 'False'
[0.401s] Level 5:colcon.colcon_core.verb:set package 'ros_gz_app' build argument 'cmake_clean_cache' from command line to 'False'
[0.401s] Level 5:colcon.colcon_core.verb:set package 'ros_gz_app' build argument 'cmake_clean_first' from command line to 'False'
[0.401s] Level 5:colcon.colcon_core.verb:set package 'ros_gz_app' build argument 'cmake_force_configure' from command line to 'False'
[0.401s] Level 5:colcon.colcon_core.verb:set package 'ros_gz_app' build argument 'ament_cmake_args' from command line to 'None'
[0.401s] Level 5:colcon.colcon_core.verb:set package 'ros_gz_app' build argument 'catkin_cmake_args' from command line to 'None'
[0.401s] Level 5:colcon.colcon_core.verb:set package 'ros_gz_app' build argument 'catkin_skip_building_tests' from command line to 'False'
[0.401s] DEBUG:colcon.colcon_core.verb:Building package 'ros_gz_app' with the following arguments: {'ament_cmake_args': None, 'build_base': '/home/bhimirs/Documents/robotics/ros-lab-2-siddhu/build/ros_gz_app', 'catkin_cmake_args': None, 'catkin_skip_building_tests': False, 'cmake_args': ['-DBUILD_TESTING=ON'], 'cmake_clean_cache': False, 'cmake_clean_first': False, 'cmake_force_configure': False, 'cmake_target': None, 'cmake_target_skip_unavailable': False, 'install_base': '/home/bhimirs/Documents/robotics/ros-lab-2-siddhu/install/ros_gz_app', 'merge_install': False, 'path': '/home/bhimirs/Documents/robotics/ros-lab-2-siddhu/ros_gz_app', 'symlink_install': False, 'test_result_base': None}
[0.401s] Level 5:colcon.colcon_core.verb:set package 'ros_gz_description' build argument 'cmake_args' from command line to '['-DBUILD_TESTING=ON']'
[0.401s] Level 5:colcon.colcon_core.verb:set package 'ros_gz_description' build argument 'cmake_target' from command line to 'None'
[0.401s] Level 5:colcon.colcon_core.verb:set package 'ros_gz_description' build argument 'cmake_target_skip_unavailable' from command line to 'False'
[0.401s] Level 5:colcon.colcon_core.verb:set package 'ros_gz_description' build argument 'cmake_clean_cache' from command line to 'False'
[0.401s] Level 5:colcon.colcon_core.verb:set package 'ros_gz_description' build argument 'cmake_clean_first' from command line to 'False'
[0.401s] Level 5:colcon.colcon_core.verb:set package 'ros_gz_description' build argument 'cmake_force_configure' from command line to 'False'
[0.401s] Level 5:colcon.colcon_core.verb:set package 'ros_gz_description' build argument 'ament_cmake_args' from command line to 'None'
[0.401s] Level 5:colcon.colcon_core.verb:set package 'ros_gz_description' build argument 'catkin_cmake_args' from command line to 'None'
[0.401s] Level 5:colcon.colcon_core.verb:set package 'ros_gz_description' build argument 'catkin_skip_building_tests' from command line to 'False'
[0.401s] DEBUG:colcon.colcon_core.verb:Building package 'ros_gz_description' with the following arguments: {'ament_cmake_args': None, 'build_base': '/home/bhimirs/Documents/robotics/ros-lab-2-siddhu/build/ros_gz_description', 'catkin_cmake_args': None, 'catkin_skip_building_tests': False, 'cmake_args': ['-DBUILD_TESTING=ON'], 'cmake_clean_cache': False, 'cmake_clean_first': False, 'cmake_force_configure': False, 'cmake_target': None, 'cmake_target_skip_unavailable': False, 'install_base': '/home/bhimirs/Documents/robotics/ros-lab-2-siddhu/install/ros_gz_description', 'merge_install': False, 'path': '/home/bhimirs/Documents/robotics/ros-lab-2-siddhu/ros_gz_description', 'symlink_install': False, 'test_result_base': None}
[0.401s] Level 5:colcon.colcon_core.verb:set package 'ros_gz_gazebo' build argument 'cmake_args' from command line to '['-DBUILD_TESTING=ON']'
[0.401s] Level 5:colcon.colcon_core.verb:set package 'ros_gz_gazebo' build argument 'cmake_target' from command line to 'None'
[0.402s] Level 5:colcon.colcon_core.verb:set package 'ros_gz_gazebo' build argument 'cmake_target_skip_unavailable' from command line to 'False'
[0.402s] Level 5:colcon.colcon_core.verb:set package 'ros_gz_gazebo' build argument 'cmake_clean_cache' from command line to 'False'
[0.402s] Level 5:colcon.colcon_core.verb:set package 'ros_gz_gazebo' build argument 'cmake_clean_first' from command line to 'False'
[0.402s] Level 5:colcon.colcon_core.verb:set package 'ros_gz_gazebo' build argument 'cmake_force_configure' from command line to 'False'
[0.402s] Level 5:colcon.colcon_core.verb:set package 'ros_gz_gazebo' build argument 'ament_cmake_args' from command line to 'None'
[0.402s] Level 5:colcon.colcon_core.verb:set package 'ros_gz_gazebo' build argument 'catkin_cmake_args' from command line to 'None'
[0.402s] Level 5:colcon.colcon_core.verb:set package 'ros_gz_gazebo' build argument 'catkin_skip_building_tests' from command line to 'False'
[0.402s] DEBUG:colcon.colcon_core.verb:Building package 'ros_gz_gazebo' with the following arguments: {'ament_cmake_args': None, 'build_base': '/home/bhimirs/Documents/robotics/ros-lab-2-siddhu/build/ros_gz_gazebo', 'catkin_cmake_args': None, 'catkin_skip_building_tests': False, 'cmake_args': ['-DBUILD_TESTING=ON'], 'cmake_clean_cache': False, 'cmake_clean_first': False, 'cmake_force_configure': False, 'cmake_target': None, 'cmake_target_skip_unavailable': False, 'install_base': '/home/bhimirs/Documents/robotics/ros-lab-2-siddhu/install/ros_gz_gazebo', 'merge_install': False, 'path': '/home/bhimirs/Documents/robotics/ros-lab-2-siddhu/ros_gz_gazebo', 'symlink_install': False, 'test_result_base': None}
[0.402s] Level 5:colcon.colcon_core.verb:set package 'ros_gz_bringup' build argument 'cmake_args' from command line to '['-DBUILD_TESTING=ON']'
[0.402s] Level 5:colcon.colcon_core.verb:set package 'ros_gz_bringup' build argument 'cmake_target' from command line to 'None'
[0.402s] Level 5:colcon.colcon_core.verb:set package 'ros_gz_bringup' build argument 'cmake_target_skip_unavailable' from command line to 'False'
[0.402s] Level 5:colcon.colcon_core.verb:set package 'ros_gz_bringup' build argument 'cmake_clean_cache' from command line to 'False'
[0.402s] Level 5:colcon.colcon_core.verb:set package 'ros_gz_bringup' build argument 'cmake_clean_first' from command line to 'False'
[0.402s] Level 5:colcon.colcon_core.verb:set package 'ros_gz_bringup' build argument 'cmake_force_configure' from command line to 'False'
[0.402s] Level 5:colcon.colcon_core.verb:set package 'ros_gz_bringup' build argument 'ament_cmake_args' from command line to 'None'
[0.402s] Level 5:colcon.colcon_core.verb:set package 'ros_gz_bringup' build argument 'catkin_cmake_args' from command line to 'None'
[0.402s] Level 5:colcon.colcon_core.verb:set package 'ros_gz_bringup' build argument 'catkin_skip_building_tests' from command line to 'False'
[0.402s] DEBUG:colcon.colcon_core.verb:Building package 'ros_gz_bringup' with the following arguments: {'ament_cmake_args': None, 'build_base': '/home/bhimirs/Documents/robotics/ros-lab-2-siddhu/build/ros_gz_bringup', 'catkin_cmake_args': None, 'catkin_skip_building_tests': False, 'cmake_args': ['-DBUILD_TESTING=ON'], 'cmake_clean_cache': False, 'cmake_clean_first': False, 'cmake_force_configure': False, 'cmake_target': None, 'cmake_target_skip_unavailable': False, 'install_base': '/home/bhimirs/Documents/robotics/ros-lab-2-siddhu/install/ros_gz_bringup', 'merge_install': False, 'path': '/home/bhimirs/Documents/robotics/ros-lab-2-siddhu/ros_gz_bringup', 'symlink_install': False, 'test_result_base': None}
[0.402s] INFO:colcon.colcon_core.executor:Executing jobs using 'parallel' executor
[0.402s] DEBUG:colcon.colcon_parallel_executor.executor.parallel:run_until_complete
[0.402s] INFO:colcon.colcon_ros.task.ament_cmake.build:Building ROS package in '/home/bhimirs/Documents/robotics/ros-lab-2-siddhu/ros_gz_description' with build type 'ament_cmake'
[0.402s] INFO:colcon.colcon_cmake.task.cmake.build:Building CMake package in '/home/bhimirs/Documents/robotics/ros-lab-2-siddhu/ros_gz_description'
[0.404s] INFO:colcon.colcon_core.plugin_system:Skipping extension 'colcon_core.shell.bat': Not used on non-Windows systems
[0.404s] INFO:colcon.colcon_core.shell:Skip shell extension 'powershell' for command environment: Not usable outside of PowerShell
[0.404s] DEBUG:colcon.colcon_core.shell:Skip shell extension 'dsv' for command environment
[0.412s] INFO:colcon.colcon_ros.task.ament_python.build:Building ROS package in '/home/bhimirs/Documents/robotics/ros-lab-2-siddhu/py_pubsub' with build type 'ament_python'
[0.412s] Level 1:colcon.colcon_core.shell:create_environment_hook('py_pubsub', 'ament_prefix_path')
[0.412s] INFO:colcon.colcon_core.shell:Creating environment hook '/home/bhimirs/Documents/robotics/ros-lab-2-siddhu/install/py_pubsub/share/py_pubsub/hook/ament_prefix_path.ps1'
[0.415s] INFO:colcon.colcon_core.shell:Creating environment descriptor '/home/bhimirs/Documents/robotics/ros-lab-2-siddhu/install/py_pubsub/share/py_pubsub/hook/ament_prefix_path.dsv'
[0.417s] INFO:colcon.colcon_core.shell:Creating environment hook '/home/bhimirs/Documents/robotics/ros-lab-2-siddhu/install/py_pubsub/share/py_pubsub/hook/ament_prefix_path.sh'
[0.420s] INFO:colcon.colcon_core.shell:Skip shell extension 'powershell' for command environment: Not usable outside of PowerShell
[0.420s] DEBUG:colcon.colcon_core.shell:Skip shell extension 'dsv' for command environment
[0.431s] INFO:colcon.colcon_ros.task.ament_cmake.build:Building ROS package in '/home/bhimirs/Documents/robotics/ros-lab-2-siddhu/ros_gz_app' with build type 'ament_cmake'
[0.431s] INFO:colcon.colcon_cmake.task.cmake.build:Building CMake package in '/home/bhimirs/Documents/robotics/ros-lab-2-siddhu/ros_gz_app'
[0.431s] INFO:colcon.colcon_core.shell:Skip shell extension 'powershell' for command environment: Not usable outside of PowerShell
[0.431s] DEBUG:colcon.colcon_core.shell:Skip shell extension 'dsv' for command environment
[0.462s] DEBUG:colcon.colcon_core.event_handler.log_command:Invoking command in '/home/bhimirs/Documents/robotics/ros-lab-2-siddhu/build/ros_gz_description': CMAKE_PREFIX_PATH=${CMAKE_PREFIX_PATH}:/home/bhimirs/Documents/robotics/ros-lab-2-siddhu/install/py_pubsub:/opt/ros/jazzy CONDA_PROMPT_MODIFIER=(base) PS1=<ROS2-Jazzy>[\u@\h \W]$ /usr/bin/cmake --build /home/bhimirs/Documents/robotics/ros-lab-2-siddhu/build/ros_gz_description -- -j28 -l28
[0.615s] INFO:colcon.colcon_core.task.python.build:Building Python package in '/home/bhimirs/Documents/robotics/ros-lab-2-siddhu/py_pubsub'
[0.615s] INFO:colcon.colcon_core.shell:Skip shell extension 'powershell' for command environment: Not usable outside of PowerShell
[0.615s] DEBUG:colcon.colcon_core.shell:Skip shell extension 'dsv' for command environment
[0.635s] DEBUG:colcon.colcon_core.event_handler.log_command:Invoking command in '/home/bhimirs/Documents/robotics/ros-lab-2-siddhu/build/ros_gz_app': CMAKE_PREFIX_PATH=${CMAKE_PREFIX_PATH}:/home/bhimirs/Documents/robotics/ros-lab-2-siddhu/install/py_pubsub:/opt/ros/jazzy CONDA_PROMPT_MODIFIER=(base) PS1=<ROS2-Jazzy>[\u@\h \W]$ /usr/bin/cmake --build /home/bhimirs/Documents/robotics/ros-lab-2-siddhu/build/ros_gz_app -- -j28 -l28
[0.636s] DEBUG:colcon.colcon_core.event_handler.log_command:Invoked command in '/home/bhimirs/Documents/robotics/ros-lab-2-siddhu/build/ros_gz_description' returned '0': CMAKE_PREFIX_PATH=${CMAKE_PREFIX_PATH}:/home/bhimirs/Documents/robotics/ros-lab-2-siddhu/install/py_pubsub:/opt/ros/jazzy CONDA_PROMPT_MODIFIER=(base) PS1=<ROS2-Jazzy>[\u@\h \W]$ /usr/bin/cmake --build /home/bhimirs/Documents/robotics/ros-lab-2-siddhu/build/ros_gz_description -- -j28 -l28
[0.642s] DEBUG:colcon.colcon_core.event_handler.log_command:Invoking command in '/home/bhimirs/Documents/robotics/ros-lab-2-siddhu/build/ros_gz_description': CMAKE_PREFIX_PATH=${CMAKE_PREFIX_PATH}:/home/bhimirs/Documents/robotics/ros-lab-2-siddhu/install/py_pubsub:/opt/ros/jazzy CONDA_PROMPT_MODIFIER=(base) PS1=<ROS2-Jazzy>[\u@\h \W]$ /usr/bin/cmake --install /home/bhimirs/Documents/robotics/ros-lab-2-siddhu/build/ros_gz_description
[0.682s] DEBUG:colcon.colcon_core.event_handler.log_command:Invoked command in '/home/bhimirs/Documents/robotics/ros-lab-2-siddhu/build/ros_gz_app' returned '0': CMAKE_PREFIX_PATH=${CMAKE_PREFIX_PATH}:/home/bhimirs/Documents/robotics/ros-lab-2-siddhu/install/py_pubsub:/opt/ros/jazzy CONDA_PROMPT_MODIFIER=(base) PS1=<ROS2-Jazzy>[\u@\h \W]$ /usr/bin/cmake --build /home/bhimirs/Documents/robotics/ros-lab-2-siddhu/build/ros_gz_app -- -j28 -l28
[0.684s] DEBUG:colcon.colcon_core.event_handler.log_command:Invoking command in '/home/bhimirs/Documents/robotics/ros-lab-2-siddhu/build/ros_gz_app': CMAKE_PREFIX_PATH=${CMAKE_PREFIX_PATH}:/home/bhimirs/Documents/robotics/ros-lab-2-siddhu/install/py_pubsub:/opt/ros/jazzy CONDA_PROMPT_MODIFIER=(base) PS1=<ROS2-Jazzy>[\u@\h \W]$ /usr/bin/cmake --install /home/bhimirs/Documents/robotics/ros-lab-2-siddhu/build/ros_gz_app
[0.689s] Level 1:colcon.colcon_core.environment:create_environment_scripts_only(ros_gz_description)
[0.689s] DEBUG:colcon.colcon_core.event_handler.log_command:Invoked command in '/home/bhimirs/Documents/robotics/ros-lab-2-siddhu/build/ros_gz_description' returned '0': CMAKE_PREFIX_PATH=${CMAKE_PREFIX_PATH}:/home/bhimirs/Documents/robotics/ros-lab-2-siddhu/install/py_pubsub:/opt/ros/jazzy CONDA_PROMPT_MODIFIER=(base) PS1=<ROS2-Jazzy>[\u@\h \W]$ /usr/bin/cmake --install /home/bhimirs/Documents/robotics/ros-lab-2-siddhu/build/ros_gz_description
[0.690s] Level 1:colcon.colcon_core.environment:checking '/home/bhimirs/Documents/robotics/ros-lab-2-siddhu/install/ros_gz_description' for CMake module files
[0.691s] Level 1:colcon.colcon_core.environment:checking '/home/bhimirs/Documents/robotics/ros-lab-2-siddhu/install/ros_gz_description' for CMake config files
[0.693s] Level 1:colcon.colcon_core.shell:create_environment_hook('ros_gz_description', 'cmake_prefix_path')
[0.693s] INFO:colcon.colcon_core.shell:Creating environment hook '/home/bhimirs/Documents/robotics/ros-lab-2-siddhu/install/ros_gz_description/share/ros_gz_description/hook/cmake_prefix_path.ps1'
[0.695s] INFO:colcon.colcon_core.shell:Creating environment descriptor '/home/bhimirs/Documents/robotics/ros-lab-2-siddhu/install/ros_gz_description/share/ros_gz_description/hook/cmake_prefix_path.dsv'
[0.697s] INFO:colcon.colcon_core.shell:Creating environment hook '/home/bhimirs/Documents/robotics/ros-lab-2-siddhu/install/ros_gz_description/share/ros_gz_description/hook/cmake_prefix_path.sh'
[0.700s] Level 1:colcon.colcon_core.environment:checking '/home/bhimirs/Documents/robotics/ros-lab-2-siddhu/install/ros_gz_description/bin'
[0.700s] Level 1:colcon.colcon_core.environment:checking '/home/bhimirs/Documents/robotics/ros-lab-2-siddhu/install/ros_gz_description/lib/pkgconfig/ros_gz_description.pc'
[0.700s] Level 1:colcon.colcon_core.environment:checking '/home/bhimirs/Documents/robotics/ros-lab-2-siddhu/install/ros_gz_description/lib/python3.12/site-packages'
[0.700s] Level 1:colcon.colcon_core.environment:checking '/home/bhimirs/Documents/robotics/ros-lab-2-siddhu/install/ros_gz_description/bin'
[0.700s] INFO:colcon.colcon_core.shell:Creating package script '/home/bhimirs/Documents/robotics/ros-lab-2-siddhu/install/ros_gz_description/share/ros_gz_description/package.ps1'
[0.702s] INFO:colcon.colcon_core.shell:Creating package descriptor '/home/bhimirs/Documents/robotics/ros-lab-2-siddhu/install/ros_gz_description/share/ros_gz_description/package.dsv'
[0.704s] INFO:colcon.colcon_core.shell:Creating package script '/home/bhimirs/Documents/robotics/ros-lab-2-siddhu/install/ros_gz_description/share/ros_gz_description/package.sh'
[0.706s] INFO:colcon.colcon_core.shell:Creating package script '/home/bhimirs/Documents/robotics/ros-lab-2-siddhu/install/ros_gz_description/share/ros_gz_description/package.bash'
[0.708s] INFO:colcon.colcon_core.shell:Creating package script '/home/bhimirs/Documents/robotics/ros-lab-2-siddhu/install/ros_gz_description/share/ros_gz_description/package.zsh'
[0.710s] Level 1:colcon.colcon_core.environment:create_file_with_runtime_dependencies(/home/bhimirs/Documents/robotics/ros-lab-2-siddhu/install/ros_gz_description/share/colcon-core/packages/ros_gz_description)
[0.711s] Level 1:colcon.colcon_core.environment:create_environment_scripts_only(ros_gz_description)
[0.711s] Level 1:colcon.colcon_core.environment:checking '/home/bhimirs/Documents/robotics/ros-lab-2-siddhu/install/ros_gz_description' for CMake module files
[0.712s] Level 1:colcon.colcon_core.environment:checking '/home/bhimirs/Documents/robotics/ros-lab-2-siddhu/install/ros_gz_description' for CMake config files
[0.714s] Level 1:colcon.colcon_core.shell:create_environment_hook('ros_gz_description', 'cmake_prefix_path')
[0.714s] INFO:colcon.colcon_core.shell:Creating environment hook '/home/bhimirs/Documents/robotics/ros-lab-2-siddhu/install/ros_gz_description/share/ros_gz_description/hook/cmake_prefix_path.ps1'
[0.716s] INFO:colcon.colcon_core.shell:Creating environment descriptor '/home/bhimirs/Documents/robotics/ros-lab-2-siddhu/install/ros_gz_description/share/ros_gz_description/hook/cmake_prefix_path.dsv'
[0.719s] INFO:colcon.colcon_core.shell:Creating environment hook '/home/bhimirs/Documents/robotics/ros-lab-2-siddhu/install/ros_gz_description/share/ros_gz_description/hook/cmake_prefix_path.sh'
[0.721s] Level 1:colcon.colcon_core.environment:checking '/home/bhimirs/Documents/robotics/ros-lab-2-siddhu/install/ros_gz_description/bin'
[0.721s] Level 1:colcon.colcon_core.environment:checking '/home/bhimirs/Documents/robotics/ros-lab-2-siddhu/install/ros_gz_description/lib/pkgconfig/ros_gz_description.pc'
[0.721s] Level 1:colcon.colcon_core.environment:checking '/home/bhimirs/Documents/robotics/ros-lab-2-siddhu/install/ros_gz_description/lib/python3.12/site-packages'
[0.721s] Level 1:colcon.colcon_core.environment:checking '/home/bhimirs/Documents/robotics/ros-lab-2-siddhu/install/ros_gz_description/bin'
[0.721s] INFO:colcon.colcon_core.shell:Creating package script '/home/bhimirs/Documents/robotics/ros-lab-2-siddhu/install/ros_gz_description/share/ros_gz_description/package.ps1'
[0.723s] INFO:colcon.colcon_core.shell:Creating package descriptor '/home/bhimirs/Documents/robotics/ros-lab-2-siddhu/install/ros_gz_description/share/ros_gz_description/package.dsv'
[0.725s] INFO:colcon.colcon_core.shell:Creating package script '/home/bhimirs/Documents/robotics/ros-lab-2-siddhu/install/ros_gz_description/share/ros_gz_description/package.sh'
[0.727s] INFO:colcon.colcon_core.shell:Creating package script '/home/bhimirs/Documents/robotics/ros-lab-2-siddhu/install/ros_gz_description/share/ros_gz_description/package.bash'
[0.729s] INFO:colcon.colcon_core.shell:Creating package script '/home/bhimirs/Documents/robotics/ros-lab-2-siddhu/install/ros_gz_description/share/ros_gz_description/package.zsh'
[0.731s] Level 1:colcon.colcon_core.environment:create_file_with_runtime_dependencies(/home/bhimirs/Documents/robotics/ros-lab-2-siddhu/install/ros_gz_description/share/colcon-core/packages/ros_gz_description)
[0.732s] INFO:colcon.colcon_ros.task.ament_cmake.build:Building ROS package in '/home/bhimirs/Documents/robotics/ros-lab-2-siddhu/ros_gz_gazebo' with build type 'ament_cmake'
[0.732s] INFO:colcon.colcon_cmake.task.cmake.build:Building CMake package in '/home/bhimirs/Documents/robotics/ros-lab-2-siddhu/ros_gz_gazebo'
[0.732s] INFO:colcon.colcon_core.shell:Skip shell extension 'powershell' for command environment: Not usable outside of PowerShell
[0.732s] DEBUG:colcon.colcon_core.shell:Skip shell extension 'dsv' for command environment
[0.740s] Level 1:colcon.colcon_core.environment:create_environment_scripts_only(ros_gz_app)
[0.740s] Level 1:colcon.colcon_core.environment:checking '/home/bhimirs/Documents/robotics/ros-lab-2-siddhu/install/ros_gz_app' for CMake module files
[0.740s] DEBUG:colcon.colcon_core.event_handler.log_command:Invoked command in '/home/bhimirs/Documents/robotics/ros-lab-2-siddhu/build/ros_gz_app' returned '0': CMAKE_PREFIX_PATH=${CMAKE_PREFIX_PATH}:/home/bhimirs/Documents/robotics/ros-lab-2-siddhu/install/py_pubsub:/opt/ros/jazzy CONDA_PROMPT_MODIFIER=(base) PS1=<ROS2-Jazzy>[\u@\h \W]$ /usr/bin/cmake --install /home/bhimirs/Documents/robotics/ros-lab-2-siddhu/build/ros_gz_app
[0.741s] Level 1:colcon.colcon_core.environment:checking '/home/bhimirs/Documents/robotics/ros-lab-2-siddhu/install/ros_gz_app' for CMake config files
[0.742s] Level 1:colcon.colcon_core.shell:create_environment_hook('ros_gz_app', 'cmake_prefix_path')
[0.743s] INFO:colcon.colcon_core.shell:Creating environment hook '/home/bhimirs/Documents/robotics/ros-lab-2-siddhu/install/ros_gz_app/share/ros_gz_app/hook/cmake_prefix_path.ps1'
[0.745s] INFO:colcon.colcon_core.shell:Creating environment descriptor '/home/bhimirs/Documents/robotics/ros-lab-2-siddhu/install/ros_gz_app/share/ros_gz_app/hook/cmake_prefix_path.dsv'
[0.747s] INFO:colcon.colcon_core.shell:Creating environment hook '/home/bhimirs/Documents/robotics/ros-lab-2-siddhu/install/ros_gz_app/share/ros_gz_app/hook/cmake_prefix_path.sh'
[0.749s] Level 1:colcon.colcon_core.environment:checking '/home/bhimirs/Documents/robotics/ros-lab-2-siddhu/install/ros_gz_app/bin'
[0.749s] Level 1:colcon.colcon_core.environment:checking '/home/bhimirs/Documents/robotics/ros-lab-2-siddhu/install/ros_gz_app/lib/pkgconfig/ros_gz_app.pc'
[0.749s] Level 1:colcon.colcon_core.environment:checking '/home/bhimirs/Documents/robotics/ros-lab-2-siddhu/install/ros_gz_app/lib/python3.12/site-packages'
[0.749s] Level 1:colcon.colcon_core.environment:checking '/home/bhimirs/Documents/robotics/ros-lab-2-siddhu/install/ros_gz_app/bin'
[0.750s] INFO:colcon.colcon_core.shell:Creating package script '/home/bhimirs/Documents/robotics/ros-lab-2-siddhu/install/ros_gz_app/share/ros_gz_app/package.ps1'
[0.752s] INFO:colcon.colcon_core.shell:Creating package descriptor '/home/bhimirs/Documents/robotics/ros-lab-2-siddhu/install/ros_gz_app/share/ros_gz_app/package.dsv'
[0.754s] INFO:colcon.colcon_core.shell:Creating package script '/home/bhimirs/Documents/robotics/ros-lab-2-siddhu/install/ros_gz_app/share/ros_gz_app/package.sh'
[0.756s] INFO:colcon.colcon_core.shell:Creating package script '/home/bhimirs/Documents/robotics/ros-lab-2-siddhu/install/ros_gz_app/share/ros_gz_app/package.bash'
[0.758s] INFO:colcon.colcon_core.shell:Creating package script '/home/bhimirs/Documents/robotics/ros-lab-2-siddhu/install/ros_gz_app/share/ros_gz_app/package.zsh'
[0.760s] Level 1:colcon.colcon_core.environment:create_file_with_runtime_dependencies(/home/bhimirs/Documents/robotics/ros-lab-2-siddhu/install/ros_gz_app/share/colcon-core/packages/ros_gz_app)
[0.762s] Level 1:colcon.colcon_core.environment:create_environment_scripts_only(ros_gz_app)
[0.762s] Level 1:colcon.colcon_core.environment:checking '/home/bhimirs/Documents/robotics/ros-lab-2-siddhu/install/ros_gz_app' for CMake module files
[0.762s] Level 1:colcon.colcon_core.environment:checking '/home/bhimirs/Documents/robotics/ros-lab-2-siddhu/install/ros_gz_app' for CMake config files
[0.763s] Level 1:colcon.colcon_core.shell:create_environment_hook('ros_gz_app', 'cmake_prefix_path')
[0.763s] INFO:colcon.colcon_core.shell:Creating environment hook '/home/bhimirs/Documents/robotics/ros-lab-2-siddhu/install/ros_gz_app/share/ros_gz_app/hook/cmake_prefix_path.ps1'
[0.766s] INFO:colcon.colcon_core.shell:Creating environment descriptor '/home/bhimirs/Documents/robotics/ros-lab-2-siddhu/install/ros_gz_app/share/ros_gz_app/hook/cmake_prefix_path.dsv'
[0.767s] INFO:colcon.colcon_core.shell:Creating environment hook '/home/bhimirs/Documents/robotics/ros-lab-2-siddhu/install/ros_gz_app/share/ros_gz_app/hook/cmake_prefix_path.sh'
[0.769s] Level 1:colcon.colcon_core.environment:checking '/home/bhimirs/Documents/robotics/ros-lab-2-siddhu/install/ros_gz_app/bin'
[0.769s] Level 1:colcon.colcon_core.environment:checking '/home/bhimirs/Documents/robotics/ros-lab-2-siddhu/install/ros_gz_app/lib/pkgconfig/ros_gz_app.pc'
[0.770s] Level 1:colcon.colcon_core.environment:checking '/home/bhimirs/Documents/robotics/ros-lab-2-siddhu/install/ros_gz_app/lib/python3.12/site-packages'
[0.770s] Level 1:colcon.colcon_core.environment:checking '/home/bhimirs/Documents/robotics/ros-lab-2-siddhu/install/ros_gz_app/bin'
[0.770s] INFO:colcon.colcon_core.shell:Creating package script '/home/bhimirs/Documents/robotics/ros-lab-2-siddhu/install/ros_gz_app/share/ros_gz_app/package.ps1'
[0.772s] INFO:colcon.colcon_core.shell:Creating package descriptor '/home/bhimirs/Documents/robotics/ros-lab-2-siddhu/install/ros_gz_app/share/ros_gz_app/package.dsv'
[0.774s] INFO:colcon.colcon_core.shell:Creating package script '/home/bhimirs/Documents/robotics/ros-lab-2-siddhu/install/ros_gz_app/share/ros_gz_app/package.sh'
[0.776s] INFO:colcon.colcon_core.shell:Creating package script '/home/bhimirs/Documents/robotics/ros-lab-2-siddhu/install/ros_gz_app/share/ros_gz_app/package.bash'
[0.778s] INFO:colcon.colcon_core.shell:Creating package script '/home/bhimirs/Documents/robotics/ros-lab-2-siddhu/install/ros_gz_app/share/ros_gz_app/package.zsh'
[0.781s] Level 1:colcon.colcon_core.environment:create_file_with_runtime_dependencies(/home/bhimirs/Documents/robotics/ros-lab-2-siddhu/install/ros_gz_app/share/colcon-core/packages/ros_gz_app)
[0.791s] DEBUG:colcon.colcon_core.event_handler.log_command:Invoking command in '/home/bhimirs/Documents/robotics/ros-lab-2-siddhu/build/ros_gz_gazebo': CMAKE_PREFIX_PATH=/home/bhimirs/Documents/robotics/ros-lab-2-siddhu/install/ros_gz_description:/home/bhimirs/Documents/robotics/ros-lab-2-siddhu/install/ros_gz_bringup:/home/bhimirs/Documents/robotics/ros-lab-2-siddhu/install/ros_gz_gazebo:/home/bhimirs/Documents/robotics/ros-lab-2-siddhu/install/ros_gz_app:/opt/ros/jazzy/opt/gz_sim_vendor:/opt/ros/jazzy/opt/gz_sensors_vendor:/opt/ros/jazzy/opt/gz_physics_vendor:/opt/ros/jazzy/opt/sdformat_vendor:/opt/ros/jazzy/opt/gz_gui_vendor:/opt/ros/jazzy/opt/gz_transport_vendor:/opt/ros/jazzy/opt/gz_rendering_vendor:/opt/ros/jazzy/opt/gz_plugin_vendor:/opt/ros/jazzy/opt/gz_fuel_tools_vendor:/opt/ros/jazzy/opt/gz_msgs_vendor:/opt/ros/jazzy/opt/gz_common_vendor:/opt/ros/jazzy/opt/gz_math_vendor:/opt/ros/jazzy/opt/gz_utils_vendor:/opt/ros/jazzy/opt/gz_tools_vendor:/opt/ros/jazzy/opt/gz_ogre_next_vendor:/opt/ros/jazzy/opt/gz_dartsim_vendor:/opt/ros/jazzy/opt/gz_cmake_vendor:/home/bhimirs/Documents/robotics/ros-lab-2-siddhu/install/py_pubsub:/opt/ros/jazzy CONDA_PROMPT_MODIFIER=(base) PS1=<ROS2-Jazzy>[\u@\h \W]$ /usr/bin/cmake --build /home/bhimirs/Documents/robotics/ros-lab-2-siddhu/build/ros_gz_gazebo -- -j28 -l28
[0.881s] DEBUG:colcon.colcon_core.event_handler.log_command:Invoked command in '/home/bhimirs/Documents/robotics/ros-lab-2-siddhu/build/ros_gz_gazebo' returned '0': CMAKE_PREFIX_PATH=/home/bhimirs/Documents/robotics/ros-lab-2-siddhu/install/ros_gz_description:/home/bhimirs/Documents/robotics/ros-lab-2-siddhu/install/ros_gz_bringup:/home/bhimirs/Documents/robotics/ros-lab-2-siddhu/install/ros_gz_gazebo:/home/bhimirs/Documents/robotics/ros-lab-2-siddhu/install/ros_gz_app:/opt/ros/jazzy/opt/gz_sim_vendor:/opt/ros/jazzy/opt/gz_sensors_vendor:/opt/ros/jazzy/opt/gz_physics_vendor:/opt/ros/jazzy/opt/sdformat_vendor:/opt/ros/jazzy/opt/gz_gui_vendor:/opt/ros/jazzy/opt/gz_transport_vendor:/opt/ros/jazzy/opt/gz_rendering_vendor:/opt/ros/jazzy/opt/gz_plugin_vendor:/opt/ros/jazzy/opt/gz_fuel_tools_vendor:/opt/ros/jazzy/opt/gz_msgs_vendor:/opt/ros/jazzy/opt/gz_common_vendor:/opt/ros/jazzy/opt/gz_math_vendor:/opt/ros/jazzy/opt/gz_utils_vendor:/opt/ros/jazzy/opt/gz_tools_vendor:/opt/ros/jazzy/opt/gz_ogre_next_vendor:/opt/ros/jazzy/opt/gz_dartsim_vendor:/opt/ros/jazzy/opt/gz_cmake_vendor:/home/bhimirs/Documents/robotics/ros-lab-2-siddhu/install/py_pubsub:/opt/ros/jazzy CONDA_PROMPT_MODIFIER=(base) PS1=<ROS2-Jazzy>[\u@\h \W]$ /usr/bin/cmake --build /home/bhimirs/Documents/robotics/ros-lab-2-siddhu/build/ros_gz_gazebo -- -j28 -l28
[0.884s] DEBUG:colcon.colcon_core.event_handler.log_command:Invoking command in '/home/bhimirs/Documents/robotics/ros-lab-2-siddhu/build/ros_gz_gazebo': CMAKE_PREFIX_PATH=/home/bhimirs/Documents/robotics/ros-lab-2-siddhu/install/ros_gz_description:/home/bhimirs/Documents/robotics/ros-lab-2-siddhu/install/ros_gz_bringup:/home/bhimirs/Documents/robotics/ros-lab-2-siddhu/install/ros_gz_gazebo:/home/bhimirs/Documents/robotics/ros-lab-2-siddhu/install/ros_gz_app:/opt/ros/jazzy/opt/gz_sim_vendor:/opt/ros/jazzy/opt/gz_sensors_vendor:/opt/ros/jazzy/opt/gz_physics_vendor:/opt/ros/jazzy/opt/sdformat_vendor:/opt/ros/jazzy/opt/gz_gui_vendor:/opt/ros/jazzy/opt/gz_transport_vendor:/opt/ros/jazzy/opt/gz_rendering_vendor:/opt/ros/jazzy/opt/gz_plugin_vendor:/opt/ros/jazzy/opt/gz_fuel_tools_vendor:/opt/ros/jazzy/opt/gz_msgs_vendor:/opt/ros/jazzy/opt/gz_common_vendor:/opt/ros/jazzy/opt/gz_math_vendor:/opt/ros/jazzy/opt/gz_utils_vendor:/opt/ros/jazzy/opt/gz_tools_vendor:/opt/ros/jazzy/opt/gz_ogre_next_vendor:/opt/ros/jazzy/opt/gz_dartsim_vendor:/opt/ros/jazzy/opt/gz_cmake_vendor:/home/bhimirs/Documents/robotics/ros-lab-2-siddhu/install/py_pubsub:/opt/ros/jazzy CONDA_PROMPT_MODIFIER=(base) PS1=<ROS2-Jazzy>[\u@\h \W]$ /usr/bin/cmake --install /home/bhimirs/Documents/robotics/ros-lab-2-siddhu/build/ros_gz_gazebo
[0.960s] Level 1:colcon.colcon_core.environment:create_environment_scripts_only(ros_gz_gazebo)
[0.960s] DEBUG:colcon.colcon_core.event_handler.log_command:Invoked command in '/home/bhimirs/Documents/robotics/ros-lab-2-siddhu/build/ros_gz_gazebo' returned '0': CMAKE_PREFIX_PATH=/home/bhimirs/Documents/robotics/ros-lab-2-siddhu/install/ros_gz_description:/home/bhimirs/Documents/robotics/ros-lab-2-siddhu/install/ros_gz_bringup:/home/bhimirs/Documents/robotics/ros-lab-2-siddhu/install/ros_gz_gazebo:/home/bhimirs/Documents/robotics/ros-lab-2-siddhu/install/ros_gz_app:/opt/ros/jazzy/opt/gz_sim_vendor:/opt/ros/jazzy/opt/gz_sensors_vendor:/opt/ros/jazzy/opt/gz_physics_vendor:/opt/ros/jazzy/opt/sdformat_vendor:/opt/ros/jazzy/opt/gz_gui_vendor:/opt/ros/jazzy/opt/gz_transport_vendor:/opt/ros/jazzy/opt/gz_rendering_vendor:/opt/ros/jazzy/opt/gz_plugin_vendor:/opt/ros/jazzy/opt/gz_fuel_tools_vendor:/opt/ros/jazzy/opt/gz_msgs_vendor:/opt/ros/jazzy/opt/gz_common_vendor:/opt/ros/jazzy/opt/gz_math_vendor:/opt/ros/jazzy/opt/gz_utils_vendor:/opt/ros/jazzy/opt/gz_tools_vendor:/opt/ros/jazzy/opt/gz_ogre_next_vendor:/opt/ros/jazzy/opt/gz_dartsim_vendor:/opt/ros/jazzy/opt/gz_cmake_vendor:/home/bhimirs/Documents/robotics/ros-lab-2-siddhu/install/py_pubsub:/opt/ros/jazzy CONDA_PROMPT_MODIFIER=(base) PS1=<ROS2-Jazzy>[\u@\h \W]$ /usr/bin/cmake --install /home/bhimirs/Documents/robotics/ros-lab-2-siddhu/build/ros_gz_gazebo
[0.960s] Level 1:colcon.colcon_core.environment:checking '/home/bhimirs/Documents/robotics/ros-lab-2-siddhu/install/ros_gz_gazebo' for CMake module files
[0.963s] Level 1:colcon.colcon_core.environment:checking '/home/bhimirs/Documents/robotics/ros-lab-2-siddhu/install/ros_gz_gazebo' for CMake config files
[0.965s] Level 1:colcon.colcon_core.shell:create_environment_hook('ros_gz_gazebo', 'cmake_prefix_path')
[0.966s] INFO:colcon.colcon_core.shell:Creating environment hook '/home/bhimirs/Documents/robotics/ros-lab-2-siddhu/install/ros_gz_gazebo/share/ros_gz_gazebo/hook/cmake_prefix_path.ps1'
[0.968s] INFO:colcon.colcon_core.shell:Creating environment descriptor '/home/bhimirs/Documents/robotics/ros-lab-2-siddhu/install/ros_gz_gazebo/share/ros_gz_gazebo/hook/cmake_prefix_path.dsv'
[0.971s] INFO:colcon.colcon_core.shell:Creating environment hook '/home/bhimirs/Documents/robotics/ros-lab-2-siddhu/install/ros_gz_gazebo/share/ros_gz_gazebo/hook/cmake_prefix_path.sh'
[0.974s] Level 1:colcon.colcon_core.environment:checking '/home/bhimirs/Documents/robotics/ros-lab-2-siddhu/install/ros_gz_gazebo/lib'
[0.974s] Level 1:colcon.colcon_core.environment:checking '/home/bhimirs/Documents/robotics/ros-lab-2-siddhu/install/ros_gz_gazebo/bin'
[0.974s] Level 1:colcon.colcon_core.environment:checking '/home/bhimirs/Documents/robotics/ros-lab-2-siddhu/install/ros_gz_gazebo/lib/pkgconfig/ros_gz_gazebo.pc'
[0.975s] Level 1:colcon.colcon_core.environment:checking '/home/bhimirs/Documents/robotics/ros-lab-2-siddhu/install/ros_gz_gazebo/lib/python3.12/site-packages'
[0.975s] Level 1:colcon.colcon_core.environment:checking '/home/bhimirs/Documents/robotics/ros-lab-2-siddhu/install/ros_gz_gazebo/bin'
[0.975s] INFO:colcon.colcon_core.shell:Creating package script '/home/bhimirs/Documents/robotics/ros-lab-2-siddhu/install/ros_gz_gazebo/share/ros_gz_gazebo/package.ps1'
[0.977s] INFO:colcon.colcon_core.shell:Creating package descriptor '/home/bhimirs/Documents/robotics/ros-lab-2-siddhu/install/ros_gz_gazebo/share/ros_gz_gazebo/package.dsv'
[0.980s] INFO:colcon.colcon_core.shell:Creating package script '/home/bhimirs/Documents/robotics/ros-lab-2-siddhu/install/ros_gz_gazebo/share/ros_gz_gazebo/package.sh'
[0.982s] INFO:colcon.colcon_core.shell:Creating package script '/home/bhimirs/Documents/robotics/ros-lab-2-siddhu/install/ros_gz_gazebo/share/ros_gz_gazebo/package.bash'
[0.984s] INFO:colcon.colcon_core.shell:Creating package script '/home/bhimirs/Documents/robotics/ros-lab-2-siddhu/install/ros_gz_gazebo/share/ros_gz_gazebo/package.zsh'
[0.986s] Level 1:colcon.colcon_core.environment:create_file_with_runtime_dependencies(/home/bhimirs/Documents/robotics/ros-lab-2-siddhu/install/ros_gz_gazebo/share/colcon-core/packages/ros_gz_gazebo)
[0.989s] Level 1:colcon.colcon_core.environment:create_environment_scripts_only(ros_gz_gazebo)
[0.990s] Level 1:colcon.colcon_core.environment:checking '/home/bhimirs/Documents/robotics/ros-lab-2-siddhu/install/ros_gz_gazebo' for CMake module files
[0.991s] Level 1:colcon.colcon_core.environment:checking '/home/bhimirs/Documents/robotics/ros-lab-2-siddhu/install/ros_gz_gazebo' for CMake config files
[0.993s] Level 1:colcon.colcon_core.shell:create_environment_hook('ros_gz_gazebo', 'cmake_prefix_path')
[0.993s] INFO:colcon.colcon_core.shell:Creating environment hook '/home/bhimirs/Documents/robotics/ros-lab-2-siddhu/install/ros_gz_gazebo/share/ros_gz_gazebo/hook/cmake_prefix_path.ps1'
[0.996s] INFO:colcon.colcon_core.shell:Creating environment descriptor '/home/bhimirs/Documents/robotics/ros-lab-2-siddhu/install/ros_gz_gazebo/share/ros_gz_gazebo/hook/cmake_prefix_path.dsv'
[0.999s] INFO:colcon.colcon_core.shell:Creating environment hook '/home/bhimirs/Documents/robotics/ros-lab-2-siddhu/install/ros_gz_gazebo/share/ros_gz_gazebo/hook/cmake_prefix_path.sh'
[1.003s] Level 1:colcon.colcon_core.environment:checking '/home/bhimirs/Documents/robotics/ros-lab-2-siddhu/install/ros_gz_gazebo/lib'
[1.003s] Level 1:colcon.colcon_core.environment:checking '/home/bhimirs/Documents/robotics/ros-lab-2-siddhu/install/ros_gz_gazebo/bin'
[1.003s] Level 1:colcon.colcon_core.environment:checking '/home/bhimirs/Documents/robotics/ros-lab-2-siddhu/install/ros_gz_gazebo/lib/pkgconfig/ros_gz_gazebo.pc'
[1.004s] Level 1:colcon.colcon_core.environment:checking '/home/bhimirs/Documents/robotics/ros-lab-2-siddhu/install/ros_gz_gazebo/lib/python3.12/site-packages'
[1.004s] Level 1:colcon.colcon_core.environment:checking '/home/bhimirs/Documents/robotics/ros-lab-2-siddhu/install/ros_gz_gazebo/bin'
[1.004s] INFO:colcon.colcon_core.shell:Creating package script '/home/bhimirs/Documents/robotics/ros-lab-2-siddhu/install/ros_gz_gazebo/share/ros_gz_gazebo/package.ps1'
[1.008s] INFO:colcon.colcon_core.shell:Creating package descriptor '/home/bhimirs/Documents/robotics/ros-lab-2-siddhu/install/ros_gz_gazebo/share/ros_gz_gazebo/package.dsv'
[1.011s] INFO:colcon.colcon_core.shell:Creating package script '/home/bhimirs/Documents/robotics/ros-lab-2-siddhu/install/ros_gz_gazebo/share/ros_gz_gazebo/package.sh'
[1.013s] INFO:colcon.colcon_core.shell:Creating package script '/home/bhimirs/Documents/robotics/ros-lab-2-siddhu/install/ros_gz_gazebo/share/ros_gz_gazebo/package.bash'
[1.016s] INFO:colcon.colcon_core.shell:Creating package script '/home/bhimirs/Documents/robotics/ros-lab-2-siddhu/install/ros_gz_gazebo/share/ros_gz_gazebo/package.zsh'
[1.019s] Level 1:colcon.colcon_core.environment:create_file_with_runtime_dependencies(/home/bhimirs/Documents/robotics/ros-lab-2-siddhu/install/ros_gz_gazebo/share/colcon-core/packages/ros_gz_gazebo)
[1.022s] INFO:colcon.colcon_ros.task.ament_cmake.build:Building ROS package in '/home/bhimirs/Documents/robotics/ros-lab-2-siddhu/ros_gz_bringup' with build type 'ament_cmake'
[1.022s] INFO:colcon.colcon_cmake.task.cmake.build:Building CMake package in '/home/bhimirs/Documents/robotics/ros-lab-2-siddhu/ros_gz_bringup'
[1.022s] INFO:colcon.colcon_core.shell:Skip shell extension 'powershell' for command environment: Not usable outside of PowerShell
[1.022s] DEBUG:colcon.colcon_core.shell:Skip shell extension 'dsv' for command environment
[1.065s] DEBUG:colcon.colcon_core.event_handler.log_command:Invoking command in '/home/bhimirs/Documents/robotics/ros-lab-2-siddhu/build/ros_gz_bringup': CMAKE_PREFIX_PATH=/home/bhimirs/Documents/robotics/ros-lab-2-siddhu/install/ros_gz_gazebo:/home/bhimirs/Documents/robotics/ros-lab-2-siddhu/install/ros_gz_description:/home/bhimirs/Documents/robotics/ros-lab-2-siddhu/install/ros_gz_bringup:/home/bhimirs/Documents/robotics/ros-lab-2-siddhu/install/ros_gz_app:/opt/ros/jazzy/opt/gz_sim_vendor:/opt/ros/jazzy/opt/gz_sensors_vendor:/opt/ros/jazzy/opt/gz_physics_vendor:/opt/ros/jazzy/opt/sdformat_vendor:/opt/ros/jazzy/opt/gz_gui_vendor:/opt/ros/jazzy/opt/gz_transport_vendor:/opt/ros/jazzy/opt/gz_rendering_vendor:/opt/ros/jazzy/opt/gz_plugin_vendor:/opt/ros/jazzy/opt/gz_fuel_tools_vendor:/opt/ros/jazzy/opt/gz_msgs_vendor:/opt/ros/jazzy/opt/gz_common_vendor:/opt/ros/jazzy/opt/gz_math_vendor:/opt/ros/jazzy/opt/gz_utils_vendor:/opt/ros/jazzy/opt/gz_tools_vendor:/opt/ros/jazzy/opt/gz_ogre_next_vendor:/opt/ros/jazzy/opt/gz_dartsim_vendor:/opt/ros/jazzy/opt/gz_cmake_vendor:/home/bhimirs/Documents/robotics/ros-lab-2-siddhu/install/py_pubsub:/opt/ros/jazzy CONDA_PROMPT_MODIFIER=(base) GZ_SIM_PLUGIN_PATH=/home/bhimirs/Documents/robotics/ros-lab-2-siddhu/install/ros_gz_gazebo/lib/ros_gz_gazebo PS1=<ROS2-Jazzy>[\u@\h \W]$ /usr/bin/cmake --build /home/bhimirs/Documents/robotics/ros-lab-2-siddhu/build/ros_gz_bringup -- -j28 -l28
[1.125s] DEBUG:colcon.colcon_core.event_handler.log_command:Invoked command in '/home/bhimirs/Documents/robotics/ros-lab-2-siddhu/build/ros_gz_bringup' returned '0': CMAKE_PREFIX_PATH=/home/bhimirs/Documents/robotics/ros-lab-2-siddhu/install/ros_gz_gazebo:/home/bhimirs/Documents/robotics/ros-lab-2-siddhu/install/ros_gz_description:/home/bhimirs/Documents/robotics/ros-lab-2-siddhu/install/ros_gz_bringup:/home/bhimirs/Documents/robotics/ros-lab-2-siddhu/install/ros_gz_app:/opt/ros/jazzy/opt/gz_sim_vendor:/opt/ros/jazzy/opt/gz_sensors_vendor:/opt/ros/jazzy/opt/gz_physics_vendor:/opt/ros/jazzy/opt/sdformat_vendor:/opt/ros/jazzy/opt/gz_gui_vendor:/opt/ros/jazzy/opt/gz_transport_vendor:/opt/ros/jazzy/opt/gz_rendering_vendor:/opt/ros/jazzy/opt/gz_plugin_vendor:/opt/ros/jazzy/opt/gz_fuel_tools_vendor:/opt/ros/jazzy/opt/gz_msgs_vendor:/opt/ros/jazzy/opt/gz_common_vendor:/opt/ros/jazzy/opt/gz_math_vendor:/opt/ros/jazzy/opt/gz_utils_vendor:/opt/ros/jazzy/opt/gz_tools_vendor:/opt/ros/jazzy/opt/gz_ogre_next_vendor:/opt/ros/jazzy/opt/gz_dartsim_vendor:/opt/ros/jazzy/opt/gz_cmake_vendor:/home/bhimirs/Documents/robotics/ros-lab-2-siddhu/install/py_pubsub:/opt/ros/jazzy CONDA_PROMPT_MODIFIER=(base) GZ_SIM_PLUGIN_PATH=/home/bhimirs/Documents/robotics/ros-lab-2-siddhu/install/ros_gz_gazebo/lib/ros_gz_gazebo PS1=<ROS2-Jazzy>[\u@\h \W]$ /usr/bin/cmake --build /home/bhimirs/Documents/robotics/ros-lab-2-siddhu/build/ros_gz_bringup -- -j28 -l28
[1.128s] DEBUG:colcon.colcon_core.event_handler.log_command:Invoking command in '/home/bhimirs/Documents/robotics/ros-lab-2-siddhu/build/ros_gz_bringup': CMAKE_PREFIX_PATH=/home/bhimirs/Documents/robotics/ros-lab-2-siddhu/install/ros_gz_gazebo:/home/bhimirs/Documents/robotics/ros-lab-2-siddhu/install/ros_gz_description:/home/bhimirs/Documents/robotics/ros-lab-2-siddhu/install/ros_gz_bringup:/home/bhimirs/Documents/robotics/ros-lab-2-siddhu/install/ros_gz_app:/opt/ros/jazzy/opt/gz_sim_vendor:/opt/ros/jazzy/opt/gz_sensors_vendor:/opt/ros/jazzy/opt/gz_physics_vendor:/opt/ros/jazzy/opt/sdformat_vendor:/opt/ros/jazzy/opt/gz_gui_vendor:/opt/ros/jazzy/opt/gz_transport_vendor:/opt/ros/jazzy/opt/gz_rendering_vendor:/opt/ros/jazzy/opt/gz_plugin_vendor:/opt/ros/jazzy/opt/gz_fuel_tools_vendor:/opt/ros/jazzy/opt/gz_msgs_vendor:/opt/ros/jazzy/opt/gz_common_vendor:/opt/ros/jazzy/opt/gz_math_vendor:/opt/ros/jazzy/opt/gz_utils_vendor:/opt/ros/jazzy/opt/gz_tools_vendor:/opt/ros/jazzy/opt/gz_ogre_next_vendor:/opt/ros/jazzy/opt/gz_dartsim_vendor:/opt/ros/jazzy/opt/gz_cmake_vendor:/home/bhimirs/Documents/robotics/ros-lab-2-siddhu/install/py_pubsub:/opt/ros/jazzy CONDA_PROMPT_MODIFIER=(base) GZ_SIM_PLUGIN_PATH=/home/bhimirs/Documents/robotics/ros-lab-2-siddhu/install/ros_gz_gazebo/lib/ros_gz_gazebo PS1=<ROS2-Jazzy>[\u@\h \W]$ /usr/bin/cmake --install /home/bhimirs/Documents/robotics/ros-lab-2-siddhu/build/ros_gz_bringup
[1.165s] Level 1:colcon.colcon_core.environment:create_environment_scripts_only(ros_gz_bringup)
[1.165s] Level 1:colcon.colcon_core.environment:checking '/home/bhimirs/Documents/robotics/ros-lab-2-siddhu/install/ros_gz_bringup' for CMake module files
[1.166s] DEBUG:colcon.colcon_core.event_handler.log_command:Invoked command in '/home/bhimirs/Documents/robotics/ros-lab-2-siddhu/build/ros_gz_bringup' returned '0': CMAKE_PREFIX_PATH=/home/bhimirs/Documents/robotics/ros-lab-2-siddhu/install/ros_gz_gazebo:/home/bhimirs/Documents/robotics/ros-lab-2-siddhu/install/ros_gz_description:/home/bhimirs/Documents/robotics/ros-lab-2-siddhu/install/ros_gz_bringup:/home/bhimirs/Documents/robotics/ros-lab-2-siddhu/install/ros_gz_app:/opt/ros/jazzy/opt/gz_sim_vendor:/opt/ros/jazzy/opt/gz_sensors_vendor:/opt/ros/jazzy/opt/gz_physics_vendor:/opt/ros/jazzy/opt/sdformat_vendor:/opt/ros/jazzy/opt/gz_gui_vendor:/opt/ros/jazzy/opt/gz_transport_vendor:/opt/ros/jazzy/opt/gz_rendering_vendor:/opt/ros/jazzy/opt/gz_plugin_vendor:/opt/ros/jazzy/opt/gz_fuel_tools_vendor:/opt/ros/jazzy/opt/gz_msgs_vendor:/opt/ros/jazzy/opt/gz_common_vendor:/opt/ros/jazzy/opt/gz_math_vendor:/opt/ros/jazzy/opt/gz_utils_vendor:/opt/ros/jazzy/opt/gz_tools_vendor:/opt/ros/jazzy/opt/gz_ogre_next_vendor:/opt/ros/jazzy/opt/gz_dartsim_vendor:/opt/ros/jazzy/opt/gz_cmake_vendor:/home/bhimirs/Documents/robotics/ros-lab-2-siddhu/install/py_pubsub:/opt/ros/jazzy CONDA_PROMPT_MODIFIER=(base) GZ_SIM_PLUGIN_PATH=/home/bhimirs/Documents/robotics/ros-lab-2-siddhu/install/ros_gz_gazebo/lib/ros_gz_gazebo PS1=<ROS2-Jazzy>[\u@\h \W]$ /usr/bin/cmake --install /home/bhimirs/Documents/robotics/ros-lab-2-siddhu/build/ros_gz_bringup
[1.167s] Level 1:colcon.colcon_core.environment:checking '/home/bhimirs/Documents/robotics/ros-lab-2-siddhu/install/ros_gz_bringup' for CMake config files
[1.168s] Level 1:colcon.colcon_core.shell:create_environment_hook('ros_gz_bringup', 'cmake_prefix_path')
[1.168s] INFO:colcon.colcon_core.shell:Creating environment hook '/home/bhimirs/Documents/robotics/ros-lab-2-siddhu/install/ros_gz_bringup/share/ros_gz_bringup/hook/cmake_prefix_path.ps1'
[1.170s] INFO:colcon.colcon_core.shell:Creating environment descriptor '/home/bhimirs/Documents/robotics/ros-lab-2-siddhu/install/ros_gz_bringup/share/ros_gz_bringup/hook/cmake_prefix_path.dsv'
[1.172s] INFO:colcon.colcon_core.shell:Creating environment hook '/home/bhimirs/Documents/robotics/ros-lab-2-siddhu/install/ros_gz_bringup/share/ros_gz_bringup/hook/cmake_prefix_path.sh'
[1.174s] Level 1:colcon.colcon_core.environment:checking '/home/bhimirs/Documents/robotics/ros-lab-2-siddhu/install/ros_gz_bringup/bin'
[1.174s] Level 1:colcon.colcon_core.environment:checking '/home/bhimirs/Documents/robotics/ros-lab-2-siddhu/install/ros_gz_bringup/lib/pkgconfig/ros_gz_bringup.pc'
[1.174s] Level 1:colcon.colcon_core.environment:checking '/home/bhimirs/Documents/robotics/ros-lab-2-siddhu/install/ros_gz_bringup/lib/python3.12/site-packages'
[1.175s] Level 1:colcon.colcon_core.environment:checking '/home/bhimirs/Documents/robotics/ros-lab-2-siddhu/install/ros_gz_bringup/bin'
[1.175s] INFO:colcon.colcon_core.shell:Creating package script '/home/bhimirs/Documents/robotics/ros-lab-2-siddhu/install/ros_gz_bringup/share/ros_gz_bringup/package.ps1'
[1.177s] INFO:colcon.colcon_core.shell:Creating package descriptor '/home/bhimirs/Documents/robotics/ros-lab-2-siddhu/install/ros_gz_bringup/share/ros_gz_bringup/package.dsv'
[1.178s] INFO:colcon.colcon_core.shell:Creating package script '/home/bhimirs/Documents/robotics/ros-lab-2-siddhu/install/ros_gz_bringup/share/ros_gz_bringup/package.sh'
[1.180s] INFO:colcon.colcon_core.shell:Creating package script '/home/bhimirs/Documents/robotics/ros-lab-2-siddhu/install/ros_gz_bringup/share/ros_gz_bringup/package.bash'
[1.182s] INFO:colcon.colcon_core.shell:Creating package script '/home/bhimirs/Documents/robotics/ros-lab-2-siddhu/install/ros_gz_bringup/share/ros_gz_bringup/package.zsh'
[1.184s] Level 1:colcon.colcon_core.environment:create_file_with_runtime_dependencies(/home/bhimirs/Documents/robotics/ros-lab-2-siddhu/install/ros_gz_bringup/share/colcon-core/packages/ros_gz_bringup)
[1.186s] Level 1:colcon.colcon_core.environment:create_environment_scripts_only(ros_gz_bringup)
[1.186s] Level 1:colcon.colcon_core.environment:checking '/home/bhimirs/Documents/robotics/ros-lab-2-siddhu/install/ros_gz_bringup' for CMake module files
[1.187s] Level 1:colcon.colcon_core.environment:checking '/home/bhimirs/Documents/robotics/ros-lab-2-siddhu/install/ros_gz_bringup' for CMake config files
[1.188s] Level 1:colcon.colcon_core.shell:create_environment_hook('ros_gz_bringup', 'cmake_prefix_path')
[1.188s] INFO:colcon.colcon_core.shell:Creating environment hook '/home/bhimirs/Documents/robotics/ros-lab-2-siddhu/install/ros_gz_bringup/share/ros_gz_bringup/hook/cmake_prefix_path.ps1'
[1.190s] INFO:colcon.colcon_core.shell:Creating environment descriptor '/home/bhimirs/Documents/robotics/ros-lab-2-siddhu/install/ros_gz_bringup/share/ros_gz_bringup/hook/cmake_prefix_path.dsv'
[1.192s] INFO:colcon.colcon_core.shell:Creating environment hook '/home/bhimirs/Documents/robotics/ros-lab-2-siddhu/install/ros_gz_bringup/share/ros_gz_bringup/hook/cmake_prefix_path.sh'
[1.193s] Level 1:colcon.colcon_core.environment:checking '/home/bhimirs/Documents/robotics/ros-lab-2-siddhu/install/ros_gz_bringup/bin'
[1.193s] Level 1:colcon.colcon_core.environment:checking '/home/bhimirs/Documents/robotics/ros-lab-2-siddhu/install/ros_gz_bringup/lib/pkgconfig/ros_gz_bringup.pc'
[1.193s] Level 1:colcon.colcon_core.environment:checking '/home/bhimirs/Documents/robotics/ros-lab-2-siddhu/install/ros_gz_bringup/lib/python3.12/site-packages'
[1.193s] Level 1:colcon.colcon_core.environment:checking '/home/bhimirs/Documents/robotics/ros-lab-2-siddhu/install/ros_gz_bringup/bin'
[1.193s] INFO:colcon.colcon_core.shell:Creating package script '/home/bhimirs/Documents/robotics/ros-lab-2-siddhu/install/ros_gz_bringup/share/ros_gz_bringup/package.ps1'
[1.195s] INFO:colcon.colcon_core.shell:Creating package descriptor '/home/bhimirs/Documents/robotics/ros-lab-2-siddhu/install/ros_gz_bringup/share/ros_gz_bringup/package.dsv'
[1.197s] INFO:colcon.colcon_core.shell:Creating package script '/home/bhimirs/Documents/robotics/ros-lab-2-siddhu/install/ros_gz_bringup/share/ros_gz_bringup/package.sh'
[1.199s] INFO:colcon.colcon_core.shell:Creating package script '/home/bhimirs/Documents/robotics/ros-lab-2-siddhu/install/ros_gz_bringup/share/ros_gz_bringup/package.bash'
[1.200s] INFO:colcon.colcon_core.shell:Creating package script '/home/bhimirs/Documents/robotics/ros-lab-2-siddhu/install/ros_gz_bringup/share/ros_gz_bringup/package.zsh'
[1.202s] Level 1:colcon.colcon_core.environment:create_file_with_runtime_dependencies(/home/bhimirs/Documents/robotics/ros-lab-2-siddhu/install/ros_gz_bringup/share/colcon-core/packages/ros_gz_bringup)
[1.260s] DEBUG:colcon.colcon_core.event_handler.log_command:Invoking command in '/home/bhimirs/Documents/robotics/ros-lab-2-siddhu/py_pubsub': CONDA_PROMPT_MODIFIER=(base) PS1=<ROS2-Jazzy>[\u@\h \W]$ PYTHONPATH=/home/bhimirs/Documents/robotics/ros-lab-2-siddhu/build/py_pubsub/prefix_override:/usr/lib/python3/dist-packages/colcon_core/task/python/colcon_distutils_commands:/home/bhimirs/Documents/robotics/ros-lab-2-siddhu/install/py_pubsub/lib/python3.12/site-packages:${PYTHONPATH} /usr/bin/python3 -W ignore:setup.py install is deprecated -W ignore:easy_install command is deprecated setup.py egg_info --egg-base ../build/py_pubsub build --build-base /home/bhimirs/Documents/robotics/ros-lab-2-siddhu/build/py_pubsub/build install --record /home/bhimirs/Documents/robotics/ros-lab-2-siddhu/build/py_pubsub/install.log --single-version-externally-managed install_data
[1.815s] Level 1:colcon.colcon_core.environment:checking '/home/bhimirs/Documents/robotics/ros-lab-2-siddhu/install/py_pubsub' for CMake module files
[1.815s] DEBUG:colcon.colcon_core.event_handler.log_command:Invoked command in '/home/bhimirs/Documents/robotics/ros-lab-2-siddhu/py_pubsub' returned '0': CONDA_PROMPT_MODIFIER=(base) PS1=<ROS2-Jazzy>[\u@\h \W]$ PYTHONPATH=/home/bhimirs/Documents/robotics/ros-lab-2-siddhu/build/py_pubsub/prefix_override:/usr/lib/python3/dist-packages/colcon_core/task/python/colcon_distutils_commands:/home/bhimirs/Documents/robotics/ros-lab-2-siddhu/install/py_pubsub/lib/python3.12/site-packages:${PYTHONPATH} /usr/bin/python3 -W ignore:setup.py install is deprecated -W ignore:easy_install command is deprecated setup.py egg_info --egg-base ../build/py_pubsub build --build-base /home/bhimirs/Documents/robotics/ros-lab-2-siddhu/build/py_pubsub/build install --record /home/bhimirs/Documents/robotics/ros-lab-2-siddhu/build/py_pubsub/install.log --single-version-externally-managed install_data
[1.816s] Level 1:colcon.colcon_core.environment:checking '/home/bhimirs/Documents/robotics/ros-lab-2-siddhu/install/py_pubsub' for CMake config files
[1.822s] Level 1:colcon.colcon_core.environment:checking '/home/bhimirs/Documents/robotics/ros-lab-2-siddhu/install/py_pubsub/lib'
[1.822s] Level 1:colcon.colcon_core.environment:checking '/home/bhimirs/Documents/robotics/ros-lab-2-siddhu/install/py_pubsub/bin'
[1.822s] Level 1:colcon.colcon_core.environment:checking '/home/bhimirs/Documents/robotics/ros-lab-2-siddhu/install/py_pubsub/lib/pkgconfig/py_pubsub.pc'
[1.822s] Level 1:colcon.colcon_core.environment:checking '/home/bhimirs/Documents/robotics/ros-lab-2-siddhu/install/py_pubsub/lib/python3.12/site-packages'
[1.822s] Level 1:colcon.colcon_core.shell:create_environment_hook('py_pubsub', 'pythonpath')
[1.822s] INFO:colcon.colcon_core.shell:Creating environment hook '/home/bhimirs/Documents/robotics/ros-lab-2-siddhu/install/py_pubsub/share/py_pubsub/hook/pythonpath.ps1'
[1.826s] INFO:colcon.colcon_core.shell:Creating environment descriptor '/home/bhimirs/Documents/robotics/ros-lab-2-siddhu/install/py_pubsub/share/py_pubsub/hook/pythonpath.dsv'
[1.828s] INFO:colcon.colcon_core.shell:Creating environment hook '/home/bhimirs/Documents/robotics/ros-lab-2-siddhu/install/py_pubsub/share/py_pubsub/hook/pythonpath.sh'
[1.831s] Level 1:colcon.colcon_core.environment:checking '/home/bhimirs/Documents/robotics/ros-lab-2-siddhu/install/py_pubsub/bin'
[1.831s] Level 1:colcon.colcon_core.environment:create_environment_scripts_only(py_pubsub)
[1.831s] INFO:colcon.colcon_core.shell:Creating package script '/home/bhimirs/Documents/robotics/ros-lab-2-siddhu/install/py_pubsub/share/py_pubsub/package.ps1'
[1.834s] INFO:colcon.colcon_core.shell:Creating package descriptor '/home/bhimirs/Documents/robotics/ros-lab-2-siddhu/install/py_pubsub/share/py_pubsub/package.dsv'
[1.837s] INFO:colcon.colcon_core.shell:Creating package script '/home/bhimirs/Documents/robotics/ros-lab-2-siddhu/install/py_pubsub/share/py_pubsub/package.sh'
[1.840s] INFO:colcon.colcon_core.shell:Creating package script '/home/bhimirs/Documents/robotics/ros-lab-2-siddhu/install/py_pubsub/share/py_pubsub/package.bash'
[1.843s] INFO:colcon.colcon_core.shell:Creating package script '/home/bhimirs/Documents/robotics/ros-lab-2-siddhu/install/py_pubsub/share/py_pubsub/package.zsh'
[1.846s] Level 1:colcon.colcon_core.environment:create_file_with_runtime_dependencies(/home/bhimirs/Documents/robotics/ros-lab-2-siddhu/install/py_pubsub/share/colcon-core/packages/py_pubsub)
[1.849s] DEBUG:colcon.colcon_parallel_executor.executor.parallel:closing loop
[1.849s] DEBUG:colcon.colcon_parallel_executor.executor.parallel:loop closed
[1.849s] DEBUG:colcon.colcon_parallel_executor.executor.parallel:run_until_complete finished with '0'
[1.849s] DEBUG:colcon.colcon_core.event_reactor:joining thread
[1.877s] INFO:colcon.colcon_core.plugin_system:Skipping extension 'colcon_notification.desktop_notification.notify_send': Could not find 'notify-send'
[1.877s] INFO:colcon.colcon_core.plugin_system:Skipping extension 'colcon_notification.desktop_notification.terminal_notifier': Not used on non-Darwin systems
[1.877s] INFO:colcon.colcon_core.plugin_system:Skipping extension 'colcon_notification.desktop_notification.win32': Not used on non-Windows systems
[1.877s] INFO:colcon.colcon_notification.desktop_notification:Sending desktop notification using 'notify2'
[1.901s] DEBUG:colcon.colcon_core.event_reactor:joined thread
[1.901s] INFO:colcon.colcon_core.shell:Creating prefix script '/home/bhimirs/Documents/robotics/ros-lab-2-siddhu/install/local_setup.ps1'
[1.905s] INFO:colcon.colcon_core.shell:Creating prefix util module '/home/bhimirs/Documents/robotics/ros-lab-2-siddhu/install/_local_setup_util_ps1.py'
[1.908s] INFO:colcon.colcon_core.shell:Creating prefix chain script '/home/bhimirs/Documents/robotics/ros-lab-2-siddhu/install/setup.ps1'
[1.912s] INFO:colcon.colcon_core.shell:Creating prefix script '/home/bhimirs/Documents/robotics/ros-lab-2-siddhu/install/local_setup.sh'
[1.915s] INFO:colcon.colcon_core.shell:Creating prefix util module '/home/bhimirs/Documents/robotics/ros-lab-2-siddhu/install/_local_setup_util_sh.py'
[1.918s] INFO:colcon.colcon_core.shell:Creating prefix chain script '/home/bhimirs/Documents/robotics/ros-lab-2-siddhu/install/setup.sh'
[1.924s] INFO:colcon.colcon_core.shell:Creating prefix script '/home/bhimirs/Documents/robotics/ros-lab-2-siddhu/install/local_setup.bash'
[1.927s] INFO:colcon.colcon_core.shell:Creating prefix chain script '/home/bhimirs/Documents/robotics/ros-lab-2-siddhu/install/setup.bash'
[1.931s] INFO:colcon.colcon_core.shell:Creating prefix script '/home/bhimirs/Documents/robotics/ros-lab-2-siddhu/install/local_setup.zsh'
[1.934s] INFO:colcon.colcon_core.shell:Creating prefix chain script '/home/bhimirs/Documents/robotics/ros-lab-2-siddhu/install/setup.zsh'
