[0.019s] Invoking command in '/home/bhimirs/Documents/robotics/ros-lab-2-siddhu/build/ros_gz_gazebo': CMAKE_PREFIX_PATH=/home/bhimirs/Documents/robotics/ros-lab-2-siddhu/install/ros_gz_description:/opt/ros/jazzy/opt/gz_sim_vendor:/opt/ros/jazzy/opt/gz_sensors_vendor:/opt/ros/jazzy/opt/gz_physics_vendor:/opt/ros/jazzy/opt/sdformat_vendor:/opt/ros/jazzy/opt/gz_gui_vendor:/opt/ros/jazzy/opt/gz_transport_vendor:/opt/ros/jazzy/opt/gz_rendering_vendor:/opt/ros/jazzy/opt/gz_plugin_vendor:/opt/ros/jazzy/opt/gz_fuel_tools_vendor:/opt/ros/jazzy/opt/gz_msgs_vendor:/opt/ros/jazzy/opt/gz_common_vendor:/opt/ros/jazzy/opt/gz_math_vendor:/opt/ros/jazzy/opt/gz_utils_vendor:/opt/ros/jazzy/opt/gz_tools_vendor:/opt/ros/jazzy/opt/gz_ogre_next_vendor:/opt/ros/jazzy/opt/gz_dartsim_vendor:/opt/ros/jazzy/opt/gz_cmake_vendor:/opt/ros/jazzy CONDA_PROMPT_MODIFIER=(base) PS1=<ROS2-Jazzy>[\u@\h \W]$ /usr/bin/cmake --build /home/bhimirs/Documents/robotics/ros-lab-2-siddhu/build/ros_gz_gazebo -- -j28 -l28
[0.154s] [100%] Built target FullSystem
[0.154s] [100%] Built target BasicSystem
[0.179s] Invoked command in '/home/bhimirs/Documents/robotics/ros-lab-2-siddhu/build/ros_gz_gazebo' returned '0': CMAKE_PREFIX_PATH=/home/bhimirs/Documents/robotics/ros-lab-2-siddhu/install/ros_gz_description:/opt/ros/jazzy/opt/gz_sim_vendor:/opt/ros/jazzy/opt/gz_sensors_vendor:/opt/ros/jazzy/opt/gz_physics_vendor:/opt/ros/jazzy/opt/sdformat_vendor:/opt/ros/jazzy/opt/gz_gui_vendor:/opt/ros/jazzy/opt/gz_transport_vendor:/opt/ros/jazzy/opt/gz_rendering_vendor:/opt/ros/jazzy/opt/gz_plugin_vendor:/opt/ros/jazzy/opt/gz_fuel_tools_vendor:/opt/ros/jazzy/opt/gz_msgs_vendor:/opt/ros/jazzy/opt/gz_common_vendor:/opt/ros/jazzy/opt/gz_math_vendor:/opt/ros/jazzy/opt/gz_utils_vendor:/opt/ros/jazzy/opt/gz_tools_vendor:/opt/ros/jazzy/opt/gz_ogre_next_vendor:/opt/ros/jazzy/opt/gz_dartsim_vendor:/opt/ros/jazzy/opt/gz_cmake_vendor:/opt/ros/jazzy CONDA_PROMPT_MODIFIER=(base) PS1=<ROS2-Jazzy>[\u@\h \W]$ /usr/bin/cmake --build /home/bhimirs/Documents/robotics/ros-lab-2-siddhu/build/ros_gz_gazebo -- -j28 -l28
[0.185s] Invoking command in '/home/bhimirs/Documents/robotics/ros-lab-2-siddhu/build/ros_gz_gazebo': CMAKE_PREFIX_PATH=/home/bhimirs/Documents/robotics/ros-lab-2-siddhu/install/ros_gz_description:/opt/ros/jazzy/opt/gz_sim_vendor:/opt/ros/jazzy/opt/gz_sensors_vendor:/opt/ros/jazzy/opt/gz_physics_vendor:/opt/ros/jazzy/opt/sdformat_vendor:/opt/ros/jazzy/opt/gz_gui_vendor:/opt/ros/jazzy/opt/gz_transport_vendor:/opt/ros/jazzy/opt/gz_rendering_vendor:/opt/ros/jazzy/opt/gz_plugin_vendor:/opt/ros/jazzy/opt/gz_fuel_tools_vendor:/opt/ros/jazzy/opt/gz_msgs_vendor:/opt/ros/jazzy/opt/gz_common_vendor:/opt/ros/jazzy/opt/gz_math_vendor:/opt/ros/jazzy/opt/gz_utils_vendor:/opt/ros/jazzy/opt/gz_tools_vendor:/opt/ros/jazzy/opt/gz_ogre_next_vendor:/opt/ros/jazzy/opt/gz_dartsim_vendor:/opt/ros/jazzy/opt/gz_cmake_vendor:/opt/ros/jazzy CONDA_PROMPT_MODIFIER=(base) PS1=<ROS2-Jazzy>[\u@\h \W]$ /usr/bin/cmake --install /home/bhimirs/Documents/robotics/ros-lab-2-siddhu/build/ros_gz_gazebo
[0.210s] -- Install configuration: ""
[0.219s] -- Up-to-date: /home/bhimirs/Documents/robotics/ros-lab-2-siddhu/install/ros_gz_gazebo/lib/ros_gz_gazebo/libBasicSystem.so
[0.227s] -- Up-to-date: /home/bhimirs/Documents/robotics/ros-lab-2-siddhu/install/ros_gz_gazebo/lib/ros_gz_gazebo/libFullSystem.so
[0.233s] -- Up-to-date: /home/bhimirs/Documents/robotics/ros-lab-2-siddhu/install/ros_gz_gazebo/share/ros_gz_gazebo/worlds
[0.235s] -- Up-to-date: /home/bhimirs/Documents/robotics/ros-lab-2-siddhu/install/ros_gz_gazebo/share/ros_gz_gazebo/worlds/maze.sdf
[0.236s] -- Up-to-date: /home/bhimirs/Documents/robotics/ros-lab-2-siddhu/install/ros_gz_gazebo/share/ros_gz_gazebo/worlds/diff_drive.sdf
[0.238s] -- Up-to-date: /home/bhimirs/Documents/robotics/ros-lab-2-siddhu/install/ros_gz_gazebo/share/ros_gz_gazebo/environment/ros_gz_gazebo.dsv
[0.239s] -- Up-to-date: /home/bhimirs/Documents/robotics/ros-lab-2-siddhu/install/ros_gz_gazebo/share/ros_gz_gazebo/environment/ros_gz_gazebo.sh
[0.242s] -- Up-to-date: /home/bhimirs/Documents/robotics/ros-lab-2-siddhu/install/ros_gz_gazebo/share/ament_index/resource_index/package_run_dependencies/ros_gz_gazebo
[0.244s] -- Up-to-date: /home/bhimirs/Documents/robotics/ros-lab-2-siddhu/install/ros_gz_gazebo/share/ament_index/resource_index/parent_prefix_path/ros_gz_gazebo
[0.244s] -- Up-to-date: /home/bhimirs/Documents/robotics/ros-lab-2-siddhu/install/ros_gz_gazebo/share/ros_gz_gazebo/environment/ament_prefix_path.sh
[0.245s] -- Up-to-date: /home/bhimirs/Documents/robotics/ros-lab-2-siddhu/install/ros_gz_gazebo/share/ros_gz_gazebo/environment/ament_prefix_path.dsv
[0.246s] -- Up-to-date: /home/bhimirs/Documents/robotics/ros-lab-2-siddhu/install/ros_gz_gazebo/share/ros_gz_gazebo/environment/path.sh
[0.247s] -- Up-to-date: /home/bhimirs/Documents/robotics/ros-lab-2-siddhu/install/ros_gz_gazebo/share/ros_gz_gazebo/environment/path.dsv
[0.248s] -- Up-to-date: /home/bhimirs/Documents/robotics/ros-lab-2-siddhu/install/ros_gz_gazebo/share/ros_gz_gazebo/local_setup.bash
[0.249s] -- Up-to-date: /home/bhimirs/Documents/robotics/ros-lab-2-siddhu/install/ros_gz_gazebo/share/ros_gz_gazebo/local_setup.sh
[0.250s] -- Up-to-date: /home/bhimirs/Documents/robotics/ros-lab-2-siddhu/install/ros_gz_gazebo/share/ros_gz_gazebo/local_setup.zsh
[0.251s] -- Up-to-date: /home/bhimirs/Documents/robotics/ros-lab-2-siddhu/install/ros_gz_gazebo/share/ros_gz_gazebo/local_setup.dsv
[0.252s] -- Installing: /home/bhimirs/Documents/robotics/ros-lab-2-siddhu/install/ros_gz_gazebo/share/ros_gz_gazebo/package.dsv
[0.260s] -- Up-to-date: /home/bhimirs/Documents/robotics/ros-lab-2-siddhu/install/ros_gz_gazebo/share/ament_index/resource_index/packages/ros_gz_gazebo
[0.261s] -- Up-to-date: /home/bhimirs/Documents/robotics/ros-lab-2-siddhu/install/ros_gz_gazebo/share/ros_gz_gazebo/cmake/ros_gz_gazeboConfig.cmake
[0.262s] -- Up-to-date: /home/bhimirs/Documents/robotics/ros-lab-2-siddhu/install/ros_gz_gazebo/share/ros_gz_gazebo/cmake/ros_gz_gazeboConfig-version.cmake
[0.263s] -- Up-to-date: /home/bhimirs/Documents/robotics/ros-lab-2-siddhu/install/ros_gz_gazebo/share/ros_gz_gazebo/package.xml
[0.269s] Invoked command in '/home/bhimirs/Documents/robotics/ros-lab-2-siddhu/build/ros_gz_gazebo' returned '0': CMAKE_PREFIX_PATH=/home/bhimirs/Documents/robotics/ros-lab-2-siddhu/install/ros_gz_description:/opt/ros/jazzy/opt/gz_sim_vendor:/opt/ros/jazzy/opt/gz_sensors_vendor:/opt/ros/jazzy/opt/gz_physics_vendor:/opt/ros/jazzy/opt/sdformat_vendor:/opt/ros/jazzy/opt/gz_gui_vendor:/opt/ros/jazzy/opt/gz_transport_vendor:/opt/ros/jazzy/opt/gz_rendering_vendor:/opt/ros/jazzy/opt/gz_plugin_vendor:/opt/ros/jazzy/opt/gz_fuel_tools_vendor:/opt/ros/jazzy/opt/gz_msgs_vendor:/opt/ros/jazzy/opt/gz_common_vendor:/opt/ros/jazzy/opt/gz_math_vendor:/opt/ros/jazzy/opt/gz_utils_vendor:/opt/ros/jazzy/opt/gz_tools_vendor:/opt/ros/jazzy/opt/gz_ogre_next_vendor:/opt/ros/jazzy/opt/gz_dartsim_vendor:/opt/ros/jazzy/opt/gz_cmake_vendor:/opt/ros/jazzy CONDA_PROMPT_MODIFIER=(base) PS1=<ROS2-Jazzy>[\u@\h \W]$ /usr/bin/cmake --install /home/bhimirs/Documents/robotics/ros-lab-2-siddhu/build/ros_gz_gazebo
