[0.148s] DEBUG:colcon:Command line arguments: ['/usr/bin/colcon', 'build', '--cmake-args', '-DBUILD_TESTING=ON']
[0.148s] DEBUG:colcon:Parsed command line arguments: Namespace(log_base=None, log_level=None, verb_name='build', build_base='build', install_base='install', merge_install=False, symlink_install=False, test_result_base=None, continue_on_error=False, executor='parallel', parallel_workers=28, event_handlers=None, ignore_user_meta=False, metas=['./colcon.meta'], base_paths=['.'], packages_ignore=None, packages_ignore_regex=None, paths=None, packages_up_to=None, packages_up_to_regex=None, packages_above=None, packages_above_and_dependencies=None, packages_above_depth=None, packages_select_by_dep=None, packages_skip_by_dep=None, packages_skip_up_to=None, packages_select_build_failed=False, packages_skip_build_finished=False, packages_select_test_failures=False, packages_skip_test_passed=False, packages_select=None, packages_skip=None, packages_select_regex=None, packages_skip_regex=None, packages_start=None, packages_end=None, allow_overriding=[], cmake_args=['-DBUILD_TESTING=ON'], cmake_target=None, cmake_target_skip_unavailable=False, cmake_clean_cache=False, cmake_clean_first=False, cmake_force_configure=False, ament_cmake_args=None, catkin_cmake_args=None, catkin_skip_building_tests=False, mixin_files=None, mixin=None, verb_parser=<colcon_mixin.mixin.mixin_argument.MixinArgumentDecorator object at 0x7fc2eb784f50>, verb_extension=<colcon_core.verb.build.BuildVerb object at 0x7fc2eb6a23f0>, main=<bound method BuildVerb.main of <colcon_core.verb.build.BuildVerb object at 0x7fc2eb6a23f0>>, mixin_verb=('build',))
[0.297s] Level 1:colcon.colcon_core.package_discovery:discover_packages(colcon_meta) check parameters
[0.297s] Level 1:colcon.colcon_core.package_discovery:discover_packages(recursive) check parameters
[0.297s] Level 1:colcon.colcon_core.package_discovery:discover_packages(ignore) check parameters
[0.297s] Level 1:colcon.colcon_core.package_discovery:discover_packages(path) check parameters
[0.297s] Level 1:colcon.colcon_core.package_discovery:discover_packages(colcon_meta) discover
[0.297s] Level 1:colcon.colcon_core.package_discovery:discover_packages(recursive) discover
[0.297s] INFO:colcon.colcon_core.package_discovery:Crawling recursively for packages in '/home/bhimirs/Documents/robotics/ros-lab-2-siddhu'
[0.298s] Level 1:colcon.colcon_core.package_identification:_identify(.) by extensions ['ignore', 'ignore_ament_install']
[0.298s] Level 1:colcon.colcon_core.package_identification:_identify(.) by extension 'ignore'
[0.298s] Level 1:colcon.colcon_core.package_identification:_identify(.) by extension 'ignore_ament_install'
[0.299s] Level 1:colcon.colcon_core.package_identification:_identify(.) by extensions ['colcon_pkg']
[0.299s] Level 1:colcon.colcon_core.package_identification:_identify(.) by extension 'colcon_pkg'
[0.299s] Level 1:colcon.colcon_core.package_identification:_identify(.) by extensions ['colcon_meta']
[0.299s] Level 1:colcon.colcon_core.package_identification:_identify(.) by extension 'colcon_meta'
[0.299s] Level 1:colcon.colcon_core.package_identification:_identify(.) by extensions ['ros']
[0.299s] Level 1:colcon.colcon_core.package_identification:_identify(.) by extension 'ros'
[0.336s] Level 1:colcon.colcon_core.package_identification:_identify(.) by extensions ['cmake', 'python']
[0.336s] Level 1:colcon.colcon_core.package_identification:_identify(.) by extension 'cmake'
[0.336s] Level 1:colcon.colcon_core.package_identification:_identify(.) by extension 'python'
[0.337s] Level 1:colcon.colcon_core.package_identification:_identify(.) by extensions ['python_setup_py']
[0.337s] Level 1:colcon.colcon_core.package_identification:_identify(.) by extension 'python_setup_py'
[0.338s] Level 1:colcon.colcon_core.package_identification:_identify(build) by extensions ['ignore', 'ignore_ament_install']
[0.338s] Level 1:colcon.colcon_core.package_identification:_identify(build) by extension 'ignore'
[0.338s] Level 1:colcon.colcon_core.package_identification:_identify(build) ignored
[0.339s] Level 1:colcon.colcon_core.package_identification:_identify(figs) by extensions ['ignore', 'ignore_ament_install']
[0.339s] Level 1:colcon.colcon_core.package_identification:_identify(figs) by extension 'ignore'
[0.339s] Level 1:colcon.colcon_core.package_identification:_identify(figs) by extension 'ignore_ament_install'
[0.339s] Level 1:colcon.colcon_core.package_identification:_identify(figs) by extensions ['colcon_pkg']
[0.339s] Level 1:colcon.colcon_core.package_identification:_identify(figs) by extension 'colcon_pkg'
[0.340s] Level 1:colcon.colcon_core.package_identification:_identify(figs) by extensions ['colcon_meta']
[0.340s] Level 1:colcon.colcon_core.package_identification:_identify(figs) by extension 'colcon_meta'
[0.340s] Level 1:colcon.colcon_core.package_identification:_identify(figs) by extensions ['ros']
[0.340s] Level 1:colcon.colcon_core.package_identification:_identify(figs) by extension 'ros'
[0.341s] Level 1:colcon.colcon_core.package_identification:_identify(figs) by extensions ['cmake', 'python']
[0.341s] Level 1:colcon.colcon_core.package_identification:_identify(figs) by extension 'cmake'
[0.341s] Level 1:colcon.colcon_core.package_identification:_identify(figs) by extension 'python'
[0.341s] Level 1:colcon.colcon_core.package_identification:_identify(figs) by extensions ['python_setup_py']
[0.341s] Level 1:colcon.colcon_core.package_identification:_identify(figs) by extension 'python_setup_py'
[0.342s] Level 1:colcon.colcon_core.package_identification:_identify(install) by extensions ['ignore', 'ignore_ament_install']
[0.342s] Level 1:colcon.colcon_core.package_identification:_identify(install) by extension 'ignore'
[0.342s] Level 1:colcon.colcon_core.package_identification:_identify(install) ignored
[0.343s] Level 1:colcon.colcon_core.package_identification:_identify(log) by extensions ['ignore', 'ignore_ament_install']
[0.343s] Level 1:colcon.colcon_core.package_identification:_identify(log) by extension 'ignore'
[0.343s] Level 1:colcon.colcon_core.package_identification:_identify(log) ignored
[0.344s] Level 1:colcon.colcon_core.package_identification:_identify(ros_gz_app) by extensions ['ignore', 'ignore_ament_install']
[0.344s] Level 1:colcon.colcon_core.package_identification:_identify(ros_gz_app) by extension 'ignore'
[0.344s] Level 1:colcon.colcon_core.package_identification:_identify(ros_gz_app) by extension 'ignore_ament_install'
[0.344s] Level 1:colcon.colcon_core.package_identification:_identify(ros_gz_app) by extensions ['colcon_pkg']
[0.345s] Level 1:colcon.colcon_core.package_identification:_identify(ros_gz_app) by extension 'colcon_pkg'
[0.345s] Level 1:colcon.colcon_core.package_identification:_identify(ros_gz_app) by extensions ['colcon_meta']
[0.345s] Level 1:colcon.colcon_core.package_identification:_identify(ros_gz_app) by extension 'colcon_meta'
[0.345s] Level 1:colcon.colcon_core.package_identification:_identify(ros_gz_app) by extensions ['ros']
[0.345s] Level 1:colcon.colcon_core.package_identification:_identify(ros_gz_app) by extension 'ros'
[0.349s] DEBUG:colcon.colcon_core.package_identification:Package 'ros_gz_app' with type 'ros.ament_cmake' and name 'ros_gz_app'
[0.350s] Level 1:colcon.colcon_core.package_identification:_identify(ros_gz_bringup) by extensions ['ignore', 'ignore_ament_install']
[0.350s] Level 1:colcon.colcon_core.package_identification:_identify(ros_gz_bringup) by extension 'ignore'
[0.351s] Level 1:colcon.colcon_core.package_identification:_identify(ros_gz_bringup) by extension 'ignore_ament_install'
[0.351s] Level 1:colcon.colcon_core.package_identification:_identify(ros_gz_bringup) by extensions ['colcon_pkg']
[0.351s] Level 1:colcon.colcon_core.package_identification:_identify(ros_gz_bringup) by extension 'colcon_pkg'
[0.351s] Level 1:colcon.colcon_core.package_identification:_identify(ros_gz_bringup) by extensions ['colcon_meta']
[0.351s] Level 1:colcon.colcon_core.package_identification:_identify(ros_gz_bringup) by extension 'colcon_meta'
[0.351s] Level 1:colcon.colcon_core.package_identification:_identify(ros_gz_bringup) by extensions ['ros']
[0.351s] Level 1:colcon.colcon_core.package_identification:_identify(ros_gz_bringup) by extension 'ros'
[0.353s] DEBUG:colcon.colcon_core.package_identification:Package 'ros_gz_bringup' with type 'ros.ament_cmake' and name 'ros_gz_bringup'
[0.354s] Level 1:colcon.colcon_core.package_identification:_identify(ros_gz_description) by extensions ['ignore', 'ignore_ament_install']
[0.354s] Level 1:colcon.colcon_core.package_identification:_identify(ros_gz_description) by extension 'ignore'
[0.354s] Level 1:colcon.colcon_core.package_identification:_identify(ros_gz_description) by extension 'ignore_ament_install'
[0.355s] Level 1:colcon.colcon_core.package_identification:_identify(ros_gz_description) by extensions ['colcon_pkg']
[0.355s] Level 1:colcon.colcon_core.package_identification:_identify(ros_gz_description) by extension 'colcon_pkg'
[0.355s] Level 1:colcon.colcon_core.package_identification:_identify(ros_gz_description) by extensions ['colcon_meta']
[0.355s] Level 1:colcon.colcon_core.package_identification:_identify(ros_gz_description) by extension 'colcon_meta'
[0.355s] Level 1:colcon.colcon_core.package_identification:_identify(ros_gz_description) by extensions ['ros']
[0.355s] Level 1:colcon.colcon_core.package_identification:_identify(ros_gz_description) by extension 'ros'
[0.357s] DEBUG:colcon.colcon_core.package_identification:Package 'ros_gz_description' with type 'ros.ament_cmake' and name 'ros_gz_description'
[0.358s] Level 1:colcon.colcon_core.package_identification:_identify(ros_gz_gazebo) by extensions ['ignore', 'ignore_ament_install']
[0.358s] Level 1:colcon.colcon_core.package_identification:_identify(ros_gz_gazebo) by extension 'ignore'
[0.359s] Level 1:colcon.colcon_core.package_identification:_identify(ros_gz_gazebo) by extension 'ignore_ament_install'
[0.359s] Level 1:colcon.colcon_core.package_identification:_identify(ros_gz_gazebo) by extensions ['colcon_pkg']
[0.359s] Level 1:colcon.colcon_core.package_identification:_identify(ros_gz_gazebo) by extension 'colcon_pkg'
[0.359s] Level 1:colcon.colcon_core.package_identification:_identify(ros_gz_gazebo) by extensions ['colcon_meta']
[0.359s] Level 1:colcon.colcon_core.package_identification:_identify(ros_gz_gazebo) by extension 'colcon_meta'
[0.359s] Level 1:colcon.colcon_core.package_identification:_identify(ros_gz_gazebo) by extensions ['ros']
[0.359s] Level 1:colcon.colcon_core.package_identification:_identify(ros_gz_gazebo) by extension 'ros'
[0.361s] DEBUG:colcon.colcon_core.package_identification:Package 'ros_gz_gazebo' with type 'ros.ament_cmake' and name 'ros_gz_gazebo'
[0.361s] Level 1:colcon.colcon_core.package_discovery:discover_packages(recursive) using defaults
[0.361s] Level 1:colcon.colcon_core.package_discovery:discover_packages(ignore) discover
[0.361s] Level 1:colcon.colcon_core.package_discovery:discover_packages(ignore) using defaults
[0.361s] Level 1:colcon.colcon_core.package_discovery:discover_packages(path) discover
[0.361s] Level 1:colcon.colcon_core.package_discovery:discover_packages(path) using defaults
[0.385s] Level 1:colcon.colcon_core.package_discovery:discover_packages(prefix_path) check parameters
[0.385s] Level 1:colcon.colcon_core.package_discovery:discover_packages(prefix_path) discover
[0.390s] DEBUG:colcon.colcon_installed_package_information.package_discovery:Found 317 installed packages in /opt/ros/jazzy
[0.392s] Level 1:colcon.colcon_core.package_discovery:discover_packages(prefix_path) using defaults
[0.426s] Level 5:colcon.colcon_core.verb:set package 'ros_gz_app' build argument 'cmake_args' from command line to '['-DBUILD_TESTING=ON']'
[0.426s] Level 5:colcon.colcon_core.verb:set package 'ros_gz_app' build argument 'cmake_target' from command line to 'None'
[0.426s] Level 5:colcon.colcon_core.verb:set package 'ros_gz_app' build argument 'cmake_target_skip_unavailable' from command line to 'False'
[0.426s] Level 5:colcon.colcon_core.verb:set package 'ros_gz_app' build argument 'cmake_clean_cache' from command line to 'False'
[0.426s] Level 5:colcon.colcon_core.verb:set package 'ros_gz_app' build argument 'cmake_clean_first' from command line to 'False'
[0.427s] Level 5:colcon.colcon_core.verb:set package 'ros_gz_app' build argument 'cmake_force_configure' from command line to 'False'
[0.427s] Level 5:colcon.colcon_core.verb:set package 'ros_gz_app' build argument 'ament_cmake_args' from command line to 'None'
[0.427s] Level 5:colcon.colcon_core.verb:set package 'ros_gz_app' build argument 'catkin_cmake_args' from command line to 'None'
[0.427s] Level 5:colcon.colcon_core.verb:set package 'ros_gz_app' build argument 'catkin_skip_building_tests' from command line to 'False'
[0.427s] DEBUG:colcon.colcon_core.verb:Building package 'ros_gz_app' with the following arguments: {'ament_cmake_args': None, 'build_base': '/home/bhimirs/Documents/robotics/ros-lab-2-siddhu/build/ros_gz_app', 'catkin_cmake_args': None, 'catkin_skip_building_tests': False, 'cmake_args': ['-DBUILD_TESTING=ON'], 'cmake_clean_cache': False, 'cmake_clean_first': False, 'cmake_force_configure': False, 'cmake_target': None, 'cmake_target_skip_unavailable': False, 'install_base': '/home/bhimirs/Documents/robotics/ros-lab-2-siddhu/install/ros_gz_app', 'merge_install': False, 'path': '/home/bhimirs/Documents/robotics/ros-lab-2-siddhu/ros_gz_app', 'symlink_install': False, 'test_result_base': None}
[0.427s] Level 5:colcon.colcon_core.verb:set package 'ros_gz_description' build argument 'cmake_args' from command line to '['-DBUILD_TESTING=ON']'
[0.427s] Level 5:colcon.colcon_core.verb:set package 'ros_gz_description' build argument 'cmake_target' from command line to 'None'
[0.427s] Level 5:colcon.colcon_core.verb:set package 'ros_gz_description' build argument 'cmake_target_skip_unavailable' from command line to 'False'
[0.427s] Level 5:colcon.colcon_core.verb:set package 'ros_gz_description' build argument 'cmake_clean_cache' from command line to 'False'
[0.427s] Level 5:colcon.colcon_core.verb:set package 'ros_gz_description' build argument 'cmake_clean_first' from command line to 'False'
[0.427s] Level 5:colcon.colcon_core.verb:set package 'ros_gz_description' build argument 'cmake_force_configure' from command line to 'False'
[0.427s] Level 5:colcon.colcon_core.verb:set package 'ros_gz_description' build argument 'ament_cmake_args' from command line to 'None'
[0.427s] Level 5:colcon.colcon_core.verb:set package 'ros_gz_description' build argument 'catkin_cmake_args' from command line to 'None'
[0.427s] Level 5:colcon.colcon_core.verb:set package 'ros_gz_description' build argument 'catkin_skip_building_tests' from command line to 'False'
[0.427s] DEBUG:colcon.colcon_core.verb:Building package 'ros_gz_description' with the following arguments: {'ament_cmake_args': None, 'build_base': '/home/bhimirs/Documents/robotics/ros-lab-2-siddhu/build/ros_gz_description', 'catkin_cmake_args': None, 'catkin_skip_building_tests': False, 'cmake_args': ['-DBUILD_TESTING=ON'], 'cmake_clean_cache': False, 'cmake_clean_first': False, 'cmake_force_configure': False, 'cmake_target': None, 'cmake_target_skip_unavailable': False, 'install_base': '/home/bhimirs/Documents/robotics/ros-lab-2-siddhu/install/ros_gz_description', 'merge_install': False, 'path': '/home/bhimirs/Documents/robotics/ros-lab-2-siddhu/ros_gz_description', 'symlink_install': False, 'test_result_base': None}
[0.427s] Level 5:colcon.colcon_core.verb:set package 'ros_gz_gazebo' build argument 'cmake_args' from command line to '['-DBUILD_TESTING=ON']'
[0.427s] Level 5:colcon.colcon_core.verb:set package 'ros_gz_gazebo' build argument 'cmake_target' from command line to 'None'
[0.427s] Level 5:colcon.colcon_core.verb:set package 'ros_gz_gazebo' build argument 'cmake_target_skip_unavailable' from command line to 'False'
[0.427s] Level 5:colcon.colcon_core.verb:set package 'ros_gz_gazebo' build argument 'cmake_clean_cache' from command line to 'False'
[0.427s] Level 5:colcon.colcon_core.verb:set package 'ros_gz_gazebo' build argument 'cmake_clean_first' from command line to 'False'
[0.427s] Level 5:colcon.colcon_core.verb:set package 'ros_gz_gazebo' build argument 'cmake_force_configure' from command line to 'False'
[0.427s] Level 5:colcon.colcon_core.verb:set package 'ros_gz_gazebo' build argument 'ament_cmake_args' from command line to 'None'
[0.427s] Level 5:colcon.colcon_core.verb:set package 'ros_gz_gazebo' build argument 'catkin_cmake_args' from command line to 'None'
[0.427s] Level 5:colcon.colcon_core.verb:set package 'ros_gz_gazebo' build argument 'catkin_skip_building_tests' from command line to 'False'
[0.427s] DEBUG:colcon.colcon_core.verb:Building package 'ros_gz_gazebo' with the following arguments: {'ament_cmake_args': None, 'build_base': '/home/bhimirs/Documents/robotics/ros-lab-2-siddhu/build/ros_gz_gazebo', 'catkin_cmake_args': None, 'catkin_skip_building_tests': False, 'cmake_args': ['-DBUILD_TESTING=ON'], 'cmake_clean_cache': False, 'cmake_clean_first': False, 'cmake_force_configure': False, 'cmake_target': None, 'cmake_target_skip_unavailable': False, 'install_base': '/home/bhimirs/Documents/robotics/ros-lab-2-siddhu/install/ros_gz_gazebo', 'merge_install': False, 'path': '/home/bhimirs/Documents/robotics/ros-lab-2-siddhu/ros_gz_gazebo', 'symlink_install': False, 'test_result_base': None}
[0.427s] Level 5:colcon.colcon_core.verb:set package 'ros_gz_bringup' build argument 'cmake_args' from command line to '['-DBUILD_TESTING=ON']'
[0.427s] Level 5:colcon.colcon_core.verb:set package 'ros_gz_bringup' build argument 'cmake_target' from command line to 'None'
[0.427s] Level 5:colcon.colcon_core.verb:set package 'ros_gz_bringup' build argument 'cmake_target_skip_unavailable' from command line to 'False'
[0.427s] Level 5:colcon.colcon_core.verb:set package 'ros_gz_bringup' build argument 'cmake_clean_cache' from command line to 'False'
[0.427s] Level 5:colcon.colcon_core.verb:set package 'ros_gz_bringup' build argument 'cmake_clean_first' from command line to 'False'
[0.427s] Level 5:colcon.colcon_core.verb:set package 'ros_gz_bringup' build argument 'cmake_force_configure' from command line to 'False'
[0.427s] Level 5:colcon.colcon_core.verb:set package 'ros_gz_bringup' build argument 'ament_cmake_args' from command line to 'None'
[0.427s] Level 5:colcon.colcon_core.verb:set package 'ros_gz_bringup' build argument 'catkin_cmake_args' from command line to 'None'
[0.427s] Level 5:colcon.colcon_core.verb:set package 'ros_gz_bringup' build argument 'catkin_skip_building_tests' from command line to 'False'
[0.427s] DEBUG:colcon.colcon_core.verb:Building package 'ros_gz_bringup' with the following arguments: {'ament_cmake_args': None, 'build_base': '/home/bhimirs/Documents/robotics/ros-lab-2-siddhu/build/ros_gz_bringup', 'catkin_cmake_args': None, 'catkin_skip_building_tests': False, 'cmake_args': ['-DBUILD_TESTING=ON'], 'cmake_clean_cache': False, 'cmake_clean_first': False, 'cmake_force_configure': False, 'cmake_target': None, 'cmake_target_skip_unavailable': False, 'install_base': '/home/bhimirs/Documents/robotics/ros-lab-2-siddhu/install/ros_gz_bringup', 'merge_install': False, 'path': '/home/bhimirs/Documents/robotics/ros-lab-2-siddhu/ros_gz_bringup', 'symlink_install': False, 'test_result_base': None}
[0.427s] INFO:colcon.colcon_core.executor:Executing jobs using 'parallel' executor
[0.428s] DEBUG:colcon.colcon_parallel_executor.executor.parallel:run_until_complete
[0.428s] INFO:colcon.colcon_ros.task.ament_cmake.build:Building ROS package in '/home/bhimirs/Documents/robotics/ros-lab-2-siddhu/ros_gz_description' with build type 'ament_cmake'
[0.428s] INFO:colcon.colcon_cmake.task.cmake.build:Building CMake package in '/home/bhimirs/Documents/robotics/ros-lab-2-siddhu/ros_gz_description'
[0.430s] INFO:colcon.colcon_core.plugin_system:Skipping extension 'colcon_core.shell.bat': Not used on non-Windows systems
[0.430s] INFO:colcon.colcon_core.shell:Skip shell extension 'powershell' for command environment: Not usable outside of PowerShell
[0.430s] DEBUG:colcon.colcon_core.shell:Skip shell extension 'dsv' for command environment
[0.437s] INFO:colcon.colcon_ros.task.ament_cmake.build:Building ROS package in '/home/bhimirs/Documents/robotics/ros-lab-2-siddhu/ros_gz_app' with build type 'ament_cmake'
[0.437s] INFO:colcon.colcon_cmake.task.cmake.build:Building CMake package in '/home/bhimirs/Documents/robotics/ros-lab-2-siddhu/ros_gz_app'
[0.437s] INFO:colcon.colcon_core.shell:Skip shell extension 'powershell' for command environment: Not usable outside of PowerShell
[0.437s] DEBUG:colcon.colcon_core.shell:Skip shell extension 'dsv' for command environment
[0.453s] DEBUG:colcon.colcon_core.event_handler.log_command:Invoking command in '/home/bhimirs/Documents/robotics/ros-lab-2-siddhu/build/ros_gz_description': CMAKE_PREFIX_PATH=${CMAKE_PREFIX_PATH}:/opt/ros/jazzy CONDA_PROMPT_MODIFIER=(base) PS1=<ROS2-Jazzy>[\u@\h \W]$ /usr/bin/cmake --build /home/bhimirs/Documents/robotics/ros-lab-2-siddhu/build/ros_gz_description -- -j28 -l28
[0.462s] DEBUG:colcon.colcon_core.event_handler.log_command:Invoking command in '/home/bhimirs/Documents/robotics/ros-lab-2-siddhu/build/ros_gz_app': CMAKE_PREFIX_PATH=${CMAKE_PREFIX_PATH}:/opt/ros/jazzy CONDA_PROMPT_MODIFIER=(base) PS1=<ROS2-Jazzy>[\u@\h \W]$ /usr/bin/cmake --build /home/bhimirs/Documents/robotics/ros-lab-2-siddhu/build/ros_gz_app -- -j28 -l28
[0.780s] DEBUG:colcon.colcon_core.event_handler.log_command:Invoked command in '/home/bhimirs/Documents/robotics/ros-lab-2-siddhu/build/ros_gz_description' returned '0': CMAKE_PREFIX_PATH=${CMAKE_PREFIX_PATH}:/opt/ros/jazzy CONDA_PROMPT_MODIFIER=(base) PS1=<ROS2-Jazzy>[\u@\h \W]$ /usr/bin/cmake --build /home/bhimirs/Documents/robotics/ros-lab-2-siddhu/build/ros_gz_description -- -j28 -l28
[0.808s] DEBUG:colcon.colcon_core.event_handler.log_command:Invoking command in '/home/bhimirs/Documents/robotics/ros-lab-2-siddhu/build/ros_gz_description': CMAKE_PREFIX_PATH=${CMAKE_PREFIX_PATH}:/opt/ros/jazzy CONDA_PROMPT_MODIFIER=(base) PS1=<ROS2-Jazzy>[\u@\h \W]$ /usr/bin/cmake --install /home/bhimirs/Documents/robotics/ros-lab-2-siddhu/build/ros_gz_description
[0.809s] DEBUG:colcon.colcon_core.event_handler.log_command:Invoked command in '/home/bhimirs/Documents/robotics/ros-lab-2-siddhu/build/ros_gz_app' returned '0': CMAKE_PREFIX_PATH=${CMAKE_PREFIX_PATH}:/opt/ros/jazzy CONDA_PROMPT_MODIFIER=(base) PS1=<ROS2-Jazzy>[\u@\h \W]$ /usr/bin/cmake --build /home/bhimirs/Documents/robotics/ros-lab-2-siddhu/build/ros_gz_app -- -j28 -l28
[0.815s] DEBUG:colcon.colcon_core.event_handler.log_command:Invoking command in '/home/bhimirs/Documents/robotics/ros-lab-2-siddhu/build/ros_gz_app': CMAKE_PREFIX_PATH=${CMAKE_PREFIX_PATH}:/opt/ros/jazzy CONDA_PROMPT_MODIFIER=(base) PS1=<ROS2-Jazzy>[\u@\h \W]$ /usr/bin/cmake --install /home/bhimirs/Documents/robotics/ros-lab-2-siddhu/build/ros_gz_app
[0.855s] Level 1:colcon.colcon_core.environment:create_environment_scripts_only(ros_gz_description)
[0.855s] DEBUG:colcon.colcon_core.event_handler.log_command:Invoked command in '/home/bhimirs/Documents/robotics/ros-lab-2-siddhu/build/ros_gz_description' returned '0': CMAKE_PREFIX_PATH=${CMAKE_PREFIX_PATH}:/opt/ros/jazzy CONDA_PROMPT_MODIFIER=(base) PS1=<ROS2-Jazzy>[\u@\h \W]$ /usr/bin/cmake --install /home/bhimirs/Documents/robotics/ros-lab-2-siddhu/build/ros_gz_description
[0.867s] Level 1:colcon.colcon_core.environment:checking '/home/bhimirs/Documents/robotics/ros-lab-2-siddhu/install/ros_gz_description' for CMake module files
[0.871s] Level 1:colcon.colcon_core.environment:checking '/home/bhimirs/Documents/robotics/ros-lab-2-siddhu/install/ros_gz_description' for CMake config files
[0.876s] Level 1:colcon.colcon_core.shell:create_environment_hook('ros_gz_description', 'cmake_prefix_path')
[0.876s] INFO:colcon.colcon_core.shell:Creating environment hook '/home/bhimirs/Documents/robotics/ros-lab-2-siddhu/install/ros_gz_description/share/ros_gz_description/hook/cmake_prefix_path.ps1'
[0.880s] INFO:colcon.colcon_core.shell:Creating environment descriptor '/home/bhimirs/Documents/robotics/ros-lab-2-siddhu/install/ros_gz_description/share/ros_gz_description/hook/cmake_prefix_path.dsv'
[0.883s] INFO:colcon.colcon_core.shell:Creating environment hook '/home/bhimirs/Documents/robotics/ros-lab-2-siddhu/install/ros_gz_description/share/ros_gz_description/hook/cmake_prefix_path.sh'
[0.887s] Level 1:colcon.colcon_core.environment:checking '/home/bhimirs/Documents/robotics/ros-lab-2-siddhu/install/ros_gz_description/bin'
[0.888s] Level 1:colcon.colcon_core.environment:checking '/home/bhimirs/Documents/robotics/ros-lab-2-siddhu/install/ros_gz_description/lib/pkgconfig/ros_gz_description.pc'
[0.888s] Level 1:colcon.colcon_core.environment:checking '/home/bhimirs/Documents/robotics/ros-lab-2-siddhu/install/ros_gz_description/lib/python3.12/site-packages'
[0.888s] Level 1:colcon.colcon_core.environment:checking '/home/bhimirs/Documents/robotics/ros-lab-2-siddhu/install/ros_gz_description/bin'
[0.889s] INFO:colcon.colcon_core.shell:Creating package script '/home/bhimirs/Documents/robotics/ros-lab-2-siddhu/install/ros_gz_description/share/ros_gz_description/package.ps1'
[0.892s] INFO:colcon.colcon_core.shell:Creating package descriptor '/home/bhimirs/Documents/robotics/ros-lab-2-siddhu/install/ros_gz_description/share/ros_gz_description/package.dsv'
[0.895s] INFO:colcon.colcon_core.shell:Creating package script '/home/bhimirs/Documents/robotics/ros-lab-2-siddhu/install/ros_gz_description/share/ros_gz_description/package.sh'
[0.899s] INFO:colcon.colcon_core.shell:Creating package script '/home/bhimirs/Documents/robotics/ros-lab-2-siddhu/install/ros_gz_description/share/ros_gz_description/package.bash'
[0.903s] INFO:colcon.colcon_core.shell:Creating package script '/home/bhimirs/Documents/robotics/ros-lab-2-siddhu/install/ros_gz_description/share/ros_gz_description/package.zsh'
[0.907s] Level 1:colcon.colcon_core.environment:create_file_with_runtime_dependencies(/home/bhimirs/Documents/robotics/ros-lab-2-siddhu/install/ros_gz_description/share/colcon-core/packages/ros_gz_description)
[0.911s] Level 1:colcon.colcon_core.environment:create_environment_scripts_only(ros_gz_description)
[0.911s] Level 1:colcon.colcon_core.environment:checking '/home/bhimirs/Documents/robotics/ros-lab-2-siddhu/install/ros_gz_description' for CMake module files
[0.912s] Level 1:colcon.colcon_core.environment:checking '/home/bhimirs/Documents/robotics/ros-lab-2-siddhu/install/ros_gz_description' for CMake config files
[0.917s] Level 1:colcon.colcon_core.shell:create_environment_hook('ros_gz_description', 'cmake_prefix_path')
[0.917s] INFO:colcon.colcon_core.shell:Creating environment hook '/home/bhimirs/Documents/robotics/ros-lab-2-siddhu/install/ros_gz_description/share/ros_gz_description/hook/cmake_prefix_path.ps1'
[0.919s] INFO:colcon.colcon_core.shell:Creating environment descriptor '/home/bhimirs/Documents/robotics/ros-lab-2-siddhu/install/ros_gz_description/share/ros_gz_description/hook/cmake_prefix_path.dsv'
[0.922s] INFO:colcon.colcon_core.shell:Creating environment hook '/home/bhimirs/Documents/robotics/ros-lab-2-siddhu/install/ros_gz_description/share/ros_gz_description/hook/cmake_prefix_path.sh'
[0.925s] Level 1:colcon.colcon_core.environment:checking '/home/bhimirs/Documents/robotics/ros-lab-2-siddhu/install/ros_gz_description/bin'
[0.926s] Level 1:colcon.colcon_core.environment:checking '/home/bhimirs/Documents/robotics/ros-lab-2-siddhu/install/ros_gz_description/lib/pkgconfig/ros_gz_description.pc'
[0.926s] Level 1:colcon.colcon_core.environment:checking '/home/bhimirs/Documents/robotics/ros-lab-2-siddhu/install/ros_gz_description/lib/python3.12/site-packages'
[0.926s] Level 1:colcon.colcon_core.environment:checking '/home/bhimirs/Documents/robotics/ros-lab-2-siddhu/install/ros_gz_description/bin'
[0.926s] INFO:colcon.colcon_core.shell:Creating package script '/home/bhimirs/Documents/robotics/ros-lab-2-siddhu/install/ros_gz_description/share/ros_gz_description/package.ps1'
[0.930s] INFO:colcon.colcon_core.shell:Creating package descriptor '/home/bhimirs/Documents/robotics/ros-lab-2-siddhu/install/ros_gz_description/share/ros_gz_description/package.dsv'
[0.932s] INFO:colcon.colcon_core.shell:Creating package script '/home/bhimirs/Documents/robotics/ros-lab-2-siddhu/install/ros_gz_description/share/ros_gz_description/package.sh'
[0.935s] INFO:colcon.colcon_core.shell:Creating package script '/home/bhimirs/Documents/robotics/ros-lab-2-siddhu/install/ros_gz_description/share/ros_gz_description/package.bash'
[0.938s] INFO:colcon.colcon_core.shell:Creating package script '/home/bhimirs/Documents/robotics/ros-lab-2-siddhu/install/ros_gz_description/share/ros_gz_description/package.zsh'
[0.941s] Level 1:colcon.colcon_core.environment:create_file_with_runtime_dependencies(/home/bhimirs/Documents/robotics/ros-lab-2-siddhu/install/ros_gz_description/share/colcon-core/packages/ros_gz_description)
[0.942s] INFO:colcon.colcon_ros.task.ament_cmake.build:Building ROS package in '/home/bhimirs/Documents/robotics/ros-lab-2-siddhu/ros_gz_gazebo' with build type 'ament_cmake'
[0.942s] INFO:colcon.colcon_cmake.task.cmake.build:Building CMake package in '/home/bhimirs/Documents/robotics/ros-lab-2-siddhu/ros_gz_gazebo'
[0.942s] INFO:colcon.colcon_core.shell:Skip shell extension 'powershell' for command environment: Not usable outside of PowerShell
[0.942s] DEBUG:colcon.colcon_core.shell:Skip shell extension 'dsv' for command environment
[0.955s] Level 1:colcon.colcon_core.environment:create_environment_scripts_only(ros_gz_app)
[0.955s] DEBUG:colcon.colcon_core.event_handler.log_command:Invoked command in '/home/bhimirs/Documents/robotics/ros-lab-2-siddhu/build/ros_gz_app' returned '0': CMAKE_PREFIX_PATH=${CMAKE_PREFIX_PATH}:/opt/ros/jazzy CONDA_PROMPT_MODIFIER=(base) PS1=<ROS2-Jazzy>[\u@\h \W]$ /usr/bin/cmake --install /home/bhimirs/Documents/robotics/ros-lab-2-siddhu/build/ros_gz_app
[0.956s] Level 1:colcon.colcon_core.environment:checking '/home/bhimirs/Documents/robotics/ros-lab-2-siddhu/install/ros_gz_app' for CMake module files
[0.959s] Level 1:colcon.colcon_core.environment:checking '/home/bhimirs/Documents/robotics/ros-lab-2-siddhu/install/ros_gz_app' for CMake config files
[0.961s] Level 1:colcon.colcon_core.shell:create_environment_hook('ros_gz_app', 'cmake_prefix_path')
[0.962s] INFO:colcon.colcon_core.shell:Creating environment hook '/home/bhimirs/Documents/robotics/ros-lab-2-siddhu/install/ros_gz_app/share/ros_gz_app/hook/cmake_prefix_path.ps1'
[0.965s] INFO:colcon.colcon_core.shell:Creating environment descriptor '/home/bhimirs/Documents/robotics/ros-lab-2-siddhu/install/ros_gz_app/share/ros_gz_app/hook/cmake_prefix_path.dsv'
[0.968s] INFO:colcon.colcon_core.shell:Creating environment hook '/home/bhimirs/Documents/robotics/ros-lab-2-siddhu/install/ros_gz_app/share/ros_gz_app/hook/cmake_prefix_path.sh'
[0.972s] Level 1:colcon.colcon_core.environment:checking '/home/bhimirs/Documents/robotics/ros-lab-2-siddhu/install/ros_gz_app/bin'
[0.972s] Level 1:colcon.colcon_core.environment:checking '/home/bhimirs/Documents/robotics/ros-lab-2-siddhu/install/ros_gz_app/lib/pkgconfig/ros_gz_app.pc'
[0.973s] Level 1:colcon.colcon_core.environment:checking '/home/bhimirs/Documents/robotics/ros-lab-2-siddhu/install/ros_gz_app/lib/python3.12/site-packages'
[0.973s] Level 1:colcon.colcon_core.environment:checking '/home/bhimirs/Documents/robotics/ros-lab-2-siddhu/install/ros_gz_app/bin'
[0.973s] INFO:colcon.colcon_core.shell:Creating package script '/home/bhimirs/Documents/robotics/ros-lab-2-siddhu/install/ros_gz_app/share/ros_gz_app/package.ps1'
[0.976s] INFO:colcon.colcon_core.shell:Creating package descriptor '/home/bhimirs/Documents/robotics/ros-lab-2-siddhu/install/ros_gz_app/share/ros_gz_app/package.dsv'
[0.979s] INFO:colcon.colcon_core.shell:Creating package script '/home/bhimirs/Documents/robotics/ros-lab-2-siddhu/install/ros_gz_app/share/ros_gz_app/package.sh'
[0.982s] INFO:colcon.colcon_core.shell:Creating package script '/home/bhimirs/Documents/robotics/ros-lab-2-siddhu/install/ros_gz_app/share/ros_gz_app/package.bash'
[0.985s] INFO:colcon.colcon_core.shell:Creating package script '/home/bhimirs/Documents/robotics/ros-lab-2-siddhu/install/ros_gz_app/share/ros_gz_app/package.zsh'
[0.988s] Level 1:colcon.colcon_core.environment:create_file_with_runtime_dependencies(/home/bhimirs/Documents/robotics/ros-lab-2-siddhu/install/ros_gz_app/share/colcon-core/packages/ros_gz_app)
[0.991s] Level 1:colcon.colcon_core.environment:create_environment_scripts_only(ros_gz_app)
[0.991s] Level 1:colcon.colcon_core.environment:checking '/home/bhimirs/Documents/robotics/ros-lab-2-siddhu/install/ros_gz_app' for CMake module files
[0.993s] Level 1:colcon.colcon_core.environment:checking '/home/bhimirs/Documents/robotics/ros-lab-2-siddhu/install/ros_gz_app' for CMake config files
[0.994s] Level 1:colcon.colcon_core.shell:create_environment_hook('ros_gz_app', 'cmake_prefix_path')
[0.994s] INFO:colcon.colcon_core.shell:Creating environment hook '/home/bhimirs/Documents/robotics/ros-lab-2-siddhu/install/ros_gz_app/share/ros_gz_app/hook/cmake_prefix_path.ps1'
[0.997s] INFO:colcon.colcon_core.shell:Creating environment descriptor '/home/bhimirs/Documents/robotics/ros-lab-2-siddhu/install/ros_gz_app/share/ros_gz_app/hook/cmake_prefix_path.dsv'
[0.999s] INFO:colcon.colcon_core.shell:Creating environment hook '/home/bhimirs/Documents/robotics/ros-lab-2-siddhu/install/ros_gz_app/share/ros_gz_app/hook/cmake_prefix_path.sh'
[1.002s] Level 1:colcon.colcon_core.environment:checking '/home/bhimirs/Documents/robotics/ros-lab-2-siddhu/install/ros_gz_app/bin'
[1.002s] Level 1:colcon.colcon_core.environment:checking '/home/bhimirs/Documents/robotics/ros-lab-2-siddhu/install/ros_gz_app/lib/pkgconfig/ros_gz_app.pc'
[1.003s] Level 1:colcon.colcon_core.environment:checking '/home/bhimirs/Documents/robotics/ros-lab-2-siddhu/install/ros_gz_app/lib/python3.12/site-packages'
[1.003s] Level 1:colcon.colcon_core.environment:checking '/home/bhimirs/Documents/robotics/ros-lab-2-siddhu/install/ros_gz_app/bin'
[1.003s] INFO:colcon.colcon_core.shell:Creating package script '/home/bhimirs/Documents/robotics/ros-lab-2-siddhu/install/ros_gz_app/share/ros_gz_app/package.ps1'
[1.006s] INFO:colcon.colcon_core.shell:Creating package descriptor '/home/bhimirs/Documents/robotics/ros-lab-2-siddhu/install/ros_gz_app/share/ros_gz_app/package.dsv'
[1.008s] INFO:colcon.colcon_core.shell:Creating package script '/home/bhimirs/Documents/robotics/ros-lab-2-siddhu/install/ros_gz_app/share/ros_gz_app/package.sh'
[1.011s] INFO:colcon.colcon_core.shell:Creating package script '/home/bhimirs/Documents/robotics/ros-lab-2-siddhu/install/ros_gz_app/share/ros_gz_app/package.bash'
[1.014s] INFO:colcon.colcon_core.shell:Creating package script '/home/bhimirs/Documents/robotics/ros-lab-2-siddhu/install/ros_gz_app/share/ros_gz_app/package.zsh'
[1.016s] Level 1:colcon.colcon_core.environment:create_file_with_runtime_dependencies(/home/bhimirs/Documents/robotics/ros-lab-2-siddhu/install/ros_gz_app/share/colcon-core/packages/ros_gz_app)
[1.031s] DEBUG:colcon.colcon_core.event_handler.log_command:Invoking command in '/home/bhimirs/Documents/robotics/ros-lab-2-siddhu/build/ros_gz_gazebo': CMAKE_PREFIX_PATH=/home/bhimirs/Documents/robotics/ros-lab-2-siddhu/install/ros_gz_description:/opt/ros/jazzy/opt/gz_sim_vendor:/opt/ros/jazzy/opt/gz_sensors_vendor:/opt/ros/jazzy/opt/gz_physics_vendor:/opt/ros/jazzy/opt/sdformat_vendor:/opt/ros/jazzy/opt/gz_gui_vendor:/opt/ros/jazzy/opt/gz_transport_vendor:/opt/ros/jazzy/opt/gz_rendering_vendor:/opt/ros/jazzy/opt/gz_plugin_vendor:/opt/ros/jazzy/opt/gz_fuel_tools_vendor:/opt/ros/jazzy/opt/gz_msgs_vendor:/opt/ros/jazzy/opt/gz_common_vendor:/opt/ros/jazzy/opt/gz_math_vendor:/opt/ros/jazzy/opt/gz_utils_vendor:/opt/ros/jazzy/opt/gz_tools_vendor:/opt/ros/jazzy/opt/gz_ogre_next_vendor:/opt/ros/jazzy/opt/gz_dartsim_vendor:/opt/ros/jazzy/opt/gz_cmake_vendor:/opt/ros/jazzy CONDA_PROMPT_MODIFIER=(base) PS1=<ROS2-Jazzy>[\u@\h \W]$ /usr/bin/cmake --build /home/bhimirs/Documents/robotics/ros-lab-2-siddhu/build/ros_gz_gazebo -- -j28 -l28
[1.269s] DEBUG:colcon.colcon_core.event_handler.log_command:Invoked command in '/home/bhimirs/Documents/robotics/ros-lab-2-siddhu/build/ros_gz_gazebo' returned '0': CMAKE_PREFIX_PATH=/home/bhimirs/Documents/robotics/ros-lab-2-siddhu/install/ros_gz_description:/opt/ros/jazzy/opt/gz_sim_vendor:/opt/ros/jazzy/opt/gz_sensors_vendor:/opt/ros/jazzy/opt/gz_physics_vendor:/opt/ros/jazzy/opt/sdformat_vendor:/opt/ros/jazzy/opt/gz_gui_vendor:/opt/ros/jazzy/opt/gz_transport_vendor:/opt/ros/jazzy/opt/gz_rendering_vendor:/opt/ros/jazzy/opt/gz_plugin_vendor:/opt/ros/jazzy/opt/gz_fuel_tools_vendor:/opt/ros/jazzy/opt/gz_msgs_vendor:/opt/ros/jazzy/opt/gz_common_vendor:/opt/ros/jazzy/opt/gz_math_vendor:/opt/ros/jazzy/opt/gz_utils_vendor:/opt/ros/jazzy/opt/gz_tools_vendor:/opt/ros/jazzy/opt/gz_ogre_next_vendor:/opt/ros/jazzy/opt/gz_dartsim_vendor:/opt/ros/jazzy/opt/gz_cmake_vendor:/opt/ros/jazzy CONDA_PROMPT_MODIFIER=(base) PS1=<ROS2-Jazzy>[\u@\h \W]$ /usr/bin/cmake --build /home/bhimirs/Documents/robotics/ros-lab-2-siddhu/build/ros_gz_gazebo -- -j28 -l28
[1.275s] DEBUG:colcon.colcon_core.event_handler.log_command:Invoking command in '/home/bhimirs/Documents/robotics/ros-lab-2-siddhu/build/ros_gz_gazebo': CMAKE_PREFIX_PATH=/home/bhimirs/Documents/robotics/ros-lab-2-siddhu/install/ros_gz_description:/opt/ros/jazzy/opt/gz_sim_vendor:/opt/ros/jazzy/opt/gz_sensors_vendor:/opt/ros/jazzy/opt/gz_physics_vendor:/opt/ros/jazzy/opt/sdformat_vendor:/opt/ros/jazzy/opt/gz_gui_vendor:/opt/ros/jazzy/opt/gz_transport_vendor:/opt/ros/jazzy/opt/gz_rendering_vendor:/opt/ros/jazzy/opt/gz_plugin_vendor:/opt/ros/jazzy/opt/gz_fuel_tools_vendor:/opt/ros/jazzy/opt/gz_msgs_vendor:/opt/ros/jazzy/opt/gz_common_vendor:/opt/ros/jazzy/opt/gz_math_vendor:/opt/ros/jazzy/opt/gz_utils_vendor:/opt/ros/jazzy/opt/gz_tools_vendor:/opt/ros/jazzy/opt/gz_ogre_next_vendor:/opt/ros/jazzy/opt/gz_dartsim_vendor:/opt/ros/jazzy/opt/gz_cmake_vendor:/opt/ros/jazzy CONDA_PROMPT_MODIFIER=(base) PS1=<ROS2-Jazzy>[\u@\h \W]$ /usr/bin/cmake --install /home/bhimirs/Documents/robotics/ros-lab-2-siddhu/build/ros_gz_gazebo
[1.352s] Level 1:colcon.colcon_core.environment:create_environment_scripts_only(ros_gz_gazebo)
[1.352s] DEBUG:colcon.colcon_core.event_handler.log_command:Invoked command in '/home/bhimirs/Documents/robotics/ros-lab-2-siddhu/build/ros_gz_gazebo' returned '0': CMAKE_PREFIX_PATH=/home/bhimirs/Documents/robotics/ros-lab-2-siddhu/install/ros_gz_description:/opt/ros/jazzy/opt/gz_sim_vendor:/opt/ros/jazzy/opt/gz_sensors_vendor:/opt/ros/jazzy/opt/gz_physics_vendor:/opt/ros/jazzy/opt/sdformat_vendor:/opt/ros/jazzy/opt/gz_gui_vendor:/opt/ros/jazzy/opt/gz_transport_vendor:/opt/ros/jazzy/opt/gz_rendering_vendor:/opt/ros/jazzy/opt/gz_plugin_vendor:/opt/ros/jazzy/opt/gz_fuel_tools_vendor:/opt/ros/jazzy/opt/gz_msgs_vendor:/opt/ros/jazzy/opt/gz_common_vendor:/opt/ros/jazzy/opt/gz_math_vendor:/opt/ros/jazzy/opt/gz_utils_vendor:/opt/ros/jazzy/opt/gz_tools_vendor:/opt/ros/jazzy/opt/gz_ogre_next_vendor:/opt/ros/jazzy/opt/gz_dartsim_vendor:/opt/ros/jazzy/opt/gz_cmake_vendor:/opt/ros/jazzy CONDA_PROMPT_MODIFIER=(base) PS1=<ROS2-Jazzy>[\u@\h \W]$ /usr/bin/cmake --install /home/bhimirs/Documents/robotics/ros-lab-2-siddhu/build/ros_gz_gazebo
[1.353s] Level 1:colcon.colcon_core.environment:checking '/home/bhimirs/Documents/robotics/ros-lab-2-siddhu/install/ros_gz_gazebo' for CMake module files
[1.359s] Level 1:colcon.colcon_core.environment:checking '/home/bhimirs/Documents/robotics/ros-lab-2-siddhu/install/ros_gz_gazebo' for CMake config files
[1.363s] Level 1:colcon.colcon_core.shell:create_environment_hook('ros_gz_gazebo', 'cmake_prefix_path')
[1.363s] INFO:colcon.colcon_core.shell:Creating environment hook '/home/bhimirs/Documents/robotics/ros-lab-2-siddhu/install/ros_gz_gazebo/share/ros_gz_gazebo/hook/cmake_prefix_path.ps1'
[1.367s] INFO:colcon.colcon_core.shell:Creating environment descriptor '/home/bhimirs/Documents/robotics/ros-lab-2-siddhu/install/ros_gz_gazebo/share/ros_gz_gazebo/hook/cmake_prefix_path.dsv'
[1.370s] INFO:colcon.colcon_core.shell:Creating environment hook '/home/bhimirs/Documents/robotics/ros-lab-2-siddhu/install/ros_gz_gazebo/share/ros_gz_gazebo/hook/cmake_prefix_path.sh'
[1.375s] Level 1:colcon.colcon_core.environment:checking '/home/bhimirs/Documents/robotics/ros-lab-2-siddhu/install/ros_gz_gazebo/lib'
[1.375s] Level 1:colcon.colcon_core.environment:checking '/home/bhimirs/Documents/robotics/ros-lab-2-siddhu/install/ros_gz_gazebo/bin'
[1.375s] Level 1:colcon.colcon_core.environment:checking '/home/bhimirs/Documents/robotics/ros-lab-2-siddhu/install/ros_gz_gazebo/lib/pkgconfig/ros_gz_gazebo.pc'
[1.376s] Level 1:colcon.colcon_core.environment:checking '/home/bhimirs/Documents/robotics/ros-lab-2-siddhu/install/ros_gz_gazebo/lib/python3.12/site-packages'
[1.376s] Level 1:colcon.colcon_core.environment:checking '/home/bhimirs/Documents/robotics/ros-lab-2-siddhu/install/ros_gz_gazebo/bin'
[1.376s] INFO:colcon.colcon_core.shell:Creating package script '/home/bhimirs/Documents/robotics/ros-lab-2-siddhu/install/ros_gz_gazebo/share/ros_gz_gazebo/package.ps1'
[1.380s] INFO:colcon.colcon_core.shell:Creating package descriptor '/home/bhimirs/Documents/robotics/ros-lab-2-siddhu/install/ros_gz_gazebo/share/ros_gz_gazebo/package.dsv'
[1.383s] INFO:colcon.colcon_core.shell:Creating package script '/home/bhimirs/Documents/robotics/ros-lab-2-siddhu/install/ros_gz_gazebo/share/ros_gz_gazebo/package.sh'
[1.386s] INFO:colcon.colcon_core.shell:Creating package script '/home/bhimirs/Documents/robotics/ros-lab-2-siddhu/install/ros_gz_gazebo/share/ros_gz_gazebo/package.bash'
[1.389s] INFO:colcon.colcon_core.shell:Creating package script '/home/bhimirs/Documents/robotics/ros-lab-2-siddhu/install/ros_gz_gazebo/share/ros_gz_gazebo/package.zsh'
[1.392s] Level 1:colcon.colcon_core.environment:create_file_with_runtime_dependencies(/home/bhimirs/Documents/robotics/ros-lab-2-siddhu/install/ros_gz_gazebo/share/colcon-core/packages/ros_gz_gazebo)
[1.396s] Level 1:colcon.colcon_core.environment:create_environment_scripts_only(ros_gz_gazebo)
[1.397s] Level 1:colcon.colcon_core.environment:checking '/home/bhimirs/Documents/robotics/ros-lab-2-siddhu/install/ros_gz_gazebo' for CMake module files
[1.398s] Level 1:colcon.colcon_core.environment:checking '/home/bhimirs/Documents/robotics/ros-lab-2-siddhu/install/ros_gz_gazebo' for CMake config files
[1.400s] Level 1:colcon.colcon_core.shell:create_environment_hook('ros_gz_gazebo', 'cmake_prefix_path')
[1.400s] INFO:colcon.colcon_core.shell:Creating environment hook '/home/bhimirs/Documents/robotics/ros-lab-2-siddhu/install/ros_gz_gazebo/share/ros_gz_gazebo/hook/cmake_prefix_path.ps1'
[1.403s] INFO:colcon.colcon_core.shell:Creating environment descriptor '/home/bhimirs/Documents/robotics/ros-lab-2-siddhu/install/ros_gz_gazebo/share/ros_gz_gazebo/hook/cmake_prefix_path.dsv'
[1.406s] INFO:colcon.colcon_core.shell:Creating environment hook '/home/bhimirs/Documents/robotics/ros-lab-2-siddhu/install/ros_gz_gazebo/share/ros_gz_gazebo/hook/cmake_prefix_path.sh'
[1.409s] Level 1:colcon.colcon_core.environment:checking '/home/bhimirs/Documents/robotics/ros-lab-2-siddhu/install/ros_gz_gazebo/lib'
[1.410s] Level 1:colcon.colcon_core.environment:checking '/home/bhimirs/Documents/robotics/ros-lab-2-siddhu/install/ros_gz_gazebo/bin'
[1.410s] Level 1:colcon.colcon_core.environment:checking '/home/bhimirs/Documents/robotics/ros-lab-2-siddhu/install/ros_gz_gazebo/lib/pkgconfig/ros_gz_gazebo.pc'
[1.410s] Level 1:colcon.colcon_core.environment:checking '/home/bhimirs/Documents/robotics/ros-lab-2-siddhu/install/ros_gz_gazebo/lib/python3.12/site-packages'
[1.411s] Level 1:colcon.colcon_core.environment:checking '/home/bhimirs/Documents/robotics/ros-lab-2-siddhu/install/ros_gz_gazebo/bin'
[1.411s] INFO:colcon.colcon_core.shell:Creating package script '/home/bhimirs/Documents/robotics/ros-lab-2-siddhu/install/ros_gz_gazebo/share/ros_gz_gazebo/package.ps1'
[1.414s] INFO:colcon.colcon_core.shell:Creating package descriptor '/home/bhimirs/Documents/robotics/ros-lab-2-siddhu/install/ros_gz_gazebo/share/ros_gz_gazebo/package.dsv'
[1.417s] INFO:colcon.colcon_core.shell:Creating package script '/home/bhimirs/Documents/robotics/ros-lab-2-siddhu/install/ros_gz_gazebo/share/ros_gz_gazebo/package.sh'
[1.420s] INFO:colcon.colcon_core.shell:Creating package script '/home/bhimirs/Documents/robotics/ros-lab-2-siddhu/install/ros_gz_gazebo/share/ros_gz_gazebo/package.bash'
[1.424s] INFO:colcon.colcon_core.shell:Creating package script '/home/bhimirs/Documents/robotics/ros-lab-2-siddhu/install/ros_gz_gazebo/share/ros_gz_gazebo/package.zsh'
[1.427s] Level 1:colcon.colcon_core.environment:create_file_with_runtime_dependencies(/home/bhimirs/Documents/robotics/ros-lab-2-siddhu/install/ros_gz_gazebo/share/colcon-core/packages/ros_gz_gazebo)
[1.429s] INFO:colcon.colcon_ros.task.ament_cmake.build:Building ROS package in '/home/bhimirs/Documents/robotics/ros-lab-2-siddhu/ros_gz_bringup' with build type 'ament_cmake'
[1.429s] INFO:colcon.colcon_cmake.task.cmake.build:Building CMake package in '/home/bhimirs/Documents/robotics/ros-lab-2-siddhu/ros_gz_bringup'
[1.429s] INFO:colcon.colcon_core.shell:Skip shell extension 'powershell' for command environment: Not usable outside of PowerShell
[1.429s] DEBUG:colcon.colcon_core.shell:Skip shell extension 'dsv' for command environment
[1.467s] DEBUG:colcon.colcon_core.event_handler.log_command:Invoking command in '/home/bhimirs/Documents/robotics/ros-lab-2-siddhu/build/ros_gz_bringup': AMENT_PREFIX_PATH=/home/bhimirs/Documents/robotics/ros-lab-2-siddhu/install/ros_gz_gazebo:${AMENT_PREFIX_PATH} CMAKE_PREFIX_PATH=/home/bhimirs/Documents/robotics/ros-lab-2-siddhu/install/ros_gz_gazebo:/home/bhimirs/Documents/robotics/ros-lab-2-siddhu/install/ros_gz_description:/opt/ros/jazzy/opt/gz_sim_vendor:/opt/ros/jazzy/opt/gz_sensors_vendor:/opt/ros/jazzy/opt/gz_physics_vendor:/opt/ros/jazzy/opt/sdformat_vendor:/opt/ros/jazzy/opt/gz_gui_vendor:/opt/ros/jazzy/opt/gz_transport_vendor:/opt/ros/jazzy/opt/gz_rendering_vendor:/opt/ros/jazzy/opt/gz_plugin_vendor:/opt/ros/jazzy/opt/gz_fuel_tools_vendor:/opt/ros/jazzy/opt/gz_msgs_vendor:/opt/ros/jazzy/opt/gz_common_vendor:/opt/ros/jazzy/opt/gz_math_vendor:/opt/ros/jazzy/opt/gz_utils_vendor:/opt/ros/jazzy/opt/gz_tools_vendor:/opt/ros/jazzy/opt/gz_ogre_next_vendor:/opt/ros/jazzy/opt/gz_dartsim_vendor:/opt/ros/jazzy/opt/gz_cmake_vendor:/opt/ros/jazzy CONDA_PROMPT_MODIFIER=(base) GZ_SIM_PLUGIN_PATH=/home/bhimirs/Documents/robotics/ros-lab-2-siddhu/install/ros_gz_gazebo/lib/ros_gz_gazebo GZ_SIM_RESOURCE_PATH=/home/bhimirs/Documents/robotics/ros-lab-2-siddhu/install/ros_gz_gazebo/share/ros_gz_gazebo/worlds PS1=<ROS2-Jazzy>[\u@\h \W]$ /usr/bin/cmake --build /home/bhimirs/Documents/robotics/ros-lab-2-siddhu/build/ros_gz_bringup -- -j28 -l28
[1.566s] DEBUG:colcon.colcon_core.event_handler.log_command:Invoked command in '/home/bhimirs/Documents/robotics/ros-lab-2-siddhu/build/ros_gz_bringup' returned '0': AMENT_PREFIX_PATH=/home/bhimirs/Documents/robotics/ros-lab-2-siddhu/install/ros_gz_gazebo:${AMENT_PREFIX_PATH} CMAKE_PREFIX_PATH=/home/bhimirs/Documents/robotics/ros-lab-2-siddhu/install/ros_gz_gazebo:/home/bhimirs/Documents/robotics/ros-lab-2-siddhu/install/ros_gz_description:/opt/ros/jazzy/opt/gz_sim_vendor:/opt/ros/jazzy/opt/gz_sensors_vendor:/opt/ros/jazzy/opt/gz_physics_vendor:/opt/ros/jazzy/opt/sdformat_vendor:/opt/ros/jazzy/opt/gz_gui_vendor:/opt/ros/jazzy/opt/gz_transport_vendor:/opt/ros/jazzy/opt/gz_rendering_vendor:/opt/ros/jazzy/opt/gz_plugin_vendor:/opt/ros/jazzy/opt/gz_fuel_tools_vendor:/opt/ros/jazzy/opt/gz_msgs_vendor:/opt/ros/jazzy/opt/gz_common_vendor:/opt/ros/jazzy/opt/gz_math_vendor:/opt/ros/jazzy/opt/gz_utils_vendor:/opt/ros/jazzy/opt/gz_tools_vendor:/opt/ros/jazzy/opt/gz_ogre_next_vendor:/opt/ros/jazzy/opt/gz_dartsim_vendor:/opt/ros/jazzy/opt/gz_cmake_vendor:/opt/ros/jazzy CONDA_PROMPT_MODIFIER=(base) GZ_SIM_PLUGIN_PATH=/home/bhimirs/Documents/robotics/ros-lab-2-siddhu/install/ros_gz_gazebo/lib/ros_gz_gazebo GZ_SIM_RESOURCE_PATH=/home/bhimirs/Documents/robotics/ros-lab-2-siddhu/install/ros_gz_gazebo/share/ros_gz_gazebo/worlds PS1=<ROS2-Jazzy>[\u@\h \W]$ /usr/bin/cmake --build /home/bhimirs/Documents/robotics/ros-lab-2-siddhu/build/ros_gz_bringup -- -j28 -l28
[1.573s] DEBUG:colcon.colcon_core.event_handler.log_command:Invoking command in '/home/bhimirs/Documents/robotics/ros-lab-2-siddhu/build/ros_gz_bringup': AMENT_PREFIX_PATH=/home/bhimirs/Documents/robotics/ros-lab-2-siddhu/install/ros_gz_gazebo:${AMENT_PREFIX_PATH} CMAKE_PREFIX_PATH=/home/bhimirs/Documents/robotics/ros-lab-2-siddhu/install/ros_gz_gazebo:/home/bhimirs/Documents/robotics/ros-lab-2-siddhu/install/ros_gz_description:/opt/ros/jazzy/opt/gz_sim_vendor:/opt/ros/jazzy/opt/gz_sensors_vendor:/opt/ros/jazzy/opt/gz_physics_vendor:/opt/ros/jazzy/opt/sdformat_vendor:/opt/ros/jazzy/opt/gz_gui_vendor:/opt/ros/jazzy/opt/gz_transport_vendor:/opt/ros/jazzy/opt/gz_rendering_vendor:/opt/ros/jazzy/opt/gz_plugin_vendor:/opt/ros/jazzy/opt/gz_fuel_tools_vendor:/opt/ros/jazzy/opt/gz_msgs_vendor:/opt/ros/jazzy/opt/gz_common_vendor:/opt/ros/jazzy/opt/gz_math_vendor:/opt/ros/jazzy/opt/gz_utils_vendor:/opt/ros/jazzy/opt/gz_tools_vendor:/opt/ros/jazzy/opt/gz_ogre_next_vendor:/opt/ros/jazzy/opt/gz_dartsim_vendor:/opt/ros/jazzy/opt/gz_cmake_vendor:/opt/ros/jazzy CONDA_PROMPT_MODIFIER=(base) GZ_SIM_PLUGIN_PATH=/home/bhimirs/Documents/robotics/ros-lab-2-siddhu/install/ros_gz_gazebo/lib/ros_gz_gazebo GZ_SIM_RESOURCE_PATH=/home/bhimirs/Documents/robotics/ros-lab-2-siddhu/install/ros_gz_gazebo/share/ros_gz_gazebo/worlds PS1=<ROS2-Jazzy>[\u@\h \W]$ /usr/bin/cmake --install /home/bhimirs/Documents/robotics/ros-lab-2-siddhu/build/ros_gz_bringup
[1.630s] Level 1:colcon.colcon_core.environment:create_environment_scripts_only(ros_gz_bringup)
[1.631s] DEBUG:colcon.colcon_core.event_handler.log_command:Invoked command in '/home/bhimirs/Documents/robotics/ros-lab-2-siddhu/build/ros_gz_bringup' returned '0': AMENT_PREFIX_PATH=/home/bhimirs/Documents/robotics/ros-lab-2-siddhu/install/ros_gz_gazebo:${AMENT_PREFIX_PATH} CMAKE_PREFIX_PATH=/home/bhimirs/Documents/robotics/ros-lab-2-siddhu/install/ros_gz_gazebo:/home/bhimirs/Documents/robotics/ros-lab-2-siddhu/install/ros_gz_description:/opt/ros/jazzy/opt/gz_sim_vendor:/opt/ros/jazzy/opt/gz_sensors_vendor:/opt/ros/jazzy/opt/gz_physics_vendor:/opt/ros/jazzy/opt/sdformat_vendor:/opt/ros/jazzy/opt/gz_gui_vendor:/opt/ros/jazzy/opt/gz_transport_vendor:/opt/ros/jazzy/opt/gz_rendering_vendor:/opt/ros/jazzy/opt/gz_plugin_vendor:/opt/ros/jazzy/opt/gz_fuel_tools_vendor:/opt/ros/jazzy/opt/gz_msgs_vendor:/opt/ros/jazzy/opt/gz_common_vendor:/opt/ros/jazzy/opt/gz_math_vendor:/opt/ros/jazzy/opt/gz_utils_vendor:/opt/ros/jazzy/opt/gz_tools_vendor:/opt/ros/jazzy/opt/gz_ogre_next_vendor:/opt/ros/jazzy/opt/gz_dartsim_vendor:/opt/ros/jazzy/opt/gz_cmake_vendor:/opt/ros/jazzy CONDA_PROMPT_MODIFIER=(base) GZ_SIM_PLUGIN_PATH=/home/bhimirs/Documents/robotics/ros-lab-2-siddhu/install/ros_gz_gazebo/lib/ros_gz_gazebo GZ_SIM_RESOURCE_PATH=/home/bhimirs/Documents/robotics/ros-lab-2-siddhu/install/ros_gz_gazebo/share/ros_gz_gazebo/worlds PS1=<ROS2-Jazzy>[\u@\h \W]$ /usr/bin/cmake --install /home/bhimirs/Documents/robotics/ros-lab-2-siddhu/build/ros_gz_bringup
[1.631s] Level 1:colcon.colcon_core.environment:checking '/home/bhimirs/Documents/robotics/ros-lab-2-siddhu/install/ros_gz_bringup' for CMake module files
[1.635s] Level 1:colcon.colcon_core.environment:checking '/home/bhimirs/Documents/robotics/ros-lab-2-siddhu/install/ros_gz_bringup' for CMake config files
[1.639s] Level 1:colcon.colcon_core.shell:create_environment_hook('ros_gz_bringup', 'cmake_prefix_path')
[1.639s] INFO:colcon.colcon_core.shell:Creating environment hook '/home/bhimirs/Documents/robotics/ros-lab-2-siddhu/install/ros_gz_bringup/share/ros_gz_bringup/hook/cmake_prefix_path.ps1'
[1.642s] INFO:colcon.colcon_core.shell:Creating environment descriptor '/home/bhimirs/Documents/robotics/ros-lab-2-siddhu/install/ros_gz_bringup/share/ros_gz_bringup/hook/cmake_prefix_path.dsv'
[1.645s] INFO:colcon.colcon_core.shell:Creating environment hook '/home/bhimirs/Documents/robotics/ros-lab-2-siddhu/install/ros_gz_bringup/share/ros_gz_bringup/hook/cmake_prefix_path.sh'
[1.649s] Level 1:colcon.colcon_core.environment:checking '/home/bhimirs/Documents/robotics/ros-lab-2-siddhu/install/ros_gz_bringup/bin'
[1.649s] Level 1:colcon.colcon_core.environment:checking '/home/bhimirs/Documents/robotics/ros-lab-2-siddhu/install/ros_gz_bringup/lib/pkgconfig/ros_gz_bringup.pc'
[1.649s] Level 1:colcon.colcon_core.environment:checking '/home/bhimirs/Documents/robotics/ros-lab-2-siddhu/install/ros_gz_bringup/lib/python3.12/site-packages'
[1.650s] Level 1:colcon.colcon_core.environment:checking '/home/bhimirs/Documents/robotics/ros-lab-2-siddhu/install/ros_gz_bringup/bin'
[1.650s] INFO:colcon.colcon_core.shell:Creating package script '/home/bhimirs/Documents/robotics/ros-lab-2-siddhu/install/ros_gz_bringup/share/ros_gz_bringup/package.ps1'
[1.654s] INFO:colcon.colcon_core.shell:Creating package descriptor '/home/bhimirs/Documents/robotics/ros-lab-2-siddhu/install/ros_gz_bringup/share/ros_gz_bringup/package.dsv'
[1.657s] INFO:colcon.colcon_core.shell:Creating package script '/home/bhimirs/Documents/robotics/ros-lab-2-siddhu/install/ros_gz_bringup/share/ros_gz_bringup/package.sh'
[1.660s] INFO:colcon.colcon_core.shell:Creating package script '/home/bhimirs/Documents/robotics/ros-lab-2-siddhu/install/ros_gz_bringup/share/ros_gz_bringup/package.bash'
[1.663s] INFO:colcon.colcon_core.shell:Creating package script '/home/bhimirs/Documents/robotics/ros-lab-2-siddhu/install/ros_gz_bringup/share/ros_gz_bringup/package.zsh'
[1.666s] Level 1:colcon.colcon_core.environment:create_file_with_runtime_dependencies(/home/bhimirs/Documents/robotics/ros-lab-2-siddhu/install/ros_gz_bringup/share/colcon-core/packages/ros_gz_bringup)
[1.670s] Level 1:colcon.colcon_core.environment:create_environment_scripts_only(ros_gz_bringup)
[1.670s] Level 1:colcon.colcon_core.environment:checking '/home/bhimirs/Documents/robotics/ros-lab-2-siddhu/install/ros_gz_bringup' for CMake module files
[1.672s] Level 1:colcon.colcon_core.environment:checking '/home/bhimirs/Documents/robotics/ros-lab-2-siddhu/install/ros_gz_bringup' for CMake config files
[1.673s] Level 1:colcon.colcon_core.shell:create_environment_hook('ros_gz_bringup', 'cmake_prefix_path')
[1.673s] INFO:colcon.colcon_core.shell:Creating environment hook '/home/bhimirs/Documents/robotics/ros-lab-2-siddhu/install/ros_gz_bringup/share/ros_gz_bringup/hook/cmake_prefix_path.ps1'
[1.677s] INFO:colcon.colcon_core.shell:Creating environment descriptor '/home/bhimirs/Documents/robotics/ros-lab-2-siddhu/install/ros_gz_bringup/share/ros_gz_bringup/hook/cmake_prefix_path.dsv'
[1.679s] INFO:colcon.colcon_core.shell:Creating environment hook '/home/bhimirs/Documents/robotics/ros-lab-2-siddhu/install/ros_gz_bringup/share/ros_gz_bringup/hook/cmake_prefix_path.sh'
[1.683s] Level 1:colcon.colcon_core.environment:checking '/home/bhimirs/Documents/robotics/ros-lab-2-siddhu/install/ros_gz_bringup/bin'
[1.683s] Level 1:colcon.colcon_core.environment:checking '/home/bhimirs/Documents/robotics/ros-lab-2-siddhu/install/ros_gz_bringup/lib/pkgconfig/ros_gz_bringup.pc'
[1.683s] Level 1:colcon.colcon_core.environment:checking '/home/bhimirs/Documents/robotics/ros-lab-2-siddhu/install/ros_gz_bringup/lib/python3.12/site-packages'
[1.684s] Level 1:colcon.colcon_core.environment:checking '/home/bhimirs/Documents/robotics/ros-lab-2-siddhu/install/ros_gz_bringup/bin'
[1.684s] INFO:colcon.colcon_core.shell:Creating package script '/home/bhimirs/Documents/robotics/ros-lab-2-siddhu/install/ros_gz_bringup/share/ros_gz_bringup/package.ps1'
[1.687s] INFO:colcon.colcon_core.shell:Creating package descriptor '/home/bhimirs/Documents/robotics/ros-lab-2-siddhu/install/ros_gz_bringup/share/ros_gz_bringup/package.dsv'
[1.690s] INFO:colcon.colcon_core.shell:Creating package script '/home/bhimirs/Documents/robotics/ros-lab-2-siddhu/install/ros_gz_bringup/share/ros_gz_bringup/package.sh'
[1.693s] INFO:colcon.colcon_core.shell:Creating package script '/home/bhimirs/Documents/robotics/ros-lab-2-siddhu/install/ros_gz_bringup/share/ros_gz_bringup/package.bash'
[1.696s] INFO:colcon.colcon_core.shell:Creating package script '/home/bhimirs/Documents/robotics/ros-lab-2-siddhu/install/ros_gz_bringup/share/ros_gz_bringup/package.zsh'
[1.699s] Level 1:colcon.colcon_core.environment:create_file_with_runtime_dependencies(/home/bhimirs/Documents/robotics/ros-lab-2-siddhu/install/ros_gz_bringup/share/colcon-core/packages/ros_gz_bringup)
[1.702s] DEBUG:colcon.colcon_parallel_executor.executor.parallel:closing loop
[1.702s] DEBUG:colcon.colcon_parallel_executor.executor.parallel:loop closed
[1.702s] DEBUG:colcon.colcon_parallel_executor.executor.parallel:run_until_complete finished with '0'
[1.702s] DEBUG:colcon.colcon_core.event_reactor:joining thread
[1.757s] INFO:colcon.colcon_core.plugin_system:Skipping extension 'colcon_notification.desktop_notification.notify_send': Could not find 'notify-send'
[1.757s] INFO:colcon.colcon_core.plugin_system:Skipping extension 'colcon_notification.desktop_notification.terminal_notifier': Not used on non-Darwin systems
[1.758s] INFO:colcon.colcon_core.plugin_system:Skipping extension 'colcon_notification.desktop_notification.win32': Not used on non-Windows systems
[1.758s] INFO:colcon.colcon_notification.desktop_notification:Sending desktop notification using 'notify2'
[1.775s] DEBUG:colcon.colcon_core.event_reactor:joined thread
[1.776s] INFO:colcon.colcon_core.shell:Creating prefix script '/home/bhimirs/Documents/robotics/ros-lab-2-siddhu/install/local_setup.ps1'
[1.779s] INFO:colcon.colcon_core.shell:Creating prefix util module '/home/bhimirs/Documents/robotics/ros-lab-2-siddhu/install/_local_setup_util_ps1.py'
[1.783s] INFO:colcon.colcon_core.shell:Creating prefix chain script '/home/bhimirs/Documents/robotics/ros-lab-2-siddhu/install/setup.ps1'
[1.786s] INFO:colcon.colcon_core.shell:Creating prefix script '/home/bhimirs/Documents/robotics/ros-lab-2-siddhu/install/local_setup.sh'
[1.788s] INFO:colcon.colcon_core.shell:Creating prefix util module '/home/bhimirs/Documents/robotics/ros-lab-2-siddhu/install/_local_setup_util_sh.py'
[1.792s] INFO:colcon.colcon_core.shell:Creating prefix chain script '/home/bhimirs/Documents/robotics/ros-lab-2-siddhu/install/setup.sh'
[1.795s] INFO:colcon.colcon_core.shell:Creating prefix script '/home/bhimirs/Documents/robotics/ros-lab-2-siddhu/install/local_setup.bash'
[1.798s] INFO:colcon.colcon_core.shell:Creating prefix chain script '/home/bhimirs/Documents/robotics/ros-lab-2-siddhu/install/setup.bash'
[1.802s] INFO:colcon.colcon_core.shell:Creating prefix script '/home/bhimirs/Documents/robotics/ros-lab-2-siddhu/install/local_setup.zsh'
[1.805s] INFO:colcon.colcon_core.shell:Creating prefix chain script '/home/bhimirs/Documents/robotics/ros-lab-2-siddhu/install/setup.zsh'
