[2.098s] Invoking command in '/home/bhimirs/Documents/robotics/ros-lab-2-siddhu/py_pubsub': CONDA_PROMPT_MODIFIER=(base) PS1=<ROS2-Jazzy>[\u@\h \W]$ PYTHONPATH=/home/bhimirs/Documents/robotics/ros-lab-2-siddhu/build/py_pubsub/prefix_override:/usr/lib/python3/dist-packages/colcon_core/task/python/colcon_distutils_commands:/home/bhimirs/Documents/robotics/ros-lab-2-siddhu/install/py_pubsub/lib/python3.12/site-packages:${PYTHONPATH} /usr/bin/python3 -W ignore:setup.py install is deprecated -W ignore:easy_install command is deprecated setup.py egg_info --egg-base ../build/py_pubsub build --build-base /home/bhimirs/Documents/robotics/ros-lab-2-siddhu/build/py_pubsub/build install --record /home/bhimirs/Documents/robotics/ros-lab-2-siddhu/build/py_pubsub/install.log --single-version-externally-managed install_data
[2.241s] /research/hutchinson/workspace/bhimirs/miniconda_3/lib/python3.12/site-packages/setuptools/_distutils/dist.py:270: UserWarning: Unknown distribution option: 'tests_require'
[2.241s]   warnings.warn(msg)
[2.303s] running egg_info
[2.313s] creating ../build/py_pubsub/py_pubsub.egg-info
[2.314s] writing ../build/py_pubsub/py_pubsub.egg-info/PKG-INFO
[2.318s] writing dependency_links to ../build/py_pubsub/py_pubsub.egg-info/dependency_links.txt
[2.320s] writing entry points to ../build/py_pubsub/py_pubsub.egg-info/entry_points.txt
[2.321s] writing requirements to ../build/py_pubsub/py_pubsub.egg-info/requires.txt
[2.322s] writing top-level names to ../build/py_pubsub/py_pubsub.egg-info/top_level.txt
[2.324s] writing manifest file '../build/py_pubsub/py_pubsub.egg-info/SOURCES.txt'
[2.348s] reading manifest file '../build/py_pubsub/py_pubsub.egg-info/SOURCES.txt'
[2.350s] writing manifest file '../build/py_pubsub/py_pubsub.egg-info/SOURCES.txt'
[2.352s] running build
[2.352s] running build_py
[2.352s] creating /home/bhimirs/Documents/robotics/ros-lab-2-siddhu/build/py_pubsub/build/lib/py_pubsub
[2.355s] copying py_pubsub/publisher_member_function.py -> /home/bhimirs/Documents/robotics/ros-lab-2-siddhu/build/py_pubsub/build/lib/py_pubsub
[2.359s] copying py_pubsub/__init__.py -> /home/bhimirs/Documents/robotics/ros-lab-2-siddhu/build/py_pubsub/build/lib/py_pubsub
[2.361s] running install
[2.364s] running install_lib
[2.376s] creating /home/bhimirs/Documents/robotics/ros-lab-2-siddhu/install/py_pubsub/lib/python3.12/site-packages/py_pubsub
[2.377s] copying /home/bhimirs/Documents/robotics/ros-lab-2-siddhu/build/py_pubsub/build/lib/py_pubsub/__init__.py -> /home/bhimirs/Documents/robotics/ros-lab-2-siddhu/install/py_pubsub/lib/python3.12/site-packages/py_pubsub
[2.380s] copying /home/bhimirs/Documents/robotics/ros-lab-2-siddhu/build/py_pubsub/build/lib/py_pubsub/publisher_member_function.py -> /home/bhimirs/Documents/robotics/ros-lab-2-siddhu/install/py_pubsub/lib/python3.12/site-packages/py_pubsub
[2.384s] byte-compiling /home/bhimirs/Documents/robotics/ros-lab-2-siddhu/install/py_pubsub/lib/python3.12/site-packages/py_pubsub/__init__.py to __init__.cpython-312.pyc
[2.388s] byte-compiling /home/bhimirs/Documents/robotics/ros-lab-2-siddhu/install/py_pubsub/lib/python3.12/site-packages/py_pubsub/publisher_member_function.py to publisher_member_function.cpython-312.pyc
[2.392s] running install_data
[2.393s] creating /home/bhimirs/Documents/robotics/ros-lab-2-siddhu/install/py_pubsub/share/ament_index/resource_index/packages
[2.396s] copying resource/py_pubsub -> /home/bhimirs/Documents/robotics/ros-lab-2-siddhu/install/py_pubsub/share/ament_index/resource_index/packages
[2.399s] copying package.xml -> /home/bhimirs/Documents/robotics/ros-lab-2-siddhu/install/py_pubsub/share/py_pubsub
[2.402s] running install_egg_info
[2.421s] Copying ../build/py_pubsub/py_pubsub.egg-info to /home/bhimirs/Documents/robotics/ros-lab-2-siddhu/install/py_pubsub/lib/python3.12/site-packages/py_pubsub-0.0.0-py3.12.egg-info
[2.455s] running install_scripts
[2.691s] Installing talker script to /home/bhimirs/Documents/robotics/ros-lab-2-siddhu/install/py_pubsub/lib/py_pubsub
[2.694s] writing list of installed files to '/home/bhimirs/Documents/robotics/ros-lab-2-siddhu/build/py_pubsub/install.log'
[2.708s] Invoked command in '/home/bhimirs/Documents/robotics/ros-lab-2-siddhu/py_pubsub' returned '0': CONDA_PROMPT_MODIFIER=(base) PS1=<ROS2-Jazzy>[\u@\h \W]$ PYTHONPATH=/home/bhimirs/Documents/robotics/ros-lab-2-siddhu/build/py_pubsub/prefix_override:/usr/lib/python3/dist-packages/colcon_core/task/python/colcon_distutils_commands:/home/bhimirs/Documents/robotics/ros-lab-2-siddhu/install/py_pubsub/lib/python3.12/site-packages:${PYTHONPATH} /usr/bin/python3 -W ignore:setup.py install is deprecated -W ignore:easy_install command is deprecated setup.py egg_info --egg-base ../build/py_pubsub build --build-base /home/bhimirs/Documents/robotics/ros-lab-2-siddhu/build/py_pubsub/build install --record /home/bhimirs/Documents/robotics/ros-lab-2-siddhu/build/py_pubsub/install.log --single-version-externally-managed install_data
