[0.179s] Invoking command in '/home/bhimirs/Documents/robotics/ros-lab-2-siddhu/build/ros_gz_app': CMAKE_PREFIX_PATH=${CMAKE_PREFIX_PATH}:/home/bhimirs/Documents/robotics/ros-lab-2-siddhu/install/py_pubsub:/opt/ros/jazzy CONDA_PROMPT_MODIFIER=(base) PS1=<ROS2-Jazzy>[\u@\h \W]$ /usr/bin/cmake --build /home/bhimirs/Documents/robotics/ros-lab-2-siddhu/build/ros_gz_app -- -j28 -l28
[0.212s] Invoked command in '/home/bhimirs/Documents/robotics/ros-lab-2-siddhu/build/ros_gz_app' returned '0': CMAKE_PREFIX_PATH=${CMAKE_PREFIX_PATH}:/home/bhimirs/Documents/robotics/ros-lab-2-siddhu/install/py_pubsub:/opt/ros/jazzy CONDA_PROMPT_MODIFIER=(base) PS1=<ROS2-Jazzy>[\u@\h \W]$ /usr/bin/cmake --build /home/bhimirs/Documents/robotics/ros-lab-2-siddhu/build/ros_gz_app -- -j28 -l28
[0.213s] Invoking command in '/home/bhimirs/Documents/robotics/ros-lab-2-siddhu/build/ros_gz_app': CMAKE_PREFIX_PATH=${CMAKE_PREFIX_PATH}:/home/bhimirs/Documents/robotics/ros-lab-2-siddhu/install/py_pubsub:/opt/ros/jazzy CONDA_PROMPT_MODIFIER=(base) PS1=<ROS2-Jazzy>[\u@\h \W]$ /usr/bin/cmake --install /home/bhimirs/Documents/robotics/ros-lab-2-siddhu/build/ros_gz_app
[0.224s] -- Install configuration: ""
[0.224s] -- Up-to-date: /home/bhimirs/Documents/robotics/ros-lab-2-siddhu/install/ros_gz_app/share/ament_index/resource_index/package_run_dependencies/ros_gz_app
[0.225s] -- Up-to-date: /home/bhimirs/Documents/robotics/ros-lab-2-siddhu/install/ros_gz_app/share/ament_index/resource_index/parent_prefix_path/ros_gz_app
[0.225s] -- Up-to-date: /home/bhimirs/Documents/robotics/ros-lab-2-siddhu/install/ros_gz_app/share/ros_gz_app/environment/ament_prefix_path.sh
[0.226s] -- Up-to-date: /home/bhimirs/Documents/robotics/ros-lab-2-siddhu/install/ros_gz_app/share/ros_gz_app/environment/ament_prefix_path.dsv
[0.227s] -- Up-to-date: /home/bhimirs/Documents/robotics/ros-lab-2-siddhu/install/ros_gz_app/share/ros_gz_app/environment/path.sh
[0.228s] -- Up-to-date: /home/bhimirs/Documents/robotics/ros-lab-2-siddhu/install/ros_gz_app/share/ros_gz_app/environment/path.dsv
[0.229s] -- Up-to-date: /home/bhimirs/Documents/robotics/ros-lab-2-siddhu/install/ros_gz_app/share/ros_gz_app/local_setup.bash
[0.229s] -- Up-to-date: /home/bhimirs/Documents/robotics/ros-lab-2-siddhu/install/ros_gz_app/share/ros_gz_app/local_setup.sh
[0.230s] -- Up-to-date: /home/bhimirs/Documents/robotics/ros-lab-2-siddhu/install/ros_gz_app/share/ros_gz_app/local_setup.zsh
[0.231s] -- Up-to-date: /home/bhimirs/Documents/robotics/ros-lab-2-siddhu/install/ros_gz_app/share/ros_gz_app/local_setup.dsv
[0.231s] -- Installing: /home/bhimirs/Documents/robotics/ros-lab-2-siddhu/install/ros_gz_app/share/ros_gz_app/package.dsv
[0.238s] -- Up-to-date: /home/bhimirs/Documents/robotics/ros-lab-2-siddhu/install/ros_gz_app/share/ament_index/resource_index/packages/ros_gz_app
[0.238s] -- Up-to-date: /home/bhimirs/Documents/robotics/ros-lab-2-siddhu/install/ros_gz_app/share/ros_gz_app/cmake/ros_gz_appConfig.cmake
[0.239s] -- Up-to-date: /home/bhimirs/Documents/robotics/ros-lab-2-siddhu/install/ros_gz_app/share/ros_gz_app/cmake/ros_gz_appConfig-version.cmake
[0.240s] -- Up-to-date: /home/bhimirs/Documents/robotics/ros-lab-2-siddhu/install/ros_gz_app/share/ros_gz_app/package.xml
[0.273s] Invoked command in '/home/bhimirs/Documents/robotics/ros-lab-2-siddhu/build/ros_gz_app' returned '0': CMAKE_PREFIX_PATH=${CMAKE_PREFIX_PATH}:/home/bhimirs/Documents/robotics/ros-lab-2-siddhu/install/py_pubsub:/opt/ros/jazzy CONDA_PROMPT_MODIFIER=(base) PS1=<ROS2-Jazzy>[\u@\h \W]$ /usr/bin/cmake --install /home/bhimirs/Documents/robotics/ros-lab-2-siddhu/build/ros_gz_app
