[0.931s] Invoking command in '/home/bhimirs/Documents/robotics/ros-lab-2-siddhu/py_pubsub': CONDA_PROMPT_MODIFIER=(base) PS1=<ROS2-Jazzy>[\u@\h \W]$ PYTHONPATH=/home/bhimirs/Documents/robotics/ros-lab-2-siddhu/build/py_pubsub/prefix_override:/usr/lib/python3/dist-packages/colcon_core/task/python/colcon_distutils_commands:/home/bhimirs/Documents/robotics/ros-lab-2-siddhu/install/py_pubsub/lib/python3.12/site-packages:${PYTHONPATH} /usr/bin/python3 -W ignore:setup.py install is deprecated -W ignore:easy_install command is deprecated setup.py egg_info --egg-base ../build/py_pubsub build --build-base /home/bhimirs/Documents/robotics/ros-lab-2-siddhu/build/py_pubsub/build install --record /home/bhimirs/Documents/robotics/ros-lab-2-siddhu/build/py_pubsub/install.log --single-version-externally-managed install_data
[1.039s] /research/hutchinson/workspace/bhimirs/miniconda_3/lib/python3.12/site-packages/setuptools/_distutils/dist.py:270: UserWarning: Unknown distribution option: 'tests_require'
[1.039s]   warnings.warn(msg)
[1.105s] running egg_info
[1.116s] writing ../build/py_pubsub/py_pubsub.egg-info/PKG-INFO
[1.121s] writing dependency_links to ../build/py_pubsub/py_pubsub.egg-info/dependency_links.txt
[1.123s] writing entry points to ../build/py_pubsub/py_pubsub.egg-info/entry_points.txt
[1.126s] writing requirements to ../build/py_pubsub/py_pubsub.egg-info/requires.txt
[1.128s] writing top-level names to ../build/py_pubsub/py_pubsub.egg-info/top_level.txt
[1.182s] reading manifest file '../build/py_pubsub/py_pubsub.egg-info/SOURCES.txt'
[1.185s] writing manifest file '../build/py_pubsub/py_pubsub.egg-info/SOURCES.txt'
[1.187s] running build
[1.187s] running build_py
[1.189s] copying py_pubsub/publisher_member_function.py -> /home/bhimirs/Documents/robotics/ros-lab-2-siddhu/build/py_pubsub/build/lib/py_pubsub
[1.193s] copying py_pubsub/__init__.py -> /home/bhimirs/Documents/robotics/ros-lab-2-siddhu/build/py_pubsub/build/lib/py_pubsub
[1.197s] running install
[1.206s] running install_lib
[1.231s] copying /home/bhimirs/Documents/robotics/ros-lab-2-siddhu/build/py_pubsub/build/lib/py_pubsub/publisher_member_function.py -> /home/bhimirs/Documents/robotics/ros-lab-2-siddhu/install/py_pubsub/lib/python3.12/site-packages/py_pubsub
[1.237s] byte-compiling /home/bhimirs/Documents/robotics/ros-lab-2-siddhu/install/py_pubsub/lib/python3.12/site-packages/py_pubsub/publisher_member_function.py to publisher_member_function.cpython-312.pyc
[1.243s] running install_data
[1.244s] copying resource/py_pubsub -> /home/bhimirs/Documents/robotics/ros-lab-2-siddhu/install/py_pubsub/share/ament_index/resource_index/packages
[1.249s] copying package.xml -> /home/bhimirs/Documents/robotics/ros-lab-2-siddhu/install/py_pubsub/share/py_pubsub
[1.253s] running install_egg_info
[1.301s] removing '/home/bhimirs/Documents/robotics/ros-lab-2-siddhu/install/py_pubsub/lib/python3.12/site-packages/py_pubsub-0.0.0-py3.12.egg-info' (and everything under it)
[1.310s] Copying ../build/py_pubsub/py_pubsub.egg-info to /home/bhimirs/Documents/robotics/ros-lab-2-siddhu/install/py_pubsub/lib/python3.12/site-packages/py_pubsub-0.0.0-py3.12.egg-info
[1.351s] running install_scripts
[1.646s] Installing talker script to /home/bhimirs/Documents/robotics/ros-lab-2-siddhu/install/py_pubsub/lib/py_pubsub
[1.650s] writing list of installed files to '/home/bhimirs/Documents/robotics/ros-lab-2-siddhu/build/py_pubsub/install.log'
[1.672s] Invoked command in '/home/bhimirs/Documents/robotics/ros-lab-2-siddhu/py_pubsub' returned '0': CONDA_PROMPT_MODIFIER=(base) PS1=<ROS2-Jazzy>[\u@\h \W]$ PYTHONPATH=/home/bhimirs/Documents/robotics/ros-lab-2-siddhu/build/py_pubsub/prefix_override:/usr/lib/python3/dist-packages/colcon_core/task/python/colcon_distutils_commands:/home/bhimirs/Documents/robotics/ros-lab-2-siddhu/install/py_pubsub/lib/python3.12/site-packages:${PYTHONPATH} /usr/bin/python3 -W ignore:setup.py install is deprecated -W ignore:easy_install command is deprecated setup.py egg_info --egg-base ../build/py_pubsub build --build-base /home/bhimirs/Documents/robotics/ros-lab-2-siddhu/build/py_pubsub/build install --record /home/bhimirs/Documents/robotics/ros-lab-2-siddhu/build/py_pubsub/install.log --single-version-externally-managed install_data
