[0.673s] Invoking command in '/home/bhimirs/Documents/robotics/ros-lab-2-siddhu/py_pubsub': CONDA_PROMPT_MODIFIER=(base) PS1=<ROS2-Jazzy>[\u@\h \W]$ PYTHONPATH=/home/bhimirs/Documents/robotics/ros-lab-2-siddhu/build/py_pubsub/prefix_override:/usr/lib/python3/dist-packages/colcon_core/task/python/colcon_distutils_commands:/home/bhimirs/Documents/robotics/ros-lab-2-siddhu/install/py_pubsub/lib/python3.12/site-packages:${PYTHONPATH} /usr/bin/python3 -W ignore:setup.py install is deprecated -W ignore:easy_install command is deprecated setup.py egg_info --egg-base ../build/py_pubsub build --build-base /home/bhimirs/Documents/robotics/ros-lab-2-siddhu/build/py_pubsub/build install --record /home/bhimirs/Documents/robotics/ros-lab-2-siddhu/build/py_pubsub/install.log --single-version-externally-managed install_data
[0.789s] /research/hutchinson/workspace/bhimirs/miniconda_3/lib/python3.12/site-packages/setuptools/_distutils/dist.py:270: UserWarning: Unknown distribution option: 'tests_require'
[0.789s]   warnings.warn(msg)
[0.861s] running egg_info
[0.873s] writing ../build/py_pubsub/py_pubsub.egg-info/PKG-INFO
[0.879s] writing dependency_links to ../build/py_pubsub/py_pubsub.egg-info/dependency_links.txt
[0.882s] writing entry points to ../build/py_pubsub/py_pubsub.egg-info/entry_points.txt
[0.885s] writing requirements to ../build/py_pubsub/py_pubsub.egg-info/requires.txt
[0.889s] writing top-level names to ../build/py_pubsub/py_pubsub.egg-info/top_level.txt
[0.942s] reading manifest file '../build/py_pubsub/py_pubsub.egg-info/SOURCES.txt'
[0.944s] writing manifest file '../build/py_pubsub/py_pubsub.egg-info/SOURCES.txt'
[0.947s] running build
[0.947s] running build_py
[0.948s] copying py_pubsub/publisher_member_function.py -> /home/bhimirs/Documents/robotics/ros-lab-2-siddhu/build/py_pubsub/build/lib/py_pubsub
[0.953s] copying py_pubsub/__init__.py -> /home/bhimirs/Documents/robotics/ros-lab-2-siddhu/build/py_pubsub/build/lib/py_pubsub
[0.956s] running install
[0.961s] running install_lib
[0.987s] running install_data
[0.988s] copying resource/py_pubsub -> /home/bhimirs/Documents/robotics/ros-lab-2-siddhu/install/py_pubsub/share/ament_index/resource_index/packages
[0.993s] copying package.xml -> /home/bhimirs/Documents/robotics/ros-lab-2-siddhu/install/py_pubsub/share/py_pubsub
[0.997s] running install_egg_info
[1.031s] removing '/home/bhimirs/Documents/robotics/ros-lab-2-siddhu/install/py_pubsub/lib/python3.12/site-packages/py_pubsub-0.0.0-py3.12.egg-info' (and everything under it)
[1.039s] Copying ../build/py_pubsub/py_pubsub.egg-info to /home/bhimirs/Documents/robotics/ros-lab-2-siddhu/install/py_pubsub/lib/python3.12/site-packages/py_pubsub-0.0.0-py3.12.egg-info
[1.078s] running install_scripts
[1.306s] Installing talker script to /home/bhimirs/Documents/robotics/ros-lab-2-siddhu/install/py_pubsub/lib/py_pubsub
[1.310s] writing list of installed files to '/home/bhimirs/Documents/robotics/ros-lab-2-siddhu/build/py_pubsub/install.log'
[1.327s] Invoked command in '/home/bhimirs/Documents/robotics/ros-lab-2-siddhu/py_pubsub' returned '0': CONDA_PROMPT_MODIFIER=(base) PS1=<ROS2-Jazzy>[\u@\h \W]$ PYTHONPATH=/home/bhimirs/Documents/robotics/ros-lab-2-siddhu/build/py_pubsub/prefix_override:/usr/lib/python3/dist-packages/colcon_core/task/python/colcon_distutils_commands:/home/bhimirs/Documents/robotics/ros-lab-2-siddhu/install/py_pubsub/lib/python3.12/site-packages:${PYTHONPATH} /usr/bin/python3 -W ignore:setup.py install is deprecated -W ignore:easy_install command is deprecated setup.py egg_info --egg-base ../build/py_pubsub build --build-base /home/bhimirs/Documents/robotics/ros-lab-2-siddhu/build/py_pubsub/build install --record /home/bhimirs/Documents/robotics/ros-lab-2-siddhu/build/py_pubsub/install.log --single-version-externally-managed install_data
