[0.041s] Invoking command in '/home/bhimirs/Documents/robotics/ros-lab-2-siddhu/build/ros_gz_description': CMAKE_PREFIX_PATH=${CMAKE_PREFIX_PATH}:/home/bhimirs/Documents/robotics/ros-lab-2-siddhu/install/py_pubsub:/opt/ros/jazzy CONDA_PROMPT_MODIFIER=(base) PS1=<ROS2-Jazzy>[\u@\h \W]$ /usr/bin/cmake --build /home/bhimirs/Documents/robotics/ros-lab-2-siddhu/build/ros_gz_description -- -j28 -l28
[0.239s] Invoked command in '/home/bhimirs/Documents/robotics/ros-lab-2-siddhu/build/ros_gz_description' returned '0': CMAKE_PREFIX_PATH=${CMAKE_PREFIX_PATH}:/home/bhimirs/Documents/robotics/ros-lab-2-siddhu/install/py_pubsub:/opt/ros/jazzy CONDA_PROMPT_MODIFIER=(base) PS1=<ROS2-Jazzy>[\u@\h \W]$ /usr/bin/cmake --build /home/bhimirs/Documents/robotics/ros-lab-2-siddhu/build/ros_gz_description -- -j28 -l28
[0.251s] Invoking command in '/home/bhimirs/Documents/robotics/ros-lab-2-siddhu/build/ros_gz_description': CMAKE_PREFIX_PATH=${CMAKE_PREFIX_PATH}:/home/bhimirs/Documents/robotics/ros-lab-2-siddhu/install/py_pubsub:/opt/ros/jazzy CONDA_PROMPT_MODIFIER=(base) PS1=<ROS2-Jazzy>[\u@\h \W]$ /usr/bin/cmake --install /home/bhimirs/Documents/robotics/ros-lab-2-siddhu/build/ros_gz_description
[0.269s] -- Install configuration: ""
[0.269s] -- Up-to-date: /home/bhimirs/Documents/robotics/ros-lab-2-siddhu/install/ros_gz_description/share/ros_gz_description/models
[0.269s] -- Up-to-date: /home/bhimirs/Documents/robotics/ros-lab-2-siddhu/install/ros_gz_description/share/ros_gz_description/models/diff_drive
[0.270s] -- Installing: /home/bhimirs/Documents/robotics/ros-lab-2-siddhu/install/ros_gz_description/share/ros_gz_description/models/diff_drive/model.sdf
[0.278s] -- Up-to-date: /home/bhimirs/Documents/robotics/ros-lab-2-siddhu/install/ros_gz_description/share/ros_gz_description/models/diff_drive/model.config
[0.279s] -- Up-to-date: /home/bhimirs/Documents/robotics/ros-lab-2-siddhu/install/ros_gz_description/share/ros_gz_description/environment/ros_gz_description.dsv
[0.281s] -- Up-to-date: /home/bhimirs/Documents/robotics/ros-lab-2-siddhu/install/ros_gz_description/share/ros_gz_description/environment/ros_gz_description.sh
[0.281s] -- Up-to-date: /home/bhimirs/Documents/robotics/ros-lab-2-siddhu/install/ros_gz_description/share/ament_index/resource_index/package_run_dependencies/ros_gz_description
[0.283s] -- Up-to-date: /home/bhimirs/Documents/robotics/ros-lab-2-siddhu/install/ros_gz_description/share/ament_index/resource_index/parent_prefix_path/ros_gz_description
[0.284s] -- Up-to-date: /home/bhimirs/Documents/robotics/ros-lab-2-siddhu/install/ros_gz_description/share/ros_gz_description/environment/ament_prefix_path.sh
[0.285s] -- Up-to-date: /home/bhimirs/Documents/robotics/ros-lab-2-siddhu/install/ros_gz_description/share/ros_gz_description/environment/ament_prefix_path.dsv
[0.286s] -- Up-to-date: /home/bhimirs/Documents/robotics/ros-lab-2-siddhu/install/ros_gz_description/share/ros_gz_description/environment/path.sh
[0.287s] -- Up-to-date: /home/bhimirs/Documents/robotics/ros-lab-2-siddhu/install/ros_gz_description/share/ros_gz_description/environment/path.dsv
[0.288s] -- Up-to-date: /home/bhimirs/Documents/robotics/ros-lab-2-siddhu/install/ros_gz_description/share/ros_gz_description/local_setup.bash
[0.288s] -- Up-to-date: /home/bhimirs/Documents/robotics/ros-lab-2-siddhu/install/ros_gz_description/share/ros_gz_description/local_setup.sh
[0.289s] -- Up-to-date: /home/bhimirs/Documents/robotics/ros-lab-2-siddhu/install/ros_gz_description/share/ros_gz_description/local_setup.zsh
[0.290s] -- Up-to-date: /home/bhimirs/Documents/robotics/ros-lab-2-siddhu/install/ros_gz_description/share/ros_gz_description/local_setup.dsv
[0.291s] -- Installing: /home/bhimirs/Documents/robotics/ros-lab-2-siddhu/install/ros_gz_description/share/ros_gz_description/package.dsv
[0.297s] -- Up-to-date: /home/bhimirs/Documents/robotics/ros-lab-2-siddhu/install/ros_gz_description/share/ament_index/resource_index/packages/ros_gz_description
[0.298s] -- Up-to-date: /home/bhimirs/Documents/robotics/ros-lab-2-siddhu/install/ros_gz_description/share/ros_gz_description/cmake/ros_gz_descriptionConfig.cmake
[0.299s] -- Up-to-date: /home/bhimirs/Documents/robotics/ros-lab-2-siddhu/install/ros_gz_description/share/ros_gz_description/cmake/ros_gz_descriptionConfig-version.cmake
[0.300s] -- Up-to-date: /home/bhimirs/Documents/robotics/ros-lab-2-siddhu/install/ros_gz_description/share/ros_gz_description/package.xml
[0.304s] Invoked command in '/home/bhimirs/Documents/robotics/ros-lab-2-siddhu/build/ros_gz_description' returned '0': CMAKE_PREFIX_PATH=${CMAKE_PREFIX_PATH}:/home/bhimirs/Documents/robotics/ros-lab-2-siddhu/install/py_pubsub:/opt/ros/jazzy CONDA_PROMPT_MODIFIER=(base) PS1=<ROS2-Jazzy>[\u@\h \W]$ /usr/bin/cmake --install /home/bhimirs/Documents/robotics/ros-lab-2-siddhu/build/ros_gz_description
