[0.032s] Invoking command in '/home/bhimirs/Documents/robotics/ros-lab-2-siddhu/build/ros_gz_gazebo': CMAKE_PREFIX_PATH=/home/bhimirs/Documents/robotics/ros-lab-2-siddhu/install/ros_gz_description:/opt/ros/jazzy/opt/gz_sim_vendor:/opt/ros/jazzy/opt/gz_sensors_vendor:/opt/ros/jazzy/opt/gz_physics_vendor:/opt/ros/jazzy/opt/sdformat_vendor:/opt/ros/jazzy/opt/gz_gui_vendor:/opt/ros/jazzy/opt/gz_transport_vendor:/opt/ros/jazzy/opt/gz_rendering_vendor:/opt/ros/jazzy/opt/gz_plugin_vendor:/opt/ros/jazzy/opt/gz_fuel_tools_vendor:/opt/ros/jazzy/opt/gz_msgs_vendor:/opt/ros/jazzy/opt/gz_common_vendor:/opt/ros/jazzy/opt/gz_math_vendor:/opt/ros/jazzy/opt/gz_utils_vendor:/opt/ros/jazzy/opt/gz_tools_vendor:/opt/ros/jazzy/opt/gz_ogre_next_vendor:/opt/ros/jazzy/opt/gz_dartsim_vendor:/opt/ros/jazzy/opt/gz_cmake_vendor:/opt/ros/jazzy CONDA_PROMPT_MODIFIER=(base) PS1=<ROS2-Jazzy>[\u@\h \W]$ /usr/bin/cmake /home/bhimirs/Documents/robotics/ros-lab-2-siddhu/ros_gz_gazebo -DBUILD_TESTING=ON -DCMAKE_INSTALL_PREFIX=/home/bhimirs/Documents/robotics/ros-lab-2-siddhu/install/ros_gz_gazebo
[0.190s] -- The C compiler identification is GNU 13.3.0
[0.317s] -- The CXX compiler identification is GNU 13.3.0
[0.367s] -- Detecting C compiler ABI info
[0.661s] -- Detecting C compiler ABI info - done
[0.680s] -- Check for working C compiler: /usr/bin/cc - skipped
[0.680s] -- Detecting C compile features
[0.681s] -- Detecting C compile features - done
[0.713s] -- Detecting CXX compiler ABI info
[1.009s] -- Detecting CXX compiler ABI info - done
[1.027s] -- Check for working CXX compiler: /usr/bin/c++ - skipped
[1.028s] -- Detecting CXX compile features
[1.028s] -- Detecting CXX compile features - done
[1.073s] -- Found ament_cmake: 2.5.3 (/opt/ros/jazzy/share/ament_cmake/cmake)
[1.304s] -- Found Python3: /research/hutchinson/workspace/bhimirs/miniconda_3/bin/python3 (found version "3.12.9") found components: Interpreter 
[1.728s] -- Found ros_gz_description: 0.0.0 (/home/bhimirs/Documents/robotics/ros-lab-2-siddhu/install/ros_gz_description/share/ros_gz_description/cmake)
[1.786s] -- Looking for gz-plugin2 -- found version 2.0.4
[1.789s] -- Searching for dependencies of gz-plugin2
[1.813s] -- Looking for gz-utils2 -- found version 2.2.1
[1.813s] -- Searching for dependencies of gz-utils2
[1.815s] -- Searching for <gz-utils2> component [cli]
[1.836s] -- Looking for gz-utils2-cli -- found version 2.2.1
[1.836s] -- Searching for dependencies of gz-utils2-cli
[1.839s] -- Searching for <gz-plugin2> component [register]
[1.857s] -- Looking for gz-plugin2-register -- found version 2.0.4
[1.857s] -- Searching for dependencies of gz-plugin2-register
[1.882s] -- Looking for gz-common5 -- found version 5.7.1
[1.883s] -- Searching for dependencies of gz-common5
[1.884s] -- Looking for gz-utils2 -- found version 2.2.1
[1.892s] -- Looking for dlfcn.h - found
[1.915s] -- Looking for libdl - found
[1.918s] -- Found DL: TRUE  
[1.947s] -- Checking for module 'uuid'
[1.982s] --   Found uuid, version 2.39.3
[2.041s] -- Found UUID: TRUE  
[2.042s] -- Searching for <gz-common5> component [profiler]
[2.062s] -- Looking for gz-common5-profiler -- found version 5.7.1
[2.062s] -- Searching for dependencies of gz-common5-profiler
[2.082s] -- Looking for gz-sim8 -- found version 8.9.0
[2.082s] -- Searching for dependencies of gz-sim8
[2.097s] -- Looking for sdformat14 -- found version 14.7.0
[2.098s] -- Searching for dependencies of sdformat14
[2.109s] -- Checking for module 'tinyxml2'
[2.136s] --   Found tinyxml2, version 10.0.0
[2.216s] -- Looking for gz-math7 -- found version 7.5.2
[2.217s] -- Searching for dependencies of gz-math7
[2.218s] -- Looking for gz-utils2 -- found version 2.2.1
[2.221s] -- Looking for gz-utils2 -- found version 2.2.1
[2.225s] -- Looking for gz-plugin2 -- found version 2.0.4
[2.225s] -- Searching for dependencies of gz-plugin2
[2.226s] -- Looking for gz-utils2 -- found version 2.2.1
[2.226s] -- Searching for <gz-plugin2> component [loader]
[2.246s] -- Looking for gz-plugin2-loader -- found version 2.0.4
[2.246s] -- Searching for dependencies of gz-plugin2-loader
[2.247s] -- Searching for <gz-plugin2> component [register]
[2.266s] -- Looking for gz-transport13 -- found version 13.4.1
[2.266s] -- Searching for dependencies of gz-transport13
[2.901s] -- Found Protobuf: /usr/lib/x86_64-linux-gnu/libprotobuf.so (found version "3.21.12") 
[2.960s] -- Config-file not installed for ZeroMQ -- checking for pkg-config
[2.970s] -- Checking for module 'libzmq >= 4'
[2.995s] --   Found libzmq, version 4.3.5
[3.103s] -- Found ZeroMQ: TRUE (Required is at least version "4") 
[3.122s] -- Looking for gz-utils2 -- found version 2.2.1
[3.132s] -- Looking for gz-msgs10 -- found version 10.3.2
[3.132s] -- Searching for dependencies of gz-msgs10
[3.151s] -- Looking for gz-utils2 -- found version 2.2.1
[3.151s] -- Looking for gz-math7 -- found version 7.5.2
[3.156s] -- Searching for <gz-transport13> component [log]
[3.161s] -- Looking for gz-transport13-log -- found version 13.4.1
[3.161s] -- Searching for dependencies of gz-transport13-log
[3.162s] -- Searching for <gz-transport13> component [parameters]
[3.166s] -- Looking for gz-transport13-parameters -- found version 13.4.1
[3.166s] -- Searching for dependencies of gz-transport13-parameters
[3.167s] -- Looking for gz-msgs10 -- found version 10.3.2
[3.167s] -- Looking for gz-common5 -- found version 5.7.1
[3.167s] -- Searching for dependencies of gz-common5
[3.168s] -- Looking for gz-utils2 -- found version 2.2.1
[3.168s] -- Looking for dlfcn.h - found
[3.168s] -- Looking for libdl - found
[3.171s] -- Searching for <gz-common5> component [av]
[3.180s] -- Looking for gz-common5-av -- found version 5.7.1
[3.180s] -- Searching for dependencies of gz-common5-av
[3.184s] -- Checking for module 'libswscale'
[3.197s] --   Found libswscale, version 7.5.100
[3.240s] -- Found SWSCALE: TRUE  
[3.252s] -- Checking for module 'libavdevice >= 56.4.100'
[3.283s] --   Found libavdevice, version 60.3.100
[3.386s] -- Found AVDEVICE: TRUE (Required is at least version "56.4.100") 
[3.397s] -- Checking for module 'libavformat'
[3.419s] --   Found libavformat, version 60.16.100
[3.492s] -- Found AVFORMAT: TRUE  
[3.501s] -- Checking for module 'libavcodec'
[3.514s] --   Found libavcodec, version 60.31.102
[3.578s] -- Found AVCODEC: TRUE  
[3.593s] -- Checking for module 'libavutil'
[3.627s] --   Found libavutil, version 58.29.100
[3.693s] -- Found AVUTIL: TRUE  
[3.695s] -- Searching for <gz-common5> component [events]
[3.716s] -- Looking for gz-common5-events -- found version 5.7.1
[3.716s] -- Searching for dependencies of gz-common5-events
[3.717s] -- Looking for gz-math7 -- found version 7.5.2
[3.719s] -- Searching for <gz-common5> component [graphics]
[3.735s] -- Looking for gz-common5-graphics -- found version 5.7.1
[3.736s] -- Searching for dependencies of gz-common5-graphics
[3.737s] -- Looking for gz-math7 -- found version 7.5.2
[3.773s] -- Found GzAssimp: TRUE (found version "5.3.0") 
[3.775s] -- Searching for <gz-common5> component [io]
[3.793s] -- Looking for gz-common5-io -- found version 5.7.1
[3.794s] -- Searching for dependencies of gz-common5-io
[3.795s] -- Searching for <gz-common5> component [profiler]
[3.814s] -- Looking for gz-fuel_tools9 -- found version 9.1.1
[3.814s] -- Searching for dependencies of gz-fuel_tools9
[4.023s] -- Found CURL: /usr/lib/x86_64-linux-gnu/libcurl.so (found version "8.5.0")  
[4.068s] -- Checking for module 'jsoncpp'
[4.094s] --   Found jsoncpp, version 1.9.5
[4.153s] -- Found JSONCPP: TRUE  
[4.218s] -- Checking for module 'yaml-0.1'
[4.248s] --   Found yaml-0.1, version 0.2.5
[4.308s] -- Found YAML: TRUE  
[4.319s] -- Checking for module 'libzip'
[4.349s] --   Found libzip, version 1.7.3
[4.410s] -- Found ZIP: TRUE  
[4.411s] -- Looking for gz-utils2 -- found version 2.2.1
[4.412s] -- Looking for gz-common5 -- found version 5.7.1
[4.413s] -- Searching for dependencies of gz-common5
[4.413s] -- Looking for gz-utils2 -- found version 2.2.1
[4.414s] -- Looking for dlfcn.h - found
[4.414s] -- Looking for libdl - found
[4.423s] -- Searching for <gz-common5> component [testing]
[4.434s] -- Looking for gz-common5-testing -- found version 5.7.1
[4.434s] -- Searching for dependencies of gz-common5-testing
[4.435s] -- Looking for gz-math7 -- found version 7.5.2
[4.436s] -- Looking for gz-msgs10 -- found version 10.3.2
[4.444s] -- Looking for gz-gui8 -- found version 8.4.0
[4.444s] -- Searching for dependencies of gz-gui8
[4.499s] -- Looking for gz-utils2 -- found version 2.2.1
[4.499s] -- Looking for gz-math7 -- found version 7.5.2
[4.499s] -- Looking for gz-common5 -- found version 5.7.1
[4.500s] -- Looking for gz-plugin2 -- found version 2.0.4
[4.500s] -- Looking for gz-transport13 -- found version 13.4.1
[4.509s] -- Looking for gz-rendering8 -- found version 8.2.2
[4.509s] -- Searching for dependencies of gz-rendering8
[4.509s] -- Looking for gz-math7 -- found version 7.5.2
[4.509s] -- Searching for dependencies of gz-math7
[4.509s] -- Looking for gz-utils2 -- found version 2.2.1
[4.510s] -- Searching for <gz-math7> component [eigen3]
[4.519s] -- Looking for gz-math7-eigen3 -- found version 7.5.2
[4.519s] -- Searching for dependencies of gz-math7-eigen3
[4.540s] -- Looking for gz-common5 -- found version 5.7.1
[4.540s] -- Searching for dependencies of gz-common5
[4.541s] -- Looking for gz-utils2 -- found version 2.2.1
[4.541s] -- Looking for dlfcn.h - found
[4.541s] -- Looking for libdl - found
[4.546s] -- Searching for <gz-common5> component [graphics]
[4.546s] -- Searching for <gz-common5> component [events]
[4.546s] -- Searching for <gz-common5> component [geospatial]
[4.553s] -- Looking for gz-common5-geospatial -- found version 5.7.1
[4.553s] -- Searching for dependencies of gz-common5-geospatial
[4.554s] -- Looking for gz-math7 -- found version 7.5.2
[4.554s] -- Looking for gz-common5 -- found version 5.7.1
[4.555s] -- Looking for gz-plugin2 -- found version 2.0.4
[4.555s] -- Searching for dependencies of gz-plugin2
[4.555s] -- Looking for gz-utils2 -- found version 2.2.1
[4.555s] -- Searching for <gz-plugin2> component [all]
[4.561s] -- Looking for all libraries of gz-plugin2 -- found version 2.0.4
[4.561s] -- Looking for gz-plugin2 -- found version 2.0.4
[4.562s] -- Looking for gz-utils2 -- found version 2.2.1
[4.576s] -- Found OpenGL: /usr/lib/x86_64-linux-gnu/libOpenGL.so  found components: OpenGL 
[4.578s] -- Looking for gz-msgs10 -- found version 10.3.2
[4.659s] -- Looking for gz-physics7 -- found version 7.5.0
[4.659s] -- Searching for dependencies of gz-physics7
[4.659s] -- Looking for gz-common5 -- found version 5.7.1
[4.660s] -- Looking for gz-math7 -- found version 7.5.2
[4.660s] -- Looking for gz-plugin2 -- found version 2.0.4
[4.661s] -- Looking for gz-utils2 -- found version 2.2.1
[4.662s] -- Searching for <gz-physics7> component [heightmap]
[4.667s] -- Looking for gz-physics7-heightmap -- found version 7.5.0
[4.667s] -- Searching for dependencies of gz-physics7-heightmap
[4.668s] -- Looking for gz-common5 -- found version 5.7.1
[4.668s] -- Searching for <gz-physics7> component [mesh]
[4.674s] -- Looking for gz-physics7-mesh -- found version 7.5.0
[4.674s] -- Searching for dependencies of gz-physics7-mesh
[4.675s] -- Looking for gz-common5 -- found version 5.7.1
[4.676s] -- Searching for <gz-physics7> component [sdf]
[4.681s] -- Looking for gz-physics7-sdf -- found version 7.5.0
[4.681s] -- Searching for dependencies of gz-physics7-sdf
[4.682s] -- Looking for sdformat14 -- found version 14.7.0
[4.689s] -- Looking for gz-sensors8 -- found version 8.2.2
[4.689s] -- Searching for dependencies of gz-sensors8
[4.742s] -- Looking for gz-math7 -- found version 7.5.2
[4.743s] -- Looking for gz-common5 -- found version 5.7.1
[4.744s] -- Looking for gz-transport13 -- found version 13.4.1
[4.744s] -- Looking for gz-rendering8 -- found version 8.2.2
[4.745s] -- Looking for gz-msgs10 -- found version 10.3.2
[4.745s] -- Looking for sdformat14 -- found version 14.7.0
[4.746s] -- Searching for <gz-sensors8> component [air_pressure]
[4.752s] -- Looking for gz-sensors8-air_pressure -- found version 8.2.2
[4.752s] -- Searching for dependencies of gz-sensors8-air_pressure
[4.753s] -- Searching for <gz-sensors8> component [air_speed]
[4.759s] -- Looking for gz-sensors8-air_speed -- found version 8.2.2
[4.759s] -- Searching for dependencies of gz-sensors8-air_speed
[4.760s] -- Searching for <gz-sensors8> component [altimeter]
[4.766s] -- Looking for gz-sensors8-altimeter -- found version 8.2.2
[4.766s] -- Searching for dependencies of gz-sensors8-altimeter
[4.767s] -- Searching for <gz-sensors8> component [imu]
[4.773s] -- Looking for gz-sensors8-imu -- found version 8.2.2
[4.773s] -- Searching for dependencies of gz-sensors8-imu
[4.774s] -- Searching for <gz-sensors8> component [force_torque]
[4.780s] -- Looking for gz-sensors8-force_torque -- found version 8.2.2
[4.780s] -- Searching for dependencies of gz-sensors8-force_torque
[4.781s] -- Searching for <gz-sensors8> component [logical_camera]
[4.787s] -- Looking for gz-sensors8-logical_camera -- found version 8.2.2
[4.787s] -- Searching for dependencies of gz-sensors8-logical_camera
[4.788s] -- Searching for <gz-sensors8> component [magnetometer]
[4.795s] -- Looking for gz-sensors8-magnetometer -- found version 8.2.2
[4.795s] -- Searching for dependencies of gz-sensors8-magnetometer
[4.796s] -- Searching for <gz-sensors8> component [navsat]
[4.803s] -- Looking for gz-sensors8-navsat -- found version 8.2.2
[4.803s] -- Searching for dependencies of gz-sensors8-navsat
[4.804s] -- Searching for <gz-sensors8> component [dvl]
[4.812s] -- Looking for gz-sensors8-dvl -- found version 8.2.2
[4.812s] -- Searching for dependencies of gz-sensors8-dvl
[4.813s] -- Looking for gz-sensors8 -- found version 8.2.2
[4.814s] -- Searching for dependencies of gz-sensors8
[4.885s] -- Looking for gz-math7 -- found version 7.5.2
[4.886s] -- Looking for gz-common5 -- found version 5.7.1
[4.888s] -- Looking for gz-transport13 -- found version 13.4.1
[4.889s] -- Looking for gz-rendering8 -- found version 8.2.2
[4.890s] -- Looking for gz-msgs10 -- found version 10.3.2
[4.891s] -- Looking for sdformat14 -- found version 14.7.0
[4.891s] -- Searching for <gz-sensors8> component [rendering]
[4.903s] -- Looking for gz-sensors8-rendering -- found version 8.2.2
[4.904s] -- Searching for dependencies of gz-sensors8-rendering
[4.907s] -- Searching for <gz-sensors8> component [rendering]
[4.908s] -- Searching for <gz-sensors8> component [lidar]
[4.918s] -- Looking for gz-sensors8-lidar -- found version 8.2.2
[4.919s] -- Searching for dependencies of gz-sensors8-lidar
[4.920s] -- Looking for gz-sensors8 -- found version 8.2.2
[4.921s] -- Searching for <gz-sensors8> component [gpu_lidar]
[4.932s] -- Looking for gz-sensors8-gpu_lidar -- found version 8.2.2
[4.933s] -- Searching for dependencies of gz-sensors8-gpu_lidar
[4.933s] -- Looking for gz-sensors8 -- found version 8.2.2
[4.935s] -- Searching for <gz-sensors8> component [camera]
[4.945s] -- Looking for gz-sensors8-camera -- found version 8.2.2
[4.945s] -- Searching for dependencies of gz-sensors8-camera
[4.946s] -- Looking for gz-sensors8 -- found version 8.2.2
[4.948s] -- Searching for <gz-sensors8> component [boundingbox_camera]
[4.958s] -- Looking for gz-sensors8-boundingbox_camera -- found version 8.2.2
[4.959s] -- Searching for dependencies of gz-sensors8-boundingbox_camera
[4.960s] -- Searching for <gz-sensors8> component [segmentation_camera]
[4.970s] -- Looking for gz-sensors8-segmentation_camera -- found version 8.2.2
[4.971s] -- Searching for dependencies of gz-sensors8-segmentation_camera
[4.972s] -- Searching for <gz-sensors8> component [depth_camera]
[4.982s] -- Looking for gz-sensors8-depth_camera -- found version 8.2.2
[4.982s] -- Searching for dependencies of gz-sensors8-depth_camera
[4.983s] -- Looking for gz-sensors8 -- found version 8.2.2
[4.985s] -- Searching for <gz-sensors8> component [rgbd_camera]
[4.995s] -- Looking for gz-sensors8-rgbd_camera -- found version 8.2.2
[4.996s] -- Searching for dependencies of gz-sensors8-rgbd_camera
[4.997s] -- Looking for gz-sensors8 -- found version 8.2.2
[4.998s] -- Searching for <gz-sensors8> component [thermal_camera]
[5.008s] -- Looking for gz-sensors8-thermal_camera -- found version 8.2.2
[5.008s] -- Searching for dependencies of gz-sensors8-thermal_camera
[5.009s] -- Looking for gz-sensors8 -- found version 8.2.2
[5.011s] -- Searching for <gz-sensors8> component [wide_angle_camera]
[5.021s] -- Looking for gz-sensors8-wide_angle_camera -- found version 8.2.2
[5.022s] -- Searching for dependencies of gz-sensors8-wide_angle_camera
[5.025s] -- Looking for gz-rendering8 -- found version 8.2.2
[5.026s] -- Looking for gz-math7 -- found version 7.5.2
[5.026s] -- Looking for gz-utils2 -- found version 2.2.1
[5.097s] -- Compiling against Gazebo Harmonic
[5.129s] -- Found ament_lint_auto: 0.17.2 (/opt/ros/jazzy/share/ament_lint_auto/cmake)
[5.322s] -- Configuring done (5.3s)
[5.610s] -- Generating done (0.3s)
[5.676s] -- Build files have been written to: /home/bhimirs/Documents/robotics/ros-lab-2-siddhu/build/ros_gz_gazebo
[5.693s] Invoked command in '/home/bhimirs/Documents/robotics/ros-lab-2-siddhu/build/ros_gz_gazebo' returned '0': CMAKE_PREFIX_PATH=/home/bhimirs/Documents/robotics/ros-lab-2-siddhu/install/ros_gz_description:/opt/ros/jazzy/opt/gz_sim_vendor:/opt/ros/jazzy/opt/gz_sensors_vendor:/opt/ros/jazzy/opt/gz_physics_vendor:/opt/ros/jazzy/opt/sdformat_vendor:/opt/ros/jazzy/opt/gz_gui_vendor:/opt/ros/jazzy/opt/gz_transport_vendor:/opt/ros/jazzy/opt/gz_rendering_vendor:/opt/ros/jazzy/opt/gz_plugin_vendor:/opt/ros/jazzy/opt/gz_fuel_tools_vendor:/opt/ros/jazzy/opt/gz_msgs_vendor:/opt/ros/jazzy/opt/gz_common_vendor:/opt/ros/jazzy/opt/gz_math_vendor:/opt/ros/jazzy/opt/gz_utils_vendor:/opt/ros/jazzy/opt/gz_tools_vendor:/opt/ros/jazzy/opt/gz_ogre_next_vendor:/opt/ros/jazzy/opt/gz_dartsim_vendor:/opt/ros/jazzy/opt/gz_cmake_vendor:/opt/ros/jazzy CONDA_PROMPT_MODIFIER=(base) PS1=<ROS2-Jazzy>[\u@\h \W]$ /usr/bin/cmake /home/bhimirs/Documents/robotics/ros-lab-2-siddhu/ros_gz_gazebo -DBUILD_TESTING=ON -DCMAKE_INSTALL_PREFIX=/home/bhimirs/Documents/robotics/ros-lab-2-siddhu/install/ros_gz_gazebo
[5.694s] Invoking command in '/home/bhimirs/Documents/robotics/ros-lab-2-siddhu/build/ros_gz_gazebo': CMAKE_PREFIX_PATH=/home/bhimirs/Documents/robotics/ros-lab-2-siddhu/install/ros_gz_description:/opt/ros/jazzy/opt/gz_sim_vendor:/opt/ros/jazzy/opt/gz_sensors_vendor:/opt/ros/jazzy/opt/gz_physics_vendor:/opt/ros/jazzy/opt/sdformat_vendor:/opt/ros/jazzy/opt/gz_gui_vendor:/opt/ros/jazzy/opt/gz_transport_vendor:/opt/ros/jazzy/opt/gz_rendering_vendor:/opt/ros/jazzy/opt/gz_plugin_vendor:/opt/ros/jazzy/opt/gz_fuel_tools_vendor:/opt/ros/jazzy/opt/gz_msgs_vendor:/opt/ros/jazzy/opt/gz_common_vendor:/opt/ros/jazzy/opt/gz_math_vendor:/opt/ros/jazzy/opt/gz_utils_vendor:/opt/ros/jazzy/opt/gz_tools_vendor:/opt/ros/jazzy/opt/gz_ogre_next_vendor:/opt/ros/jazzy/opt/gz_dartsim_vendor:/opt/ros/jazzy/opt/gz_cmake_vendor:/opt/ros/jazzy CONDA_PROMPT_MODIFIER=(base) PS1=<ROS2-Jazzy>[\u@\h \W]$ /usr/bin/cmake --build /home/bhimirs/Documents/robotics/ros-lab-2-siddhu/build/ros_gz_gazebo -- -j28 -l28
[5.844s] [ 50%] [32mBuilding CXX object CMakeFiles/BasicSystem.dir/src/BasicSystem.cc.o[0m
[5.844s] [ 50%] [32mBuilding CXX object CMakeFiles/FullSystem.dir/src/FullSystem.cc.o[0m
[7.419s] [ 75%] [32m[1mLinking CXX shared library libBasicSystem.so[0m
[7.463s] [100%] [32m[1mLinking CXX shared library libFullSystem.so[0m
[7.652s] [100%] Built target BasicSystem
[7.653s] [100%] Built target FullSystem
[7.676s] Invoked command in '/home/bhimirs/Documents/robotics/ros-lab-2-siddhu/build/ros_gz_gazebo' returned '0': CMAKE_PREFIX_PATH=/home/bhimirs/Documents/robotics/ros-lab-2-siddhu/install/ros_gz_description:/opt/ros/jazzy/opt/gz_sim_vendor:/opt/ros/jazzy/opt/gz_sensors_vendor:/opt/ros/jazzy/opt/gz_physics_vendor:/opt/ros/jazzy/opt/sdformat_vendor:/opt/ros/jazzy/opt/gz_gui_vendor:/opt/ros/jazzy/opt/gz_transport_vendor:/opt/ros/jazzy/opt/gz_rendering_vendor:/opt/ros/jazzy/opt/gz_plugin_vendor:/opt/ros/jazzy/opt/gz_fuel_tools_vendor:/opt/ros/jazzy/opt/gz_msgs_vendor:/opt/ros/jazzy/opt/gz_common_vendor:/opt/ros/jazzy/opt/gz_math_vendor:/opt/ros/jazzy/opt/gz_utils_vendor:/opt/ros/jazzy/opt/gz_tools_vendor:/opt/ros/jazzy/opt/gz_ogre_next_vendor:/opt/ros/jazzy/opt/gz_dartsim_vendor:/opt/ros/jazzy/opt/gz_cmake_vendor:/opt/ros/jazzy CONDA_PROMPT_MODIFIER=(base) PS1=<ROS2-Jazzy>[\u@\h \W]$ /usr/bin/cmake --build /home/bhimirs/Documents/robotics/ros-lab-2-siddhu/build/ros_gz_gazebo -- -j28 -l28
[7.679s] Invoking command in '/home/bhimirs/Documents/robotics/ros-lab-2-siddhu/build/ros_gz_gazebo': CMAKE_PREFIX_PATH=/home/bhimirs/Documents/robotics/ros-lab-2-siddhu/install/ros_gz_description:/opt/ros/jazzy/opt/gz_sim_vendor:/opt/ros/jazzy/opt/gz_sensors_vendor:/opt/ros/jazzy/opt/gz_physics_vendor:/opt/ros/jazzy/opt/sdformat_vendor:/opt/ros/jazzy/opt/gz_gui_vendor:/opt/ros/jazzy/opt/gz_transport_vendor:/opt/ros/jazzy/opt/gz_rendering_vendor:/opt/ros/jazzy/opt/gz_plugin_vendor:/opt/ros/jazzy/opt/gz_fuel_tools_vendor:/opt/ros/jazzy/opt/gz_msgs_vendor:/opt/ros/jazzy/opt/gz_common_vendor:/opt/ros/jazzy/opt/gz_math_vendor:/opt/ros/jazzy/opt/gz_utils_vendor:/opt/ros/jazzy/opt/gz_tools_vendor:/opt/ros/jazzy/opt/gz_ogre_next_vendor:/opt/ros/jazzy/opt/gz_dartsim_vendor:/opt/ros/jazzy/opt/gz_cmake_vendor:/opt/ros/jazzy CONDA_PROMPT_MODIFIER=(base) PS1=<ROS2-Jazzy>[\u@\h \W]$ /usr/bin/cmake --install /home/bhimirs/Documents/robotics/ros-lab-2-siddhu/build/ros_gz_gazebo
[7.706s] -- Install configuration: ""
[7.712s] -- Installing: /home/bhimirs/Documents/robotics/ros-lab-2-siddhu/install/ros_gz_gazebo/lib/ros_gz_gazebo/libBasicSystem.so
[7.727s] -- Set non-toolchain portion of runtime path of "/home/bhimirs/Documents/robotics/ros-lab-2-siddhu/install/ros_gz_gazebo/lib/ros_gz_gazebo/libBasicSystem.so" to ""
[7.729s] -- Installing: /home/bhimirs/Documents/robotics/ros-lab-2-siddhu/install/ros_gz_gazebo/lib/ros_gz_gazebo/libFullSystem.so
[7.751s] -- Set non-toolchain portion of runtime path of "/home/bhimirs/Documents/robotics/ros-lab-2-siddhu/install/ros_gz_gazebo/lib/ros_gz_gazebo/libFullSystem.so" to ""
[7.753s] -- Installing: /home/bhimirs/Documents/robotics/ros-lab-2-siddhu/install/ros_gz_gazebo/share/ros_gz_gazebo/worlds
[7.759s] -- Installing: /home/bhimirs/Documents/robotics/ros-lab-2-siddhu/install/ros_gz_gazebo/share/ros_gz_gazebo/worlds/maze.sdf
[7.765s] -- Installing: /home/bhimirs/Documents/robotics/ros-lab-2-siddhu/install/ros_gz_gazebo/share/ros_gz_gazebo/worlds/diff_drive.sdf
[7.774s] -- Installing: /home/bhimirs/Documents/robotics/ros-lab-2-siddhu/install/ros_gz_gazebo/share/ros_gz_gazebo/environment/ros_gz_gazebo.dsv
[7.780s] -- Installing: /home/bhimirs/Documents/robotics/ros-lab-2-siddhu/install/ros_gz_gazebo/share/ros_gz_gazebo/environment/ros_gz_gazebo.sh
[7.790s] -- Installing: /home/bhimirs/Documents/robotics/ros-lab-2-siddhu/install/ros_gz_gazebo/share/ament_index/resource_index/package_run_dependencies/ros_gz_gazebo
[7.802s] -- Installing: /home/bhimirs/Documents/robotics/ros-lab-2-siddhu/install/ros_gz_gazebo/share/ament_index/resource_index/parent_prefix_path/ros_gz_gazebo
[7.807s] -- Installing: /home/bhimirs/Documents/robotics/ros-lab-2-siddhu/install/ros_gz_gazebo/share/ros_gz_gazebo/environment/ament_prefix_path.sh
[7.813s] -- Installing: /home/bhimirs/Documents/robotics/ros-lab-2-siddhu/install/ros_gz_gazebo/share/ros_gz_gazebo/environment/ament_prefix_path.dsv
[7.819s] -- Installing: /home/bhimirs/Documents/robotics/ros-lab-2-siddhu/install/ros_gz_gazebo/share/ros_gz_gazebo/environment/path.sh
[7.827s] -- Installing: /home/bhimirs/Documents/robotics/ros-lab-2-siddhu/install/ros_gz_gazebo/share/ros_gz_gazebo/environment/path.dsv
[7.834s] -- Installing: /home/bhimirs/Documents/robotics/ros-lab-2-siddhu/install/ros_gz_gazebo/share/ros_gz_gazebo/local_setup.bash
[7.841s] -- Installing: /home/bhimirs/Documents/robotics/ros-lab-2-siddhu/install/ros_gz_gazebo/share/ros_gz_gazebo/local_setup.sh
[7.848s] -- Installing: /home/bhimirs/Documents/robotics/ros-lab-2-siddhu/install/ros_gz_gazebo/share/ros_gz_gazebo/local_setup.zsh
[7.855s] -- Installing: /home/bhimirs/Documents/robotics/ros-lab-2-siddhu/install/ros_gz_gazebo/share/ros_gz_gazebo/local_setup.dsv
[7.862s] -- Installing: /home/bhimirs/Documents/robotics/ros-lab-2-siddhu/install/ros_gz_gazebo/share/ros_gz_gazebo/package.dsv
[7.874s] -- Installing: /home/bhimirs/Documents/robotics/ros-lab-2-siddhu/install/ros_gz_gazebo/share/ament_index/resource_index/packages/ros_gz_gazebo
[7.883s] -- Installing: /home/bhimirs/Documents/robotics/ros-lab-2-siddhu/install/ros_gz_gazebo/share/ros_gz_gazebo/cmake/ros_gz_gazeboConfig.cmake
[7.891s] -- Installing: /home/bhimirs/Documents/robotics/ros-lab-2-siddhu/install/ros_gz_gazebo/share/ros_gz_gazebo/cmake/ros_gz_gazeboConfig-version.cmake
[7.898s] -- Installing: /home/bhimirs/Documents/robotics/ros-lab-2-siddhu/install/ros_gz_gazebo/share/ros_gz_gazebo/package.xml
[7.908s] Invoked command in '/home/bhimirs/Documents/robotics/ros-lab-2-siddhu/build/ros_gz_gazebo' returned '0': CMAKE_PREFIX_PATH=/home/bhimirs/Documents/robotics/ros-lab-2-siddhu/install/ros_gz_description:/opt/ros/jazzy/opt/gz_sim_vendor:/opt/ros/jazzy/opt/gz_sensors_vendor:/opt/ros/jazzy/opt/gz_physics_vendor:/opt/ros/jazzy/opt/sdformat_vendor:/opt/ros/jazzy/opt/gz_gui_vendor:/opt/ros/jazzy/opt/gz_transport_vendor:/opt/ros/jazzy/opt/gz_rendering_vendor:/opt/ros/jazzy/opt/gz_plugin_vendor:/opt/ros/jazzy/opt/gz_fuel_tools_vendor:/opt/ros/jazzy/opt/gz_msgs_vendor:/opt/ros/jazzy/opt/gz_common_vendor:/opt/ros/jazzy/opt/gz_math_vendor:/opt/ros/jazzy/opt/gz_utils_vendor:/opt/ros/jazzy/opt/gz_tools_vendor:/opt/ros/jazzy/opt/gz_ogre_next_vendor:/opt/ros/jazzy/opt/gz_dartsim_vendor:/opt/ros/jazzy/opt/gz_cmake_vendor:/opt/ros/jazzy CONDA_PROMPT_MODIFIER=(base) PS1=<ROS2-Jazzy>[\u@\h \W]$ /usr/bin/cmake --install /home/bhimirs/Documents/robotics/ros-lab-2-siddhu/build/ros_gz_gazebo
