[0.920s] Invoking command in '/home/bhimirs/Documents/robotics/ros-lab-2-siddhu/py_pubsub': CONDA_PROMPT_MODIFIER=(base) PS1=<ROS2-Jazzy>[\u@\h \W]$ PYTHONPATH=/home/bhimirs/Documents/robotics/ros-lab-2-siddhu/build/py_pubsub/prefix_override:/usr/lib/python3/dist-packages/colcon_core/task/python/colcon_distutils_commands:/home/bhimirs/Documents/robotics/ros-lab-2-siddhu/install/py_pubsub/lib/python3.12/site-packages:${PYTHONPATH} /usr/bin/python3 -W ignore:setup.py install is deprecated -W ignore:easy_install command is deprecated setup.py egg_info --egg-base ../build/py_pubsub build --build-base /home/bhimirs/Documents/robotics/ros-lab-2-siddhu/build/py_pubsub/build install --record /home/bhimirs/Documents/robotics/ros-lab-2-siddhu/build/py_pubsub/install.log --single-version-externally-managed install_data
[1.011s] /research/hutchinson/workspace/bhimirs/miniconda_3/lib/python3.12/site-packages/setuptools/_distutils/dist.py:270: UserWarning: Unknown distribution option: 'tests_require'
[1.011s]   warnings.warn(msg)
[1.080s] running egg_info
[1.091s] writing ../build/py_pubsub/py_pubsub.egg-info/PKG-INFO
[1.096s] writing dependency_links to ../build/py_pubsub/py_pubsub.egg-info/dependency_links.txt
[1.098s] writing entry points to ../build/py_pubsub/py_pubsub.egg-info/entry_points.txt
[1.100s] writing requirements to ../build/py_pubsub/py_pubsub.egg-info/requires.txt
[1.101s] writing top-level names to ../build/py_pubsub/py_pubsub.egg-info/top_level.txt
[1.127s] reading manifest file '../build/py_pubsub/py_pubsub.egg-info/SOURCES.txt'
[1.128s] writing manifest file '../build/py_pubsub/py_pubsub.egg-info/SOURCES.txt'
[1.130s] running build
[1.130s] running build_py
[1.131s] copying py_pubsub/publisher_member_function.py -> /home/bhimirs/Documents/robotics/ros-lab-2-siddhu/build/py_pubsub/build/lib/py_pubsub
[1.135s] copying py_pubsub/__init__.py -> /home/bhimirs/Documents/robotics/ros-lab-2-siddhu/build/py_pubsub/build/lib/py_pubsub
[1.138s] running install
[1.143s] running install_lib
[1.163s] copying /home/bhimirs/Documents/robotics/ros-lab-2-siddhu/build/py_pubsub/build/lib/py_pubsub/publisher_member_function.py -> /home/bhimirs/Documents/robotics/ros-lab-2-siddhu/install/py_pubsub/lib/python3.12/site-packages/py_pubsub
[1.168s] byte-compiling /home/bhimirs/Documents/robotics/ros-lab-2-siddhu/install/py_pubsub/lib/python3.12/site-packages/py_pubsub/publisher_member_function.py to publisher_member_function.cpython-312.pyc
[1.174s] running install_data
[1.176s] copying resource/py_pubsub -> /home/bhimirs/Documents/robotics/ros-lab-2-siddhu/install/py_pubsub/share/ament_index/resource_index/packages
[1.181s] copying package.xml -> /home/bhimirs/Documents/robotics/ros-lab-2-siddhu/install/py_pubsub/share/py_pubsub
[1.184s] running install_egg_info
[1.229s] removing '/home/bhimirs/Documents/robotics/ros-lab-2-siddhu/install/py_pubsub/lib/python3.12/site-packages/py_pubsub-0.0.0-py3.12.egg-info' (and everything under it)
[1.240s] Copying ../build/py_pubsub/py_pubsub.egg-info to /home/bhimirs/Documents/robotics/ros-lab-2-siddhu/install/py_pubsub/lib/python3.12/site-packages/py_pubsub-0.0.0-py3.12.egg-info
[1.284s] running install_scripts
[1.719s] Installing talker script to /home/bhimirs/Documents/robotics/ros-lab-2-siddhu/install/py_pubsub/lib/py_pubsub
[1.723s] writing list of installed files to '/home/bhimirs/Documents/robotics/ros-lab-2-siddhu/build/py_pubsub/install.log'
[1.740s] Invoked command in '/home/bhimirs/Documents/robotics/ros-lab-2-siddhu/py_pubsub' returned '0': CONDA_PROMPT_MODIFIER=(base) PS1=<ROS2-Jazzy>[\u@\h \W]$ PYTHONPATH=/home/bhimirs/Documents/robotics/ros-lab-2-siddhu/build/py_pubsub/prefix_override:/usr/lib/python3/dist-packages/colcon_core/task/python/colcon_distutils_commands:/home/bhimirs/Documents/robotics/ros-lab-2-siddhu/install/py_pubsub/lib/python3.12/site-packages:${PYTHONPATH} /usr/bin/python3 -W ignore:setup.py install is deprecated -W ignore:easy_install command is deprecated setup.py egg_info --egg-base ../build/py_pubsub build --build-base /home/bhimirs/Documents/robotics/ros-lab-2-siddhu/build/py_pubsub/build install --record /home/bhimirs/Documents/robotics/ros-lab-2-siddhu/build/py_pubsub/install.log --single-version-externally-managed install_data
