[0.095s] DEBUG:colcon:Command line arguments: ['/usr/bin/colcon', 'build', '--cmake-args', '-DBUILD_TESTING=ON']
[0.095s] DEBUG:colcon:Parsed command line arguments: Namespace(log_base=None, log_level=None, verb_name='build', build_base='build', install_base='install', merge_install=False, symlink_install=False, test_result_base=None, continue_on_error=False, executor='parallel', parallel_workers=28, event_handlers=None, ignore_user_meta=False, metas=['./colcon.meta'], base_paths=['.'], packages_ignore=None, packages_ignore_regex=None, paths=None, packages_up_to=None, packages_up_to_regex=None, packages_above=None, packages_above_and_dependencies=None, packages_above_depth=None, packages_select_by_dep=None, packages_skip_by_dep=None, packages_skip_up_to=None, packages_select_build_failed=False, packages_skip_build_finished=False, packages_select_test_failures=False, packages_skip_test_passed=False, packages_select=None, packages_skip=None, packages_select_regex=None, packages_skip_regex=None, packages_start=None, packages_end=None, allow_overriding=[], cmake_args=['-DBUILD_TESTING=ON'], cmake_target=None, cmake_target_skip_unavailable=False, cmake_clean_cache=False, cmake_clean_first=False, cmake_force_configure=False, ament_cmake_args=None, catkin_cmake_args=None, catkin_skip_building_tests=False, mixin_files=None, mixin=None, verb_parser=<colcon_mixin.mixin.mixin_argument.MixinArgumentDecorator object at 0x7f0cd0ac9670>, verb_extension=<colcon_core.verb.build.BuildVerb object at 0x7f0cd0c56d20>, main=<bound method BuildVerb.main of <colcon_core.verb.build.BuildVerb object at 0x7f0cd0c56d20>>, mixin_verb=('build',))
[0.266s] Level 1:colcon.colcon_core.package_discovery:discover_packages(colcon_meta) check parameters
[0.266s] Level 1:colcon.colcon_core.package_discovery:discover_packages(recursive) check parameters
[0.266s] Level 1:colcon.colcon_core.package_discovery:discover_packages(ignore) check parameters
[0.266s] Level 1:colcon.colcon_core.package_discovery:discover_packages(path) check parameters
[0.266s] Level 1:colcon.colcon_core.package_discovery:discover_packages(colcon_meta) discover
[0.266s] Level 1:colcon.colcon_core.package_discovery:discover_packages(recursive) discover
[0.267s] INFO:colcon.colcon_core.package_discovery:Crawling recursively for packages in '/home/bhimirs/Documents/robotics/ros-lab-2-siddhu'
[0.267s] Level 1:colcon.colcon_core.package_identification:_identify(.) by extensions ['ignore', 'ignore_ament_install']
[0.267s] Level 1:colcon.colcon_core.package_identification:_identify(.) by extension 'ignore'
[0.267s] Level 1:colcon.colcon_core.package_identification:_identify(.) by extension 'ignore_ament_install'
[0.268s] Level 1:colcon.colcon_core.package_identification:_identify(.) by extensions ['colcon_pkg']
[0.268s] Level 1:colcon.colcon_core.package_identification:_identify(.) by extension 'colcon_pkg'
[0.268s] Level 1:colcon.colcon_core.package_identification:_identify(.) by extensions ['colcon_meta']
[0.268s] Level 1:colcon.colcon_core.package_identification:_identify(.) by extension 'colcon_meta'
[0.268s] Level 1:colcon.colcon_core.package_identification:_identify(.) by extensions ['ros']
[0.268s] Level 1:colcon.colcon_core.package_identification:_identify(.) by extension 'ros'
[0.322s] Level 1:colcon.colcon_core.package_identification:_identify(.) by extensions ['cmake', 'python']
[0.322s] Level 1:colcon.colcon_core.package_identification:_identify(.) by extension 'cmake'
[0.322s] Level 1:colcon.colcon_core.package_identification:_identify(.) by extension 'python'
[0.322s] Level 1:colcon.colcon_core.package_identification:_identify(.) by extensions ['python_setup_py']
[0.322s] Level 1:colcon.colcon_core.package_identification:_identify(.) by extension 'python_setup_py'
[0.322s] Level 1:colcon.colcon_core.package_identification:_identify(build) by extensions ['ignore', 'ignore_ament_install']
[0.322s] Level 1:colcon.colcon_core.package_identification:_identify(build) by extension 'ignore'
[0.322s] Level 1:colcon.colcon_core.package_identification:_identify(build) ignored
[0.323s] Level 1:colcon.colcon_core.package_identification:_identify(figs) by extensions ['ignore', 'ignore_ament_install']
[0.323s] Level 1:colcon.colcon_core.package_identification:_identify(figs) by extension 'ignore'
[0.323s] Level 1:colcon.colcon_core.package_identification:_identify(figs) by extension 'ignore_ament_install'
[0.323s] Level 1:colcon.colcon_core.package_identification:_identify(figs) by extensions ['colcon_pkg']
[0.323s] Level 1:colcon.colcon_core.package_identification:_identify(figs) by extension 'colcon_pkg'
[0.323s] Level 1:colcon.colcon_core.package_identification:_identify(figs) by extensions ['colcon_meta']
[0.323s] Level 1:colcon.colcon_core.package_identification:_identify(figs) by extension 'colcon_meta'
[0.323s] Level 1:colcon.colcon_core.package_identification:_identify(figs) by extensions ['ros']
[0.323s] Level 1:colcon.colcon_core.package_identification:_identify(figs) by extension 'ros'
[0.323s] Level 1:colcon.colcon_core.package_identification:_identify(figs) by extensions ['cmake', 'python']
[0.323s] Level 1:colcon.colcon_core.package_identification:_identify(figs) by extension 'cmake'
[0.323s] Level 1:colcon.colcon_core.package_identification:_identify(figs) by extension 'python'
[0.323s] Level 1:colcon.colcon_core.package_identification:_identify(figs) by extensions ['python_setup_py']
[0.323s] Level 1:colcon.colcon_core.package_identification:_identify(figs) by extension 'python_setup_py'
[0.323s] Level 1:colcon.colcon_core.package_identification:_identify(install) by extensions ['ignore', 'ignore_ament_install']
[0.323s] Level 1:colcon.colcon_core.package_identification:_identify(install) by extension 'ignore'
[0.323s] Level 1:colcon.colcon_core.package_identification:_identify(install) ignored
[0.325s] Level 1:colcon.colcon_core.package_identification:_identify(log) by extensions ['ignore', 'ignore_ament_install']
[0.325s] Level 1:colcon.colcon_core.package_identification:_identify(log) by extension 'ignore'
[0.325s] Level 1:colcon.colcon_core.package_identification:_identify(log) ignored
[0.325s] Level 1:colcon.colcon_core.package_identification:_identify(py_pubsub) by extensions ['ignore', 'ignore_ament_install']
[0.325s] Level 1:colcon.colcon_core.package_identification:_identify(py_pubsub) by extension 'ignore'
[0.325s] Level 1:colcon.colcon_core.package_identification:_identify(py_pubsub) by extension 'ignore_ament_install'
[0.325s] Level 1:colcon.colcon_core.package_identification:_identify(py_pubsub) by extensions ['colcon_pkg']
[0.325s] Level 1:colcon.colcon_core.package_identification:_identify(py_pubsub) by extension 'colcon_pkg'
[0.325s] Level 1:colcon.colcon_core.package_identification:_identify(py_pubsub) by extensions ['colcon_meta']
[0.325s] Level 1:colcon.colcon_core.package_identification:_identify(py_pubsub) by extension 'colcon_meta'
[0.325s] Level 1:colcon.colcon_core.package_identification:_identify(py_pubsub) by extensions ['ros']
[0.325s] Level 1:colcon.colcon_core.package_identification:_identify(py_pubsub) by extension 'ros'
[0.329s] DEBUG:colcon.colcon_core.package_identification:Package 'py_pubsub' with type 'ros.ament_python' and name 'py_pubsub'
[0.330s] Level 1:colcon.colcon_core.package_identification:_identify(ros_gz_app) by extensions ['ignore', 'ignore_ament_install']
[0.330s] Level 1:colcon.colcon_core.package_identification:_identify(ros_gz_app) by extension 'ignore'
[0.330s] Level 1:colcon.colcon_core.package_identification:_identify(ros_gz_app) by extension 'ignore_ament_install'
[0.330s] Level 1:colcon.colcon_core.package_identification:_identify(ros_gz_app) by extensions ['colcon_pkg']
[0.330s] Level 1:colcon.colcon_core.package_identification:_identify(ros_gz_app) by extension 'colcon_pkg'
[0.330s] Level 1:colcon.colcon_core.package_identification:_identify(ros_gz_app) by extensions ['colcon_meta']
[0.330s] Level 1:colcon.colcon_core.package_identification:_identify(ros_gz_app) by extension 'colcon_meta'
[0.330s] Level 1:colcon.colcon_core.package_identification:_identify(ros_gz_app) by extensions ['ros']
[0.330s] Level 1:colcon.colcon_core.package_identification:_identify(ros_gz_app) by extension 'ros'
[0.331s] DEBUG:colcon.colcon_core.package_identification:Package 'ros_gz_app' with type 'ros.ament_cmake' and name 'ros_gz_app'
[0.331s] Level 1:colcon.colcon_core.package_identification:_identify(ros_gz_bringup) by extensions ['ignore', 'ignore_ament_install']
[0.331s] Level 1:colcon.colcon_core.package_identification:_identify(ros_gz_bringup) by extension 'ignore'
[0.331s] Level 1:colcon.colcon_core.package_identification:_identify(ros_gz_bringup) by extension 'ignore_ament_install'
[0.332s] Level 1:colcon.colcon_core.package_identification:_identify(ros_gz_bringup) by extensions ['colcon_pkg']
[0.332s] Level 1:colcon.colcon_core.package_identification:_identify(ros_gz_bringup) by extension 'colcon_pkg'
[0.332s] Level 1:colcon.colcon_core.package_identification:_identify(ros_gz_bringup) by extensions ['colcon_meta']
[0.332s] Level 1:colcon.colcon_core.package_identification:_identify(ros_gz_bringup) by extension 'colcon_meta'
[0.332s] Level 1:colcon.colcon_core.package_identification:_identify(ros_gz_bringup) by extensions ['ros']
[0.332s] Level 1:colcon.colcon_core.package_identification:_identify(ros_gz_bringup) by extension 'ros'
[0.333s] DEBUG:colcon.colcon_core.package_identification:Package 'ros_gz_bringup' with type 'ros.ament_cmake' and name 'ros_gz_bringup'
[0.333s] Level 1:colcon.colcon_core.package_identification:_identify(ros_gz_description) by extensions ['ignore', 'ignore_ament_install']
[0.333s] Level 1:colcon.colcon_core.package_identification:_identify(ros_gz_description) by extension 'ignore'
[0.333s] Level 1:colcon.colcon_core.package_identification:_identify(ros_gz_description) by extension 'ignore_ament_install'
[0.333s] Level 1:colcon.colcon_core.package_identification:_identify(ros_gz_description) by extensions ['colcon_pkg']
[0.333s] Level 1:colcon.colcon_core.package_identification:_identify(ros_gz_description) by extension 'colcon_pkg'
[0.333s] Level 1:colcon.colcon_core.package_identification:_identify(ros_gz_description) by extensions ['colcon_meta']
[0.333s] Level 1:colcon.colcon_core.package_identification:_identify(ros_gz_description) by extension 'colcon_meta'
[0.333s] Level 1:colcon.colcon_core.package_identification:_identify(ros_gz_description) by extensions ['ros']
[0.333s] Level 1:colcon.colcon_core.package_identification:_identify(ros_gz_description) by extension 'ros'
[0.335s] DEBUG:colcon.colcon_core.package_identification:Package 'ros_gz_description' with type 'ros.ament_cmake' and name 'ros_gz_description'
[0.335s] Level 1:colcon.colcon_core.package_identification:_identify(ros_gz_gazebo) by extensions ['ignore', 'ignore_ament_install']
[0.335s] Level 1:colcon.colcon_core.package_identification:_identify(ros_gz_gazebo) by extension 'ignore'
[0.335s] Level 1:colcon.colcon_core.package_identification:_identify(ros_gz_gazebo) by extension 'ignore_ament_install'
[0.335s] Level 1:colcon.colcon_core.package_identification:_identify(ros_gz_gazebo) by extensions ['colcon_pkg']
[0.335s] Level 1:colcon.colcon_core.package_identification:_identify(ros_gz_gazebo) by extension 'colcon_pkg'
[0.335s] Level 1:colcon.colcon_core.package_identification:_identify(ros_gz_gazebo) by extensions ['colcon_meta']
[0.335s] Level 1:colcon.colcon_core.package_identification:_identify(ros_gz_gazebo) by extension 'colcon_meta'
[0.335s] Level 1:colcon.colcon_core.package_identification:_identify(ros_gz_gazebo) by extensions ['ros']
[0.335s] Level 1:colcon.colcon_core.package_identification:_identify(ros_gz_gazebo) by extension 'ros'
[0.337s] DEBUG:colcon.colcon_core.package_identification:Package 'ros_gz_gazebo' with type 'ros.ament_cmake' and name 'ros_gz_gazebo'
[0.337s] Level 1:colcon.colcon_core.package_discovery:discover_packages(recursive) using defaults
[0.337s] Level 1:colcon.colcon_core.package_discovery:discover_packages(ignore) discover
[0.337s] Level 1:colcon.colcon_core.package_discovery:discover_packages(ignore) using defaults
[0.337s] Level 1:colcon.colcon_core.package_discovery:discover_packages(path) discover
[0.337s] Level 1:colcon.colcon_core.package_discovery:discover_packages(path) using defaults
[0.348s] Level 1:colcon.colcon_core.package_discovery:discover_packages(prefix_path) check parameters
[0.348s] Level 1:colcon.colcon_core.package_discovery:discover_packages(prefix_path) discover
[0.360s] DEBUG:colcon.colcon_installed_package_information.package_discovery:Found 5 installed packages in /home/bhimirs/Documents/robotics/ros-lab-2-siddhu/install
[0.361s] DEBUG:colcon.colcon_installed_package_information.package_discovery:Found 317 installed packages in /opt/ros/jazzy
[0.363s] Level 1:colcon.colcon_core.package_discovery:discover_packages(prefix_path) using defaults
[0.407s] Level 5:colcon.colcon_core.verb:set package 'py_pubsub' build argument 'cmake_args' from command line to '['-DBUILD_TESTING=ON']'
[0.407s] Level 5:colcon.colcon_core.verb:set package 'py_pubsub' build argument 'cmake_target' from command line to 'None'
[0.407s] Level 5:colcon.colcon_core.verb:set package 'py_pubsub' build argument 'cmake_target_skip_unavailable' from command line to 'False'
[0.407s] Level 5:colcon.colcon_core.verb:set package 'py_pubsub' build argument 'cmake_clean_cache' from command line to 'False'
[0.407s] Level 5:colcon.colcon_core.verb:set package 'py_pubsub' build argument 'cmake_clean_first' from command line to 'False'
[0.408s] Level 5:colcon.colcon_core.verb:set package 'py_pubsub' build argument 'cmake_force_configure' from command line to 'False'
[0.408s] Level 5:colcon.colcon_core.verb:set package 'py_pubsub' build argument 'ament_cmake_args' from command line to 'None'
[0.408s] Level 5:colcon.colcon_core.verb:set package 'py_pubsub' build argument 'catkin_cmake_args' from command line to 'None'
[0.408s] Level 5:colcon.colcon_core.verb:set package 'py_pubsub' build argument 'catkin_skip_building_tests' from command line to 'False'
[0.408s] DEBUG:colcon.colcon_core.verb:Building package 'py_pubsub' with the following arguments: {'ament_cmake_args': None, 'build_base': '/home/bhimirs/Documents/robotics/ros-lab-2-siddhu/build/py_pubsub', 'catkin_cmake_args': None, 'catkin_skip_building_tests': False, 'cmake_args': ['-DBUILD_TESTING=ON'], 'cmake_clean_cache': False, 'cmake_clean_first': False, 'cmake_force_configure': False, 'cmake_target': None, 'cmake_target_skip_unavailable': False, 'install_base': '/home/bhimirs/Documents/robotics/ros-lab-2-siddhu/install/py_pubsub', 'merge_install': False, 'path': '/home/bhimirs/Documents/robotics/ros-lab-2-siddhu/py_pubsub', 'symlink_install': False, 'test_result_base': None}
[0.408s] Level 5:colcon.colcon_core.verb:set package 'ros_gz_app' build argument 'cmake_args' from command line to '['-DBUILD_TESTING=ON']'
[0.408s] Level 5:colcon.colcon_core.verb:set package 'ros_gz_app' build argument 'cmake_target' from command line to 'None'
[0.408s] Level 5:colcon.colcon_core.verb:set package 'ros_gz_app' build argument 'cmake_target_skip_unavailable' from command line to 'False'
[0.408s] Level 5:colcon.colcon_core.verb:set package 'ros_gz_app' build argument 'cmake_clean_cache' from command line to 'False'
[0.408s] Level 5:colcon.colcon_core.verb:set package 'ros_gz_app' build argument 'cmake_clean_first' from command line to 'False'
[0.408s] Level 5:colcon.colcon_core.verb:set package 'ros_gz_app' build argument 'cmake_force_configure' from command line to 'False'
[0.408s] Level 5:colcon.colcon_core.verb:set package 'ros_gz_app' build argument 'ament_cmake_args' from command line to 'None'
[0.408s] Level 5:colcon.colcon_core.verb:set package 'ros_gz_app' build argument 'catkin_cmake_args' from command line to 'None'
[0.408s] Level 5:colcon.colcon_core.verb:set package 'ros_gz_app' build argument 'catkin_skip_building_tests' from command line to 'False'
[0.408s] DEBUG:colcon.colcon_core.verb:Building package 'ros_gz_app' with the following arguments: {'ament_cmake_args': None, 'build_base': '/home/bhimirs/Documents/robotics/ros-lab-2-siddhu/build/ros_gz_app', 'catkin_cmake_args': None, 'catkin_skip_building_tests': False, 'cmake_args': ['-DBUILD_TESTING=ON'], 'cmake_clean_cache': False, 'cmake_clean_first': False, 'cmake_force_configure': False, 'cmake_target': None, 'cmake_target_skip_unavailable': False, 'install_base': '/home/bhimirs/Documents/robotics/ros-lab-2-siddhu/install/ros_gz_app', 'merge_install': False, 'path': '/home/bhimirs/Documents/robotics/ros-lab-2-siddhu/ros_gz_app', 'symlink_install': False, 'test_result_base': None}
[0.408s] Level 5:colcon.colcon_core.verb:set package 'ros_gz_description' build argument 'cmake_args' from command line to '['-DBUILD_TESTING=ON']'
[0.408s] Level 5:colcon.colcon_core.verb:set package 'ros_gz_description' build argument 'cmake_target' from command line to 'None'
[0.408s] Level 5:colcon.colcon_core.verb:set package 'ros_gz_description' build argument 'cmake_target_skip_unavailable' from command line to 'False'
[0.408s] Level 5:colcon.colcon_core.verb:set package 'ros_gz_description' build argument 'cmake_clean_cache' from command line to 'False'
[0.408s] Level 5:colcon.colcon_core.verb:set package 'ros_gz_description' build argument 'cmake_clean_first' from command line to 'False'
[0.408s] Level 5:colcon.colcon_core.verb:set package 'ros_gz_description' build argument 'cmake_force_configure' from command line to 'False'
[0.408s] Level 5:colcon.colcon_core.verb:set package 'ros_gz_description' build argument 'ament_cmake_args' from command line to 'None'
[0.408s] Level 5:colcon.colcon_core.verb:set package 'ros_gz_description' build argument 'catkin_cmake_args' from command line to 'None'
[0.408s] Level 5:colcon.colcon_core.verb:set package 'ros_gz_description' build argument 'catkin_skip_building_tests' from command line to 'False'
[0.408s] DEBUG:colcon.colcon_core.verb:Building package 'ros_gz_description' with the following arguments: {'ament_cmake_args': None, 'build_base': '/home/bhimirs/Documents/robotics/ros-lab-2-siddhu/build/ros_gz_description', 'catkin_cmake_args': None, 'catkin_skip_building_tests': False, 'cmake_args': ['-DBUILD_TESTING=ON'], 'cmake_clean_cache': False, 'cmake_clean_first': False, 'cmake_force_configure': False, 'cmake_target': None, 'cmake_target_skip_unavailable': False, 'install_base': '/home/bhimirs/Documents/robotics/ros-lab-2-siddhu/install/ros_gz_description', 'merge_install': False, 'path': '/home/bhimirs/Documents/robotics/ros-lab-2-siddhu/ros_gz_description', 'symlink_install': False, 'test_result_base': None}
[0.408s] Level 5:colcon.colcon_core.verb:set package 'ros_gz_gazebo' build argument 'cmake_args' from command line to '['-DBUILD_TESTING=ON']'
[0.408s] Level 5:colcon.colcon_core.verb:set package 'ros_gz_gazebo' build argument 'cmake_target' from command line to 'None'
[0.408s] Level 5:colcon.colcon_core.verb:set package 'ros_gz_gazebo' build argument 'cmake_target_skip_unavailable' from command line to 'False'
[0.408s] Level 5:colcon.colcon_core.verb:set package 'ros_gz_gazebo' build argument 'cmake_clean_cache' from command line to 'False'
[0.408s] Level 5:colcon.colcon_core.verb:set package 'ros_gz_gazebo' build argument 'cmake_clean_first' from command line to 'False'
[0.408s] Level 5:colcon.colcon_core.verb:set package 'ros_gz_gazebo' build argument 'cmake_force_configure' from command line to 'False'
[0.408s] Level 5:colcon.colcon_core.verb:set package 'ros_gz_gazebo' build argument 'ament_cmake_args' from command line to 'None'
[0.408s] Level 5:colcon.colcon_core.verb:set package 'ros_gz_gazebo' build argument 'catkin_cmake_args' from command line to 'None'
[0.408s] Level 5:colcon.colcon_core.verb:set package 'ros_gz_gazebo' build argument 'catkin_skip_building_tests' from command line to 'False'
[0.408s] DEBUG:colcon.colcon_core.verb:Building package 'ros_gz_gazebo' with the following arguments: {'ament_cmake_args': None, 'build_base': '/home/bhimirs/Documents/robotics/ros-lab-2-siddhu/build/ros_gz_gazebo', 'catkin_cmake_args': None, 'catkin_skip_building_tests': False, 'cmake_args': ['-DBUILD_TESTING=ON'], 'cmake_clean_cache': False, 'cmake_clean_first': False, 'cmake_force_configure': False, 'cmake_target': None, 'cmake_target_skip_unavailable': False, 'install_base': '/home/bhimirs/Documents/robotics/ros-lab-2-siddhu/install/ros_gz_gazebo', 'merge_install': False, 'path': '/home/bhimirs/Documents/robotics/ros-lab-2-siddhu/ros_gz_gazebo', 'symlink_install': False, 'test_result_base': None}
[0.408s] Level 5:colcon.colcon_core.verb:set package 'ros_gz_bringup' build argument 'cmake_args' from command line to '['-DBUILD_TESTING=ON']'
[0.408s] Level 5:colcon.colcon_core.verb:set package 'ros_gz_bringup' build argument 'cmake_target' from command line to 'None'
[0.408s] Level 5:colcon.colcon_core.verb:set package 'ros_gz_bringup' build argument 'cmake_target_skip_unavailable' from command line to 'False'
[0.408s] Level 5:colcon.colcon_core.verb:set package 'ros_gz_bringup' build argument 'cmake_clean_cache' from command line to 'False'
[0.408s] Level 5:colcon.colcon_core.verb:set package 'ros_gz_bringup' build argument 'cmake_clean_first' from command line to 'False'
[0.408s] Level 5:colcon.colcon_core.verb:set package 'ros_gz_bringup' build argument 'cmake_force_configure' from command line to 'False'
[0.408s] Level 5:colcon.colcon_core.verb:set package 'ros_gz_bringup' build argument 'ament_cmake_args' from command line to 'None'
[0.408s] Level 5:colcon.colcon_core.verb:set package 'ros_gz_bringup' build argument 'catkin_cmake_args' from command line to 'None'
[0.408s] Level 5:colcon.colcon_core.verb:set package 'ros_gz_bringup' build argument 'catkin_skip_building_tests' from command line to 'False'
[0.408s] DEBUG:colcon.colcon_core.verb:Building package 'ros_gz_bringup' with the following arguments: {'ament_cmake_args': None, 'build_base': '/home/bhimirs/Documents/robotics/ros-lab-2-siddhu/build/ros_gz_bringup', 'catkin_cmake_args': None, 'catkin_skip_building_tests': False, 'cmake_args': ['-DBUILD_TESTING=ON'], 'cmake_clean_cache': False, 'cmake_clean_first': False, 'cmake_force_configure': False, 'cmake_target': None, 'cmake_target_skip_unavailable': False, 'install_base': '/home/bhimirs/Documents/robotics/ros-lab-2-siddhu/install/ros_gz_bringup', 'merge_install': False, 'path': '/home/bhimirs/Documents/robotics/ros-lab-2-siddhu/ros_gz_bringup', 'symlink_install': False, 'test_result_base': None}
[0.408s] INFO:colcon.colcon_core.executor:Executing jobs using 'parallel' executor
[0.409s] DEBUG:colcon.colcon_parallel_executor.executor.parallel:run_until_complete
[0.409s] INFO:colcon.colcon_ros.task.ament_cmake.build:Building ROS package in '/home/bhimirs/Documents/robotics/ros-lab-2-siddhu/ros_gz_description' with build type 'ament_cmake'
[0.409s] INFO:colcon.colcon_cmake.task.cmake.build:Building CMake package in '/home/bhimirs/Documents/robotics/ros-lab-2-siddhu/ros_gz_description'
[0.410s] INFO:colcon.colcon_core.plugin_system:Skipping extension 'colcon_core.shell.bat': Not used on non-Windows systems
[0.410s] INFO:colcon.colcon_core.shell:Skip shell extension 'powershell' for command environment: Not usable outside of PowerShell
[0.410s] DEBUG:colcon.colcon_core.shell:Skip shell extension 'dsv' for command environment
[0.418s] INFO:colcon.colcon_ros.task.ament_python.build:Building ROS package in '/home/bhimirs/Documents/robotics/ros-lab-2-siddhu/py_pubsub' with build type 'ament_python'
[0.418s] Level 1:colcon.colcon_core.shell:create_environment_hook('py_pubsub', 'ament_prefix_path')
[0.419s] INFO:colcon.colcon_core.shell:Creating environment hook '/home/bhimirs/Documents/robotics/ros-lab-2-siddhu/install/py_pubsub/share/py_pubsub/hook/ament_prefix_path.ps1'
[0.421s] INFO:colcon.colcon_core.shell:Creating environment descriptor '/home/bhimirs/Documents/robotics/ros-lab-2-siddhu/install/py_pubsub/share/py_pubsub/hook/ament_prefix_path.dsv'
[0.424s] INFO:colcon.colcon_core.shell:Creating environment hook '/home/bhimirs/Documents/robotics/ros-lab-2-siddhu/install/py_pubsub/share/py_pubsub/hook/ament_prefix_path.sh'
[0.427s] INFO:colcon.colcon_core.shell:Skip shell extension 'powershell' for command environment: Not usable outside of PowerShell
[0.427s] DEBUG:colcon.colcon_core.shell:Skip shell extension 'dsv' for command environment
[0.435s] INFO:colcon.colcon_ros.task.ament_cmake.build:Building ROS package in '/home/bhimirs/Documents/robotics/ros-lab-2-siddhu/ros_gz_app' with build type 'ament_cmake'
[0.435s] INFO:colcon.colcon_cmake.task.cmake.build:Building CMake package in '/home/bhimirs/Documents/robotics/ros-lab-2-siddhu/ros_gz_app'
[0.435s] INFO:colcon.colcon_core.shell:Skip shell extension 'powershell' for command environment: Not usable outside of PowerShell
[0.435s] DEBUG:colcon.colcon_core.shell:Skip shell extension 'dsv' for command environment
[0.459s] DEBUG:colcon.colcon_core.event_handler.log_command:Invoking command in '/home/bhimirs/Documents/robotics/ros-lab-2-siddhu/build/ros_gz_description': CMAKE_PREFIX_PATH=${CMAKE_PREFIX_PATH}:/home/bhimirs/Documents/robotics/ros-lab-2-siddhu/install/py_pubsub:/opt/ros/jazzy CONDA_PROMPT_MODIFIER=(base) PS1=<ROS2-Jazzy>[\u@\h \W]$ /usr/bin/cmake --build /home/bhimirs/Documents/robotics/ros-lab-2-siddhu/build/ros_gz_description -- -j28 -l28
[0.612s] INFO:colcon.colcon_core.task.python.build:Building Python package in '/home/bhimirs/Documents/robotics/ros-lab-2-siddhu/py_pubsub'
[0.613s] INFO:colcon.colcon_core.shell:Skip shell extension 'powershell' for command environment: Not usable outside of PowerShell
[0.613s] DEBUG:colcon.colcon_core.shell:Skip shell extension 'dsv' for command environment
[0.622s] DEBUG:colcon.colcon_core.event_handler.log_command:Invoked command in '/home/bhimirs/Documents/robotics/ros-lab-2-siddhu/build/ros_gz_description' returned '0': CMAKE_PREFIX_PATH=${CMAKE_PREFIX_PATH}:/home/bhimirs/Documents/robotics/ros-lab-2-siddhu/install/py_pubsub:/opt/ros/jazzy CONDA_PROMPT_MODIFIER=(base) PS1=<ROS2-Jazzy>[\u@\h \W]$ /usr/bin/cmake --build /home/bhimirs/Documents/robotics/ros-lab-2-siddhu/build/ros_gz_description -- -j28 -l28
[0.632s] DEBUG:colcon.colcon_core.event_handler.log_command:Invoking command in '/home/bhimirs/Documents/robotics/ros-lab-2-siddhu/build/ros_gz_description': CMAKE_PREFIX_PATH=${CMAKE_PREFIX_PATH}:/home/bhimirs/Documents/robotics/ros-lab-2-siddhu/install/py_pubsub:/opt/ros/jazzy CONDA_PROMPT_MODIFIER=(base) PS1=<ROS2-Jazzy>[\u@\h \W]$ /usr/bin/cmake --install /home/bhimirs/Documents/robotics/ros-lab-2-siddhu/build/ros_gz_description
[0.644s] DEBUG:colcon.colcon_core.event_handler.log_command:Invoking command in '/home/bhimirs/Documents/robotics/ros-lab-2-siddhu/build/ros_gz_app': CMAKE_PREFIX_PATH=${CMAKE_PREFIX_PATH}:/home/bhimirs/Documents/robotics/ros-lab-2-siddhu/install/py_pubsub:/opt/ros/jazzy CONDA_PROMPT_MODIFIER=(base) PS1=<ROS2-Jazzy>[\u@\h \W]$ /usr/bin/cmake --build /home/bhimirs/Documents/robotics/ros-lab-2-siddhu/build/ros_gz_app -- -j28 -l28
[0.668s] Level 1:colcon.colcon_core.environment:create_environment_scripts_only(ros_gz_description)
[0.668s] DEBUG:colcon.colcon_core.event_handler.log_command:Invoked command in '/home/bhimirs/Documents/robotics/ros-lab-2-siddhu/build/ros_gz_description' returned '0': CMAKE_PREFIX_PATH=${CMAKE_PREFIX_PATH}:/home/bhimirs/Documents/robotics/ros-lab-2-siddhu/install/py_pubsub:/opt/ros/jazzy CONDA_PROMPT_MODIFIER=(base) PS1=<ROS2-Jazzy>[\u@\h \W]$ /usr/bin/cmake --install /home/bhimirs/Documents/robotics/ros-lab-2-siddhu/build/ros_gz_description
[0.670s] Level 1:colcon.colcon_core.environment:checking '/home/bhimirs/Documents/robotics/ros-lab-2-siddhu/install/ros_gz_description' for CMake module files
[0.671s] Level 1:colcon.colcon_core.environment:checking '/home/bhimirs/Documents/robotics/ros-lab-2-siddhu/install/ros_gz_description' for CMake config files
[0.674s] Level 1:colcon.colcon_core.shell:create_environment_hook('ros_gz_description', 'cmake_prefix_path')
[0.674s] INFO:colcon.colcon_core.shell:Creating environment hook '/home/bhimirs/Documents/robotics/ros-lab-2-siddhu/install/ros_gz_description/share/ros_gz_description/hook/cmake_prefix_path.ps1'
[0.677s] INFO:colcon.colcon_core.shell:Creating environment descriptor '/home/bhimirs/Documents/robotics/ros-lab-2-siddhu/install/ros_gz_description/share/ros_gz_description/hook/cmake_prefix_path.dsv'
[0.680s] INFO:colcon.colcon_core.shell:Creating environment hook '/home/bhimirs/Documents/robotics/ros-lab-2-siddhu/install/ros_gz_description/share/ros_gz_description/hook/cmake_prefix_path.sh'
[0.684s] Level 1:colcon.colcon_core.environment:checking '/home/bhimirs/Documents/robotics/ros-lab-2-siddhu/install/ros_gz_description/bin'
[0.684s] Level 1:colcon.colcon_core.environment:checking '/home/bhimirs/Documents/robotics/ros-lab-2-siddhu/install/ros_gz_description/lib/pkgconfig/ros_gz_description.pc'
[0.684s] Level 1:colcon.colcon_core.environment:checking '/home/bhimirs/Documents/robotics/ros-lab-2-siddhu/install/ros_gz_description/lib/python3.12/site-packages'
[0.684s] Level 1:colcon.colcon_core.environment:checking '/home/bhimirs/Documents/robotics/ros-lab-2-siddhu/install/ros_gz_description/bin'
[0.684s] INFO:colcon.colcon_core.shell:Creating package script '/home/bhimirs/Documents/robotics/ros-lab-2-siddhu/install/ros_gz_description/share/ros_gz_description/package.ps1'
[0.687s] INFO:colcon.colcon_core.shell:Creating package descriptor '/home/bhimirs/Documents/robotics/ros-lab-2-siddhu/install/ros_gz_description/share/ros_gz_description/package.dsv'
[0.690s] INFO:colcon.colcon_core.shell:Creating package script '/home/bhimirs/Documents/robotics/ros-lab-2-siddhu/install/ros_gz_description/share/ros_gz_description/package.sh'
[0.693s] INFO:colcon.colcon_core.shell:Creating package script '/home/bhimirs/Documents/robotics/ros-lab-2-siddhu/install/ros_gz_description/share/ros_gz_description/package.bash'
[0.696s] INFO:colcon.colcon_core.shell:Creating package script '/home/bhimirs/Documents/robotics/ros-lab-2-siddhu/install/ros_gz_description/share/ros_gz_description/package.zsh'
[0.699s] Level 1:colcon.colcon_core.environment:create_file_with_runtime_dependencies(/home/bhimirs/Documents/robotics/ros-lab-2-siddhu/install/ros_gz_description/share/colcon-core/packages/ros_gz_description)
[0.700s] Level 1:colcon.colcon_core.environment:create_environment_scripts_only(ros_gz_description)
[0.700s] Level 1:colcon.colcon_core.environment:checking '/home/bhimirs/Documents/robotics/ros-lab-2-siddhu/install/ros_gz_description' for CMake module files
[0.701s] Level 1:colcon.colcon_core.environment:checking '/home/bhimirs/Documents/robotics/ros-lab-2-siddhu/install/ros_gz_description' for CMake config files
[0.704s] Level 1:colcon.colcon_core.shell:create_environment_hook('ros_gz_description', 'cmake_prefix_path')
[0.704s] INFO:colcon.colcon_core.shell:Creating environment hook '/home/bhimirs/Documents/robotics/ros-lab-2-siddhu/install/ros_gz_description/share/ros_gz_description/hook/cmake_prefix_path.ps1'
[0.707s] INFO:colcon.colcon_core.shell:Creating environment descriptor '/home/bhimirs/Documents/robotics/ros-lab-2-siddhu/install/ros_gz_description/share/ros_gz_description/hook/cmake_prefix_path.dsv'
[0.709s] INFO:colcon.colcon_core.shell:Creating environment hook '/home/bhimirs/Documents/robotics/ros-lab-2-siddhu/install/ros_gz_description/share/ros_gz_description/hook/cmake_prefix_path.sh'
[0.712s] Level 1:colcon.colcon_core.environment:checking '/home/bhimirs/Documents/robotics/ros-lab-2-siddhu/install/ros_gz_description/bin'
[0.712s] Level 1:colcon.colcon_core.environment:checking '/home/bhimirs/Documents/robotics/ros-lab-2-siddhu/install/ros_gz_description/lib/pkgconfig/ros_gz_description.pc'
[0.712s] Level 1:colcon.colcon_core.environment:checking '/home/bhimirs/Documents/robotics/ros-lab-2-siddhu/install/ros_gz_description/lib/python3.12/site-packages'
[0.712s] Level 1:colcon.colcon_core.environment:checking '/home/bhimirs/Documents/robotics/ros-lab-2-siddhu/install/ros_gz_description/bin'
[0.712s] INFO:colcon.colcon_core.shell:Creating package script '/home/bhimirs/Documents/robotics/ros-lab-2-siddhu/install/ros_gz_description/share/ros_gz_description/package.ps1'
[0.714s] INFO:colcon.colcon_core.shell:Creating package descriptor '/home/bhimirs/Documents/robotics/ros-lab-2-siddhu/install/ros_gz_description/share/ros_gz_description/package.dsv'
[0.717s] INFO:colcon.colcon_core.shell:Creating package script '/home/bhimirs/Documents/robotics/ros-lab-2-siddhu/install/ros_gz_description/share/ros_gz_description/package.sh'
[0.719s] INFO:colcon.colcon_core.shell:Creating package script '/home/bhimirs/Documents/robotics/ros-lab-2-siddhu/install/ros_gz_description/share/ros_gz_description/package.bash'
[0.721s] INFO:colcon.colcon_core.shell:Creating package script '/home/bhimirs/Documents/robotics/ros-lab-2-siddhu/install/ros_gz_description/share/ros_gz_description/package.zsh'
[0.723s] Level 1:colcon.colcon_core.environment:create_file_with_runtime_dependencies(/home/bhimirs/Documents/robotics/ros-lab-2-siddhu/install/ros_gz_description/share/colcon-core/packages/ros_gz_description)
[0.725s] INFO:colcon.colcon_ros.task.ament_cmake.build:Building ROS package in '/home/bhimirs/Documents/robotics/ros-lab-2-siddhu/ros_gz_gazebo' with build type 'ament_cmake'
[0.725s] INFO:colcon.colcon_cmake.task.cmake.build:Building CMake package in '/home/bhimirs/Documents/robotics/ros-lab-2-siddhu/ros_gz_gazebo'
[0.725s] INFO:colcon.colcon_core.shell:Skip shell extension 'powershell' for command environment: Not usable outside of PowerShell
[0.725s] DEBUG:colcon.colcon_core.shell:Skip shell extension 'dsv' for command environment
[0.732s] DEBUG:colcon.colcon_core.event_handler.log_command:Invoked command in '/home/bhimirs/Documents/robotics/ros-lab-2-siddhu/build/ros_gz_app' returned '0': CMAKE_PREFIX_PATH=${CMAKE_PREFIX_PATH}:/home/bhimirs/Documents/robotics/ros-lab-2-siddhu/install/py_pubsub:/opt/ros/jazzy CONDA_PROMPT_MODIFIER=(base) PS1=<ROS2-Jazzy>[\u@\h \W]$ /usr/bin/cmake --build /home/bhimirs/Documents/robotics/ros-lab-2-siddhu/build/ros_gz_app -- -j28 -l28
[0.735s] DEBUG:colcon.colcon_core.event_handler.log_command:Invoking command in '/home/bhimirs/Documents/robotics/ros-lab-2-siddhu/build/ros_gz_app': CMAKE_PREFIX_PATH=${CMAKE_PREFIX_PATH}:/home/bhimirs/Documents/robotics/ros-lab-2-siddhu/install/py_pubsub:/opt/ros/jazzy CONDA_PROMPT_MODIFIER=(base) PS1=<ROS2-Jazzy>[\u@\h \W]$ /usr/bin/cmake --install /home/bhimirs/Documents/robotics/ros-lab-2-siddhu/build/ros_gz_app
[0.749s] DEBUG:colcon.colcon_core.event_handler.log_command:Invoking command in '/home/bhimirs/Documents/robotics/ros-lab-2-siddhu/build/ros_gz_gazebo': CMAKE_PREFIX_PATH=/home/bhimirs/Documents/robotics/ros-lab-2-siddhu/install/ros_gz_description:/home/bhimirs/Documents/robotics/ros-lab-2-siddhu/install/ros_gz_bringup:/home/bhimirs/Documents/robotics/ros-lab-2-siddhu/install/ros_gz_gazebo:/home/bhimirs/Documents/robotics/ros-lab-2-siddhu/install/ros_gz_app:/opt/ros/jazzy/opt/gz_sim_vendor:/opt/ros/jazzy/opt/gz_sensors_vendor:/opt/ros/jazzy/opt/gz_physics_vendor:/opt/ros/jazzy/opt/sdformat_vendor:/opt/ros/jazzy/opt/gz_gui_vendor:/opt/ros/jazzy/opt/gz_transport_vendor:/opt/ros/jazzy/opt/gz_rendering_vendor:/opt/ros/jazzy/opt/gz_plugin_vendor:/opt/ros/jazzy/opt/gz_fuel_tools_vendor:/opt/ros/jazzy/opt/gz_msgs_vendor:/opt/ros/jazzy/opt/gz_common_vendor:/opt/ros/jazzy/opt/gz_math_vendor:/opt/ros/jazzy/opt/gz_utils_vendor:/opt/ros/jazzy/opt/gz_tools_vendor:/opt/ros/jazzy/opt/gz_ogre_next_vendor:/opt/ros/jazzy/opt/gz_dartsim_vendor:/opt/ros/jazzy/opt/gz_cmake_vendor:/home/bhimirs/Documents/robotics/ros-lab-2-siddhu/install/py_pubsub:/opt/ros/jazzy CONDA_PROMPT_MODIFIER=(base) PS1=<ROS2-Jazzy>[\u@\h \W]$ /usr/bin/cmake --build /home/bhimirs/Documents/robotics/ros-lab-2-siddhu/build/ros_gz_gazebo -- -j28 -l28
[0.766s] Level 1:colcon.colcon_core.environment:create_environment_scripts_only(ros_gz_app)
[0.766s] Level 1:colcon.colcon_core.environment:checking '/home/bhimirs/Documents/robotics/ros-lab-2-siddhu/install/ros_gz_app' for CMake module files
[0.767s] DEBUG:colcon.colcon_core.event_handler.log_command:Invoked command in '/home/bhimirs/Documents/robotics/ros-lab-2-siddhu/build/ros_gz_app' returned '0': CMAKE_PREFIX_PATH=${CMAKE_PREFIX_PATH}:/home/bhimirs/Documents/robotics/ros-lab-2-siddhu/install/py_pubsub:/opt/ros/jazzy CONDA_PROMPT_MODIFIER=(base) PS1=<ROS2-Jazzy>[\u@\h \W]$ /usr/bin/cmake --install /home/bhimirs/Documents/robotics/ros-lab-2-siddhu/build/ros_gz_app
[0.768s] Level 1:colcon.colcon_core.environment:checking '/home/bhimirs/Documents/robotics/ros-lab-2-siddhu/install/ros_gz_app' for CMake config files
[0.769s] Level 1:colcon.colcon_core.shell:create_environment_hook('ros_gz_app', 'cmake_prefix_path')
[0.769s] INFO:colcon.colcon_core.shell:Creating environment hook '/home/bhimirs/Documents/robotics/ros-lab-2-siddhu/install/ros_gz_app/share/ros_gz_app/hook/cmake_prefix_path.ps1'
[0.771s] INFO:colcon.colcon_core.shell:Creating environment descriptor '/home/bhimirs/Documents/robotics/ros-lab-2-siddhu/install/ros_gz_app/share/ros_gz_app/hook/cmake_prefix_path.dsv'
[0.774s] INFO:colcon.colcon_core.shell:Creating environment hook '/home/bhimirs/Documents/robotics/ros-lab-2-siddhu/install/ros_gz_app/share/ros_gz_app/hook/cmake_prefix_path.sh'
[0.777s] Level 1:colcon.colcon_core.environment:checking '/home/bhimirs/Documents/robotics/ros-lab-2-siddhu/install/ros_gz_app/bin'
[0.777s] Level 1:colcon.colcon_core.environment:checking '/home/bhimirs/Documents/robotics/ros-lab-2-siddhu/install/ros_gz_app/lib/pkgconfig/ros_gz_app.pc'
[0.777s] Level 1:colcon.colcon_core.environment:checking '/home/bhimirs/Documents/robotics/ros-lab-2-siddhu/install/ros_gz_app/lib/python3.12/site-packages'
[0.777s] Level 1:colcon.colcon_core.environment:checking '/home/bhimirs/Documents/robotics/ros-lab-2-siddhu/install/ros_gz_app/bin'
[0.778s] INFO:colcon.colcon_core.shell:Creating package script '/home/bhimirs/Documents/robotics/ros-lab-2-siddhu/install/ros_gz_app/share/ros_gz_app/package.ps1'
[0.780s] INFO:colcon.colcon_core.shell:Creating package descriptor '/home/bhimirs/Documents/robotics/ros-lab-2-siddhu/install/ros_gz_app/share/ros_gz_app/package.dsv'
[0.782s] INFO:colcon.colcon_core.shell:Creating package script '/home/bhimirs/Documents/robotics/ros-lab-2-siddhu/install/ros_gz_app/share/ros_gz_app/package.sh'
[0.784s] INFO:colcon.colcon_core.shell:Creating package script '/home/bhimirs/Documents/robotics/ros-lab-2-siddhu/install/ros_gz_app/share/ros_gz_app/package.bash'
[0.786s] INFO:colcon.colcon_core.shell:Creating package script '/home/bhimirs/Documents/robotics/ros-lab-2-siddhu/install/ros_gz_app/share/ros_gz_app/package.zsh'
[0.788s] Level 1:colcon.colcon_core.environment:create_file_with_runtime_dependencies(/home/bhimirs/Documents/robotics/ros-lab-2-siddhu/install/ros_gz_app/share/colcon-core/packages/ros_gz_app)
[0.790s] Level 1:colcon.colcon_core.environment:create_environment_scripts_only(ros_gz_app)
[0.790s] Level 1:colcon.colcon_core.environment:checking '/home/bhimirs/Documents/robotics/ros-lab-2-siddhu/install/ros_gz_app' for CMake module files
[0.790s] Level 1:colcon.colcon_core.environment:checking '/home/bhimirs/Documents/robotics/ros-lab-2-siddhu/install/ros_gz_app' for CMake config files
[0.792s] Level 1:colcon.colcon_core.shell:create_environment_hook('ros_gz_app', 'cmake_prefix_path')
[0.792s] INFO:colcon.colcon_core.shell:Creating environment hook '/home/bhimirs/Documents/robotics/ros-lab-2-siddhu/install/ros_gz_app/share/ros_gz_app/hook/cmake_prefix_path.ps1'
[0.794s] INFO:colcon.colcon_core.shell:Creating environment descriptor '/home/bhimirs/Documents/robotics/ros-lab-2-siddhu/install/ros_gz_app/share/ros_gz_app/hook/cmake_prefix_path.dsv'
[0.796s] INFO:colcon.colcon_core.shell:Creating environment hook '/home/bhimirs/Documents/robotics/ros-lab-2-siddhu/install/ros_gz_app/share/ros_gz_app/hook/cmake_prefix_path.sh'
[0.799s] Level 1:colcon.colcon_core.environment:checking '/home/bhimirs/Documents/robotics/ros-lab-2-siddhu/install/ros_gz_app/bin'
[0.799s] Level 1:colcon.colcon_core.environment:checking '/home/bhimirs/Documents/robotics/ros-lab-2-siddhu/install/ros_gz_app/lib/pkgconfig/ros_gz_app.pc'
[0.799s] Level 1:colcon.colcon_core.environment:checking '/home/bhimirs/Documents/robotics/ros-lab-2-siddhu/install/ros_gz_app/lib/python3.12/site-packages'
[0.799s] Level 1:colcon.colcon_core.environment:checking '/home/bhimirs/Documents/robotics/ros-lab-2-siddhu/install/ros_gz_app/bin'
[0.799s] INFO:colcon.colcon_core.shell:Creating package script '/home/bhimirs/Documents/robotics/ros-lab-2-siddhu/install/ros_gz_app/share/ros_gz_app/package.ps1'
[0.801s] INFO:colcon.colcon_core.shell:Creating package descriptor '/home/bhimirs/Documents/robotics/ros-lab-2-siddhu/install/ros_gz_app/share/ros_gz_app/package.dsv'
[0.804s] INFO:colcon.colcon_core.shell:Creating package script '/home/bhimirs/Documents/robotics/ros-lab-2-siddhu/install/ros_gz_app/share/ros_gz_app/package.sh'
[0.806s] INFO:colcon.colcon_core.shell:Creating package script '/home/bhimirs/Documents/robotics/ros-lab-2-siddhu/install/ros_gz_app/share/ros_gz_app/package.bash'
[0.808s] INFO:colcon.colcon_core.shell:Creating package script '/home/bhimirs/Documents/robotics/ros-lab-2-siddhu/install/ros_gz_app/share/ros_gz_app/package.zsh'
[0.810s] Level 1:colcon.colcon_core.environment:create_file_with_runtime_dependencies(/home/bhimirs/Documents/robotics/ros-lab-2-siddhu/install/ros_gz_app/share/colcon-core/packages/ros_gz_app)
[0.822s] DEBUG:colcon.colcon_core.event_handler.log_command:Invoked command in '/home/bhimirs/Documents/robotics/ros-lab-2-siddhu/build/ros_gz_gazebo' returned '0': CMAKE_PREFIX_PATH=/home/bhimirs/Documents/robotics/ros-lab-2-siddhu/install/ros_gz_description:/home/bhimirs/Documents/robotics/ros-lab-2-siddhu/install/ros_gz_bringup:/home/bhimirs/Documents/robotics/ros-lab-2-siddhu/install/ros_gz_gazebo:/home/bhimirs/Documents/robotics/ros-lab-2-siddhu/install/ros_gz_app:/opt/ros/jazzy/opt/gz_sim_vendor:/opt/ros/jazzy/opt/gz_sensors_vendor:/opt/ros/jazzy/opt/gz_physics_vendor:/opt/ros/jazzy/opt/sdformat_vendor:/opt/ros/jazzy/opt/gz_gui_vendor:/opt/ros/jazzy/opt/gz_transport_vendor:/opt/ros/jazzy/opt/gz_rendering_vendor:/opt/ros/jazzy/opt/gz_plugin_vendor:/opt/ros/jazzy/opt/gz_fuel_tools_vendor:/opt/ros/jazzy/opt/gz_msgs_vendor:/opt/ros/jazzy/opt/gz_common_vendor:/opt/ros/jazzy/opt/gz_math_vendor:/opt/ros/jazzy/opt/gz_utils_vendor:/opt/ros/jazzy/opt/gz_tools_vendor:/opt/ros/jazzy/opt/gz_ogre_next_vendor:/opt/ros/jazzy/opt/gz_dartsim_vendor:/opt/ros/jazzy/opt/gz_cmake_vendor:/home/bhimirs/Documents/robotics/ros-lab-2-siddhu/install/py_pubsub:/opt/ros/jazzy CONDA_PROMPT_MODIFIER=(base) PS1=<ROS2-Jazzy>[\u@\h \W]$ /usr/bin/cmake --build /home/bhimirs/Documents/robotics/ros-lab-2-siddhu/build/ros_gz_gazebo -- -j28 -l28
[0.825s] DEBUG:colcon.colcon_core.event_handler.log_command:Invoking command in '/home/bhimirs/Documents/robotics/ros-lab-2-siddhu/build/ros_gz_gazebo': CMAKE_PREFIX_PATH=/home/bhimirs/Documents/robotics/ros-lab-2-siddhu/install/ros_gz_description:/home/bhimirs/Documents/robotics/ros-lab-2-siddhu/install/ros_gz_bringup:/home/bhimirs/Documents/robotics/ros-lab-2-siddhu/install/ros_gz_gazebo:/home/bhimirs/Documents/robotics/ros-lab-2-siddhu/install/ros_gz_app:/opt/ros/jazzy/opt/gz_sim_vendor:/opt/ros/jazzy/opt/gz_sensors_vendor:/opt/ros/jazzy/opt/gz_physics_vendor:/opt/ros/jazzy/opt/sdformat_vendor:/opt/ros/jazzy/opt/gz_gui_vendor:/opt/ros/jazzy/opt/gz_transport_vendor:/opt/ros/jazzy/opt/gz_rendering_vendor:/opt/ros/jazzy/opt/gz_plugin_vendor:/opt/ros/jazzy/opt/gz_fuel_tools_vendor:/opt/ros/jazzy/opt/gz_msgs_vendor:/opt/ros/jazzy/opt/gz_common_vendor:/opt/ros/jazzy/opt/gz_math_vendor:/opt/ros/jazzy/opt/gz_utils_vendor:/opt/ros/jazzy/opt/gz_tools_vendor:/opt/ros/jazzy/opt/gz_ogre_next_vendor:/opt/ros/jazzy/opt/gz_dartsim_vendor:/opt/ros/jazzy/opt/gz_cmake_vendor:/home/bhimirs/Documents/robotics/ros-lab-2-siddhu/install/py_pubsub:/opt/ros/jazzy CONDA_PROMPT_MODIFIER=(base) PS1=<ROS2-Jazzy>[\u@\h \W]$ /usr/bin/cmake --install /home/bhimirs/Documents/robotics/ros-lab-2-siddhu/build/ros_gz_gazebo
[0.896s] Level 1:colcon.colcon_core.environment:create_environment_scripts_only(ros_gz_gazebo)
[0.897s] Level 1:colcon.colcon_core.environment:checking '/home/bhimirs/Documents/robotics/ros-lab-2-siddhu/install/ros_gz_gazebo' for CMake module files
[0.897s] DEBUG:colcon.colcon_core.event_handler.log_command:Invoked command in '/home/bhimirs/Documents/robotics/ros-lab-2-siddhu/build/ros_gz_gazebo' returned '0': CMAKE_PREFIX_PATH=/home/bhimirs/Documents/robotics/ros-lab-2-siddhu/install/ros_gz_description:/home/bhimirs/Documents/robotics/ros-lab-2-siddhu/install/ros_gz_bringup:/home/bhimirs/Documents/robotics/ros-lab-2-siddhu/install/ros_gz_gazebo:/home/bhimirs/Documents/robotics/ros-lab-2-siddhu/install/ros_gz_app:/opt/ros/jazzy/opt/gz_sim_vendor:/opt/ros/jazzy/opt/gz_sensors_vendor:/opt/ros/jazzy/opt/gz_physics_vendor:/opt/ros/jazzy/opt/sdformat_vendor:/opt/ros/jazzy/opt/gz_gui_vendor:/opt/ros/jazzy/opt/gz_transport_vendor:/opt/ros/jazzy/opt/gz_rendering_vendor:/opt/ros/jazzy/opt/gz_plugin_vendor:/opt/ros/jazzy/opt/gz_fuel_tools_vendor:/opt/ros/jazzy/opt/gz_msgs_vendor:/opt/ros/jazzy/opt/gz_common_vendor:/opt/ros/jazzy/opt/gz_math_vendor:/opt/ros/jazzy/opt/gz_utils_vendor:/opt/ros/jazzy/opt/gz_tools_vendor:/opt/ros/jazzy/opt/gz_ogre_next_vendor:/opt/ros/jazzy/opt/gz_dartsim_vendor:/opt/ros/jazzy/opt/gz_cmake_vendor:/home/bhimirs/Documents/robotics/ros-lab-2-siddhu/install/py_pubsub:/opt/ros/jazzy CONDA_PROMPT_MODIFIER=(base) PS1=<ROS2-Jazzy>[\u@\h \W]$ /usr/bin/cmake --install /home/bhimirs/Documents/robotics/ros-lab-2-siddhu/build/ros_gz_gazebo
[0.900s] Level 1:colcon.colcon_core.environment:checking '/home/bhimirs/Documents/robotics/ros-lab-2-siddhu/install/ros_gz_gazebo' for CMake config files
[0.902s] Level 1:colcon.colcon_core.shell:create_environment_hook('ros_gz_gazebo', 'cmake_prefix_path')
[0.903s] INFO:colcon.colcon_core.shell:Creating environment hook '/home/bhimirs/Documents/robotics/ros-lab-2-siddhu/install/ros_gz_gazebo/share/ros_gz_gazebo/hook/cmake_prefix_path.ps1'
[0.906s] INFO:colcon.colcon_core.shell:Creating environment descriptor '/home/bhimirs/Documents/robotics/ros-lab-2-siddhu/install/ros_gz_gazebo/share/ros_gz_gazebo/hook/cmake_prefix_path.dsv'
[0.910s] INFO:colcon.colcon_core.shell:Creating environment hook '/home/bhimirs/Documents/robotics/ros-lab-2-siddhu/install/ros_gz_gazebo/share/ros_gz_gazebo/hook/cmake_prefix_path.sh'
[0.915s] Level 1:colcon.colcon_core.environment:checking '/home/bhimirs/Documents/robotics/ros-lab-2-siddhu/install/ros_gz_gazebo/lib'
[0.916s] Level 1:colcon.colcon_core.environment:checking '/home/bhimirs/Documents/robotics/ros-lab-2-siddhu/install/ros_gz_gazebo/bin'
[0.916s] Level 1:colcon.colcon_core.environment:checking '/home/bhimirs/Documents/robotics/ros-lab-2-siddhu/install/ros_gz_gazebo/lib/pkgconfig/ros_gz_gazebo.pc'
[0.916s] Level 1:colcon.colcon_core.environment:checking '/home/bhimirs/Documents/robotics/ros-lab-2-siddhu/install/ros_gz_gazebo/lib/python3.12/site-packages'
[0.916s] Level 1:colcon.colcon_core.environment:checking '/home/bhimirs/Documents/robotics/ros-lab-2-siddhu/install/ros_gz_gazebo/bin'
[0.917s] INFO:colcon.colcon_core.shell:Creating package script '/home/bhimirs/Documents/robotics/ros-lab-2-siddhu/install/ros_gz_gazebo/share/ros_gz_gazebo/package.ps1'
[0.920s] INFO:colcon.colcon_core.shell:Creating package descriptor '/home/bhimirs/Documents/robotics/ros-lab-2-siddhu/install/ros_gz_gazebo/share/ros_gz_gazebo/package.dsv'
[0.924s] INFO:colcon.colcon_core.shell:Creating package script '/home/bhimirs/Documents/robotics/ros-lab-2-siddhu/install/ros_gz_gazebo/share/ros_gz_gazebo/package.sh'
[0.928s] INFO:colcon.colcon_core.shell:Creating package script '/home/bhimirs/Documents/robotics/ros-lab-2-siddhu/install/ros_gz_gazebo/share/ros_gz_gazebo/package.bash'
[0.932s] INFO:colcon.colcon_core.shell:Creating package script '/home/bhimirs/Documents/robotics/ros-lab-2-siddhu/install/ros_gz_gazebo/share/ros_gz_gazebo/package.zsh'
[0.936s] Level 1:colcon.colcon_core.environment:create_file_with_runtime_dependencies(/home/bhimirs/Documents/robotics/ros-lab-2-siddhu/install/ros_gz_gazebo/share/colcon-core/packages/ros_gz_gazebo)
[0.940s] Level 1:colcon.colcon_core.environment:create_environment_scripts_only(ros_gz_gazebo)
[0.940s] Level 1:colcon.colcon_core.environment:checking '/home/bhimirs/Documents/robotics/ros-lab-2-siddhu/install/ros_gz_gazebo' for CMake module files
[0.943s] Level 1:colcon.colcon_core.environment:checking '/home/bhimirs/Documents/robotics/ros-lab-2-siddhu/install/ros_gz_gazebo' for CMake config files
[0.945s] Level 1:colcon.colcon_core.shell:create_environment_hook('ros_gz_gazebo', 'cmake_prefix_path')
[0.945s] INFO:colcon.colcon_core.shell:Creating environment hook '/home/bhimirs/Documents/robotics/ros-lab-2-siddhu/install/ros_gz_gazebo/share/ros_gz_gazebo/hook/cmake_prefix_path.ps1'
[0.948s] INFO:colcon.colcon_core.shell:Creating environment descriptor '/home/bhimirs/Documents/robotics/ros-lab-2-siddhu/install/ros_gz_gazebo/share/ros_gz_gazebo/hook/cmake_prefix_path.dsv'
[0.951s] INFO:colcon.colcon_core.shell:Creating environment hook '/home/bhimirs/Documents/robotics/ros-lab-2-siddhu/install/ros_gz_gazebo/share/ros_gz_gazebo/hook/cmake_prefix_path.sh'
[0.956s] Level 1:colcon.colcon_core.environment:checking '/home/bhimirs/Documents/robotics/ros-lab-2-siddhu/install/ros_gz_gazebo/lib'
[0.957s] Level 1:colcon.colcon_core.environment:checking '/home/bhimirs/Documents/robotics/ros-lab-2-siddhu/install/ros_gz_gazebo/bin'
[0.957s] Level 1:colcon.colcon_core.environment:checking '/home/bhimirs/Documents/robotics/ros-lab-2-siddhu/install/ros_gz_gazebo/lib/pkgconfig/ros_gz_gazebo.pc'
[0.957s] Level 1:colcon.colcon_core.environment:checking '/home/bhimirs/Documents/robotics/ros-lab-2-siddhu/install/ros_gz_gazebo/lib/python3.12/site-packages'
[0.958s] Level 1:colcon.colcon_core.environment:checking '/home/bhimirs/Documents/robotics/ros-lab-2-siddhu/install/ros_gz_gazebo/bin'
[0.958s] INFO:colcon.colcon_core.shell:Creating package script '/home/bhimirs/Documents/robotics/ros-lab-2-siddhu/install/ros_gz_gazebo/share/ros_gz_gazebo/package.ps1'
[0.962s] INFO:colcon.colcon_core.shell:Creating package descriptor '/home/bhimirs/Documents/robotics/ros-lab-2-siddhu/install/ros_gz_gazebo/share/ros_gz_gazebo/package.dsv'
[0.966s] INFO:colcon.colcon_core.shell:Creating package script '/home/bhimirs/Documents/robotics/ros-lab-2-siddhu/install/ros_gz_gazebo/share/ros_gz_gazebo/package.sh'
[0.969s] INFO:colcon.colcon_core.shell:Creating package script '/home/bhimirs/Documents/robotics/ros-lab-2-siddhu/install/ros_gz_gazebo/share/ros_gz_gazebo/package.bash'
[0.973s] INFO:colcon.colcon_core.shell:Creating package script '/home/bhimirs/Documents/robotics/ros-lab-2-siddhu/install/ros_gz_gazebo/share/ros_gz_gazebo/package.zsh'
[0.978s] Level 1:colcon.colcon_core.environment:create_file_with_runtime_dependencies(/home/bhimirs/Documents/robotics/ros-lab-2-siddhu/install/ros_gz_gazebo/share/colcon-core/packages/ros_gz_gazebo)
[0.982s] INFO:colcon.colcon_ros.task.ament_cmake.build:Building ROS package in '/home/bhimirs/Documents/robotics/ros-lab-2-siddhu/ros_gz_bringup' with build type 'ament_cmake'
[0.982s] INFO:colcon.colcon_cmake.task.cmake.build:Building CMake package in '/home/bhimirs/Documents/robotics/ros-lab-2-siddhu/ros_gz_bringup'
[0.982s] INFO:colcon.colcon_core.shell:Skip shell extension 'powershell' for command environment: Not usable outside of PowerShell
[0.983s] DEBUG:colcon.colcon_core.shell:Skip shell extension 'dsv' for command environment
[1.031s] DEBUG:colcon.colcon_core.event_handler.log_command:Invoking command in '/home/bhimirs/Documents/robotics/ros-lab-2-siddhu/build/ros_gz_bringup': CMAKE_PREFIX_PATH=/home/bhimirs/Documents/robotics/ros-lab-2-siddhu/install/ros_gz_gazebo:/home/bhimirs/Documents/robotics/ros-lab-2-siddhu/install/ros_gz_description:/home/bhimirs/Documents/robotics/ros-lab-2-siddhu/install/ros_gz_bringup:/home/bhimirs/Documents/robotics/ros-lab-2-siddhu/install/ros_gz_app:/opt/ros/jazzy/opt/gz_sim_vendor:/opt/ros/jazzy/opt/gz_sensors_vendor:/opt/ros/jazzy/opt/gz_physics_vendor:/opt/ros/jazzy/opt/sdformat_vendor:/opt/ros/jazzy/opt/gz_gui_vendor:/opt/ros/jazzy/opt/gz_transport_vendor:/opt/ros/jazzy/opt/gz_rendering_vendor:/opt/ros/jazzy/opt/gz_plugin_vendor:/opt/ros/jazzy/opt/gz_fuel_tools_vendor:/opt/ros/jazzy/opt/gz_msgs_vendor:/opt/ros/jazzy/opt/gz_common_vendor:/opt/ros/jazzy/opt/gz_math_vendor:/opt/ros/jazzy/opt/gz_utils_vendor:/opt/ros/jazzy/opt/gz_tools_vendor:/opt/ros/jazzy/opt/gz_ogre_next_vendor:/opt/ros/jazzy/opt/gz_dartsim_vendor:/opt/ros/jazzy/opt/gz_cmake_vendor:/home/bhimirs/Documents/robotics/ros-lab-2-siddhu/install/py_pubsub:/opt/ros/jazzy CONDA_PROMPT_MODIFIER=(base) GZ_SIM_PLUGIN_PATH=/home/bhimirs/Documents/robotics/ros-lab-2-siddhu/install/ros_gz_gazebo/lib/ros_gz_gazebo PS1=<ROS2-Jazzy>[\u@\h \W]$ /usr/bin/cmake --build /home/bhimirs/Documents/robotics/ros-lab-2-siddhu/build/ros_gz_bringup -- -j28 -l28
[1.096s] DEBUG:colcon.colcon_core.event_handler.log_command:Invoked command in '/home/bhimirs/Documents/robotics/ros-lab-2-siddhu/build/ros_gz_bringup' returned '0': CMAKE_PREFIX_PATH=/home/bhimirs/Documents/robotics/ros-lab-2-siddhu/install/ros_gz_gazebo:/home/bhimirs/Documents/robotics/ros-lab-2-siddhu/install/ros_gz_description:/home/bhimirs/Documents/robotics/ros-lab-2-siddhu/install/ros_gz_bringup:/home/bhimirs/Documents/robotics/ros-lab-2-siddhu/install/ros_gz_app:/opt/ros/jazzy/opt/gz_sim_vendor:/opt/ros/jazzy/opt/gz_sensors_vendor:/opt/ros/jazzy/opt/gz_physics_vendor:/opt/ros/jazzy/opt/sdformat_vendor:/opt/ros/jazzy/opt/gz_gui_vendor:/opt/ros/jazzy/opt/gz_transport_vendor:/opt/ros/jazzy/opt/gz_rendering_vendor:/opt/ros/jazzy/opt/gz_plugin_vendor:/opt/ros/jazzy/opt/gz_fuel_tools_vendor:/opt/ros/jazzy/opt/gz_msgs_vendor:/opt/ros/jazzy/opt/gz_common_vendor:/opt/ros/jazzy/opt/gz_math_vendor:/opt/ros/jazzy/opt/gz_utils_vendor:/opt/ros/jazzy/opt/gz_tools_vendor:/opt/ros/jazzy/opt/gz_ogre_next_vendor:/opt/ros/jazzy/opt/gz_dartsim_vendor:/opt/ros/jazzy/opt/gz_cmake_vendor:/home/bhimirs/Documents/robotics/ros-lab-2-siddhu/install/py_pubsub:/opt/ros/jazzy CONDA_PROMPT_MODIFIER=(base) GZ_SIM_PLUGIN_PATH=/home/bhimirs/Documents/robotics/ros-lab-2-siddhu/install/ros_gz_gazebo/lib/ros_gz_gazebo PS1=<ROS2-Jazzy>[\u@\h \W]$ /usr/bin/cmake --build /home/bhimirs/Documents/robotics/ros-lab-2-siddhu/build/ros_gz_bringup -- -j28 -l28
[1.099s] DEBUG:colcon.colcon_core.event_handler.log_command:Invoking command in '/home/bhimirs/Documents/robotics/ros-lab-2-siddhu/build/ros_gz_bringup': CMAKE_PREFIX_PATH=/home/bhimirs/Documents/robotics/ros-lab-2-siddhu/install/ros_gz_gazebo:/home/bhimirs/Documents/robotics/ros-lab-2-siddhu/install/ros_gz_description:/home/bhimirs/Documents/robotics/ros-lab-2-siddhu/install/ros_gz_bringup:/home/bhimirs/Documents/robotics/ros-lab-2-siddhu/install/ros_gz_app:/opt/ros/jazzy/opt/gz_sim_vendor:/opt/ros/jazzy/opt/gz_sensors_vendor:/opt/ros/jazzy/opt/gz_physics_vendor:/opt/ros/jazzy/opt/sdformat_vendor:/opt/ros/jazzy/opt/gz_gui_vendor:/opt/ros/jazzy/opt/gz_transport_vendor:/opt/ros/jazzy/opt/gz_rendering_vendor:/opt/ros/jazzy/opt/gz_plugin_vendor:/opt/ros/jazzy/opt/gz_fuel_tools_vendor:/opt/ros/jazzy/opt/gz_msgs_vendor:/opt/ros/jazzy/opt/gz_common_vendor:/opt/ros/jazzy/opt/gz_math_vendor:/opt/ros/jazzy/opt/gz_utils_vendor:/opt/ros/jazzy/opt/gz_tools_vendor:/opt/ros/jazzy/opt/gz_ogre_next_vendor:/opt/ros/jazzy/opt/gz_dartsim_vendor:/opt/ros/jazzy/opt/gz_cmake_vendor:/home/bhimirs/Documents/robotics/ros-lab-2-siddhu/install/py_pubsub:/opt/ros/jazzy CONDA_PROMPT_MODIFIER=(base) GZ_SIM_PLUGIN_PATH=/home/bhimirs/Documents/robotics/ros-lab-2-siddhu/install/ros_gz_gazebo/lib/ros_gz_gazebo PS1=<ROS2-Jazzy>[\u@\h \W]$ /usr/bin/cmake --install /home/bhimirs/Documents/robotics/ros-lab-2-siddhu/build/ros_gz_bringup
[1.147s] Level 1:colcon.colcon_core.environment:create_environment_scripts_only(ros_gz_bringup)
[1.147s] Level 1:colcon.colcon_core.environment:checking '/home/bhimirs/Documents/robotics/ros-lab-2-siddhu/install/ros_gz_bringup' for CMake module files
[1.148s] DEBUG:colcon.colcon_core.event_handler.log_command:Invoked command in '/home/bhimirs/Documents/robotics/ros-lab-2-siddhu/build/ros_gz_bringup' returned '0': CMAKE_PREFIX_PATH=/home/bhimirs/Documents/robotics/ros-lab-2-siddhu/install/ros_gz_gazebo:/home/bhimirs/Documents/robotics/ros-lab-2-siddhu/install/ros_gz_description:/home/bhimirs/Documents/robotics/ros-lab-2-siddhu/install/ros_gz_bringup:/home/bhimirs/Documents/robotics/ros-lab-2-siddhu/install/ros_gz_app:/opt/ros/jazzy/opt/gz_sim_vendor:/opt/ros/jazzy/opt/gz_sensors_vendor:/opt/ros/jazzy/opt/gz_physics_vendor:/opt/ros/jazzy/opt/sdformat_vendor:/opt/ros/jazzy/opt/gz_gui_vendor:/opt/ros/jazzy/opt/gz_transport_vendor:/opt/ros/jazzy/opt/gz_rendering_vendor:/opt/ros/jazzy/opt/gz_plugin_vendor:/opt/ros/jazzy/opt/gz_fuel_tools_vendor:/opt/ros/jazzy/opt/gz_msgs_vendor:/opt/ros/jazzy/opt/gz_common_vendor:/opt/ros/jazzy/opt/gz_math_vendor:/opt/ros/jazzy/opt/gz_utils_vendor:/opt/ros/jazzy/opt/gz_tools_vendor:/opt/ros/jazzy/opt/gz_ogre_next_vendor:/opt/ros/jazzy/opt/gz_dartsim_vendor:/opt/ros/jazzy/opt/gz_cmake_vendor:/home/bhimirs/Documents/robotics/ros-lab-2-siddhu/install/py_pubsub:/opt/ros/jazzy CONDA_PROMPT_MODIFIER=(base) GZ_SIM_PLUGIN_PATH=/home/bhimirs/Documents/robotics/ros-lab-2-siddhu/install/ros_gz_gazebo/lib/ros_gz_gazebo PS1=<ROS2-Jazzy>[\u@\h \W]$ /usr/bin/cmake --install /home/bhimirs/Documents/robotics/ros-lab-2-siddhu/build/ros_gz_bringup
[1.149s] Level 1:colcon.colcon_core.environment:checking '/home/bhimirs/Documents/robotics/ros-lab-2-siddhu/install/ros_gz_bringup' for CMake config files
[1.151s] Level 1:colcon.colcon_core.shell:create_environment_hook('ros_gz_bringup', 'cmake_prefix_path')
[1.151s] INFO:colcon.colcon_core.shell:Creating environment hook '/home/bhimirs/Documents/robotics/ros-lab-2-siddhu/install/ros_gz_bringup/share/ros_gz_bringup/hook/cmake_prefix_path.ps1'
[1.155s] INFO:colcon.colcon_core.shell:Creating environment descriptor '/home/bhimirs/Documents/robotics/ros-lab-2-siddhu/install/ros_gz_bringup/share/ros_gz_bringup/hook/cmake_prefix_path.dsv'
[1.158s] INFO:colcon.colcon_core.shell:Creating environment hook '/home/bhimirs/Documents/robotics/ros-lab-2-siddhu/install/ros_gz_bringup/share/ros_gz_bringup/hook/cmake_prefix_path.sh'
[1.161s] Level 1:colcon.colcon_core.environment:checking '/home/bhimirs/Documents/robotics/ros-lab-2-siddhu/install/ros_gz_bringup/bin'
[1.161s] Level 1:colcon.colcon_core.environment:checking '/home/bhimirs/Documents/robotics/ros-lab-2-siddhu/install/ros_gz_bringup/lib/pkgconfig/ros_gz_bringup.pc'
[1.161s] Level 1:colcon.colcon_core.environment:checking '/home/bhimirs/Documents/robotics/ros-lab-2-siddhu/install/ros_gz_bringup/lib/python3.12/site-packages'
[1.161s] Level 1:colcon.colcon_core.environment:checking '/home/bhimirs/Documents/robotics/ros-lab-2-siddhu/install/ros_gz_bringup/bin'
[1.161s] INFO:colcon.colcon_core.shell:Creating package script '/home/bhimirs/Documents/robotics/ros-lab-2-siddhu/install/ros_gz_bringup/share/ros_gz_bringup/package.ps1'
[1.164s] INFO:colcon.colcon_core.shell:Creating package descriptor '/home/bhimirs/Documents/robotics/ros-lab-2-siddhu/install/ros_gz_bringup/share/ros_gz_bringup/package.dsv'
[1.171s] INFO:colcon.colcon_core.shell:Creating package script '/home/bhimirs/Documents/robotics/ros-lab-2-siddhu/install/ros_gz_bringup/share/ros_gz_bringup/package.sh'
[1.173s] INFO:colcon.colcon_core.shell:Creating package script '/home/bhimirs/Documents/robotics/ros-lab-2-siddhu/install/ros_gz_bringup/share/ros_gz_bringup/package.bash'
[1.175s] INFO:colcon.colcon_core.shell:Creating package script '/home/bhimirs/Documents/robotics/ros-lab-2-siddhu/install/ros_gz_bringup/share/ros_gz_bringup/package.zsh'
[1.177s] Level 1:colcon.colcon_core.environment:create_file_with_runtime_dependencies(/home/bhimirs/Documents/robotics/ros-lab-2-siddhu/install/ros_gz_bringup/share/colcon-core/packages/ros_gz_bringup)
[1.180s] Level 1:colcon.colcon_core.environment:create_environment_scripts_only(ros_gz_bringup)
[1.180s] Level 1:colcon.colcon_core.environment:checking '/home/bhimirs/Documents/robotics/ros-lab-2-siddhu/install/ros_gz_bringup' for CMake module files
[1.181s] Level 1:colcon.colcon_core.environment:checking '/home/bhimirs/Documents/robotics/ros-lab-2-siddhu/install/ros_gz_bringup' for CMake config files
[1.182s] Level 1:colcon.colcon_core.shell:create_environment_hook('ros_gz_bringup', 'cmake_prefix_path')
[1.182s] INFO:colcon.colcon_core.shell:Creating environment hook '/home/bhimirs/Documents/robotics/ros-lab-2-siddhu/install/ros_gz_bringup/share/ros_gz_bringup/hook/cmake_prefix_path.ps1'
[1.184s] INFO:colcon.colcon_core.shell:Creating environment descriptor '/home/bhimirs/Documents/robotics/ros-lab-2-siddhu/install/ros_gz_bringup/share/ros_gz_bringup/hook/cmake_prefix_path.dsv'
[1.186s] INFO:colcon.colcon_core.shell:Creating environment hook '/home/bhimirs/Documents/robotics/ros-lab-2-siddhu/install/ros_gz_bringup/share/ros_gz_bringup/hook/cmake_prefix_path.sh'
[1.189s] Level 1:colcon.colcon_core.environment:checking '/home/bhimirs/Documents/robotics/ros-lab-2-siddhu/install/ros_gz_bringup/bin'
[1.189s] Level 1:colcon.colcon_core.environment:checking '/home/bhimirs/Documents/robotics/ros-lab-2-siddhu/install/ros_gz_bringup/lib/pkgconfig/ros_gz_bringup.pc'
[1.189s] Level 1:colcon.colcon_core.environment:checking '/home/bhimirs/Documents/robotics/ros-lab-2-siddhu/install/ros_gz_bringup/lib/python3.12/site-packages'
[1.189s] Level 1:colcon.colcon_core.environment:checking '/home/bhimirs/Documents/robotics/ros-lab-2-siddhu/install/ros_gz_bringup/bin'
[1.190s] INFO:colcon.colcon_core.shell:Creating package script '/home/bhimirs/Documents/robotics/ros-lab-2-siddhu/install/ros_gz_bringup/share/ros_gz_bringup/package.ps1'
[1.192s] INFO:colcon.colcon_core.shell:Creating package descriptor '/home/bhimirs/Documents/robotics/ros-lab-2-siddhu/install/ros_gz_bringup/share/ros_gz_bringup/package.dsv'
[1.195s] INFO:colcon.colcon_core.shell:Creating package script '/home/bhimirs/Documents/robotics/ros-lab-2-siddhu/install/ros_gz_bringup/share/ros_gz_bringup/package.sh'
[1.197s] INFO:colcon.colcon_core.shell:Creating package script '/home/bhimirs/Documents/robotics/ros-lab-2-siddhu/install/ros_gz_bringup/share/ros_gz_bringup/package.bash'
[1.199s] INFO:colcon.colcon_core.shell:Creating package script '/home/bhimirs/Documents/robotics/ros-lab-2-siddhu/install/ros_gz_bringup/share/ros_gz_bringup/package.zsh'
[1.202s] Level 1:colcon.colcon_core.environment:create_file_with_runtime_dependencies(/home/bhimirs/Documents/robotics/ros-lab-2-siddhu/install/ros_gz_bringup/share/colcon-core/packages/ros_gz_bringup)
[1.323s] DEBUG:colcon.colcon_core.event_handler.log_command:Invoking command in '/home/bhimirs/Documents/robotics/ros-lab-2-siddhu/py_pubsub': CONDA_PROMPT_MODIFIER=(base) PS1=<ROS2-Jazzy>[\u@\h \W]$ PYTHONPATH=/home/bhimirs/Documents/robotics/ros-lab-2-siddhu/build/py_pubsub/prefix_override:/usr/lib/python3/dist-packages/colcon_core/task/python/colcon_distutils_commands:/home/bhimirs/Documents/robotics/ros-lab-2-siddhu/install/py_pubsub/lib/python3.12/site-packages:${PYTHONPATH} /usr/bin/python3 -W ignore:setup.py install is deprecated -W ignore:easy_install command is deprecated setup.py egg_info --egg-base ../build/py_pubsub build --build-base /home/bhimirs/Documents/robotics/ros-lab-2-siddhu/build/py_pubsub/build install --record /home/bhimirs/Documents/robotics/ros-lab-2-siddhu/build/py_pubsub/install.log --single-version-externally-managed install_data
[2.150s] Level 1:colcon.colcon_core.environment:checking '/home/bhimirs/Documents/robotics/ros-lab-2-siddhu/install/py_pubsub' for CMake module files
[2.150s] DEBUG:colcon.colcon_core.event_handler.log_command:Invoked command in '/home/bhimirs/Documents/robotics/ros-lab-2-siddhu/py_pubsub' returned '0': CONDA_PROMPT_MODIFIER=(base) PS1=<ROS2-Jazzy>[\u@\h \W]$ PYTHONPATH=/home/bhimirs/Documents/robotics/ros-lab-2-siddhu/build/py_pubsub/prefix_override:/usr/lib/python3/dist-packages/colcon_core/task/python/colcon_distutils_commands:/home/bhimirs/Documents/robotics/ros-lab-2-siddhu/install/py_pubsub/lib/python3.12/site-packages:${PYTHONPATH} /usr/bin/python3 -W ignore:setup.py install is deprecated -W ignore:easy_install command is deprecated setup.py egg_info --egg-base ../build/py_pubsub build --build-base /home/bhimirs/Documents/robotics/ros-lab-2-siddhu/build/py_pubsub/build install --record /home/bhimirs/Documents/robotics/ros-lab-2-siddhu/build/py_pubsub/install.log --single-version-externally-managed install_data
[2.151s] Level 1:colcon.colcon_core.environment:checking '/home/bhimirs/Documents/robotics/ros-lab-2-siddhu/install/py_pubsub' for CMake config files
[2.157s] Level 1:colcon.colcon_core.environment:checking '/home/bhimirs/Documents/robotics/ros-lab-2-siddhu/install/py_pubsub/lib'
[2.158s] Level 1:colcon.colcon_core.environment:checking '/home/bhimirs/Documents/robotics/ros-lab-2-siddhu/install/py_pubsub/bin'
[2.158s] Level 1:colcon.colcon_core.environment:checking '/home/bhimirs/Documents/robotics/ros-lab-2-siddhu/install/py_pubsub/lib/pkgconfig/py_pubsub.pc'
[2.158s] Level 1:colcon.colcon_core.environment:checking '/home/bhimirs/Documents/robotics/ros-lab-2-siddhu/install/py_pubsub/lib/python3.12/site-packages'
[2.158s] Level 1:colcon.colcon_core.shell:create_environment_hook('py_pubsub', 'pythonpath')
[2.158s] INFO:colcon.colcon_core.shell:Creating environment hook '/home/bhimirs/Documents/robotics/ros-lab-2-siddhu/install/py_pubsub/share/py_pubsub/hook/pythonpath.ps1'
[2.161s] INFO:colcon.colcon_core.shell:Creating environment descriptor '/home/bhimirs/Documents/robotics/ros-lab-2-siddhu/install/py_pubsub/share/py_pubsub/hook/pythonpath.dsv'
[2.164s] INFO:colcon.colcon_core.shell:Creating environment hook '/home/bhimirs/Documents/robotics/ros-lab-2-siddhu/install/py_pubsub/share/py_pubsub/hook/pythonpath.sh'
[2.168s] Level 1:colcon.colcon_core.environment:checking '/home/bhimirs/Documents/robotics/ros-lab-2-siddhu/install/py_pubsub/bin'
[2.168s] Level 1:colcon.colcon_core.environment:create_environment_scripts_only(py_pubsub)
[2.168s] INFO:colcon.colcon_core.shell:Creating package script '/home/bhimirs/Documents/robotics/ros-lab-2-siddhu/install/py_pubsub/share/py_pubsub/package.ps1'
[2.172s] INFO:colcon.colcon_core.shell:Creating package descriptor '/home/bhimirs/Documents/robotics/ros-lab-2-siddhu/install/py_pubsub/share/py_pubsub/package.dsv'
[2.176s] INFO:colcon.colcon_core.shell:Creating package script '/home/bhimirs/Documents/robotics/ros-lab-2-siddhu/install/py_pubsub/share/py_pubsub/package.sh'
[2.180s] INFO:colcon.colcon_core.shell:Creating package script '/home/bhimirs/Documents/robotics/ros-lab-2-siddhu/install/py_pubsub/share/py_pubsub/package.bash'
[2.184s] INFO:colcon.colcon_core.shell:Creating package script '/home/bhimirs/Documents/robotics/ros-lab-2-siddhu/install/py_pubsub/share/py_pubsub/package.zsh'
[2.188s] Level 1:colcon.colcon_core.environment:create_file_with_runtime_dependencies(/home/bhimirs/Documents/robotics/ros-lab-2-siddhu/install/py_pubsub/share/colcon-core/packages/py_pubsub)
[2.191s] DEBUG:colcon.colcon_parallel_executor.executor.parallel:closing loop
[2.192s] DEBUG:colcon.colcon_parallel_executor.executor.parallel:loop closed
[2.192s] DEBUG:colcon.colcon_parallel_executor.executor.parallel:run_until_complete finished with '0'
[2.192s] DEBUG:colcon.colcon_core.event_reactor:joining thread
[2.218s] INFO:colcon.colcon_core.plugin_system:Skipping extension 'colcon_notification.desktop_notification.notify_send': Could not find 'notify-send'
[2.218s] INFO:colcon.colcon_core.plugin_system:Skipping extension 'colcon_notification.desktop_notification.terminal_notifier': Not used on non-Darwin systems
[2.218s] INFO:colcon.colcon_core.plugin_system:Skipping extension 'colcon_notification.desktop_notification.win32': Not used on non-Windows systems
[2.218s] INFO:colcon.colcon_notification.desktop_notification:Sending desktop notification using 'notify2'
[2.229s] DEBUG:colcon.colcon_core.event_reactor:joined thread
[2.229s] INFO:colcon.colcon_core.shell:Creating prefix script '/home/bhimirs/Documents/robotics/ros-lab-2-siddhu/install/local_setup.ps1'
[2.233s] INFO:colcon.colcon_core.shell:Creating prefix util module '/home/bhimirs/Documents/robotics/ros-lab-2-siddhu/install/_local_setup_util_ps1.py'
[2.237s] INFO:colcon.colcon_core.shell:Creating prefix chain script '/home/bhimirs/Documents/robotics/ros-lab-2-siddhu/install/setup.ps1'
[2.245s] INFO:colcon.colcon_core.shell:Creating prefix script '/home/bhimirs/Documents/robotics/ros-lab-2-siddhu/install/local_setup.sh'
[2.248s] INFO:colcon.colcon_core.shell:Creating prefix util module '/home/bhimirs/Documents/robotics/ros-lab-2-siddhu/install/_local_setup_util_sh.py'
[2.251s] INFO:colcon.colcon_core.shell:Creating prefix chain script '/home/bhimirs/Documents/robotics/ros-lab-2-siddhu/install/setup.sh'
[2.258s] INFO:colcon.colcon_core.shell:Creating prefix script '/home/bhimirs/Documents/robotics/ros-lab-2-siddhu/install/local_setup.bash'
[2.262s] INFO:colcon.colcon_core.shell:Creating prefix chain script '/home/bhimirs/Documents/robotics/ros-lab-2-siddhu/install/setup.bash'
[2.269s] INFO:colcon.colcon_core.shell:Creating prefix script '/home/bhimirs/Documents/robotics/ros-lab-2-siddhu/install/local_setup.zsh'
[2.272s] INFO:colcon.colcon_core.shell:Creating prefix chain script '/home/bhimirs/Documents/robotics/ros-lab-2-siddhu/install/setup.zsh'
