[0.042s] Invoking command in '/home/bhimirs/Documents/robotics/ros-lab-2-siddhu/build/ros_gz_description': CMAKE_PREFIX_PATH=${CMAKE_PREFIX_PATH}:/opt/ros/jazzy CONDA_PROMPT_MODIFIER=(base) PS1=<ROS2-Jazzy>[\u@\h \W]$ /usr/bin/cmake --build /home/bhimirs/Documents/robotics/ros-lab-2-siddhu/build/ros_gz_description -- -j28 -l28
[0.293s] Invoked command in '/home/bhimirs/Documents/robotics/ros-lab-2-siddhu/build/ros_gz_description' returned '0': CMAKE_PREFIX_PATH=${CMAKE_PREFIX_PATH}:/opt/ros/jazzy CONDA_PROMPT_MODIFIER=(base) PS1=<ROS2-Jazzy>[\u@\h \W]$ /usr/bin/cmake --build /home/bhimirs/Documents/robotics/ros-lab-2-siddhu/build/ros_gz_description -- -j28 -l28
[0.315s] Invoking command in '/home/bhimirs/Documents/robotics/ros-lab-2-siddhu/build/ros_gz_description': CMAKE_PREFIX_PATH=${CMAKE_PREFIX_PATH}:/opt/ros/jazzy CONDA_PROMPT_MODIFIER=(base) PS1=<ROS2-Jazzy>[\u@\h \W]$ /usr/bin/cmake --install /home/bhimirs/Documents/robotics/ros-lab-2-siddhu/build/ros_gz_description
[0.331s] -- Install configuration: ""
[0.335s] -- Up-to-date: /home/bhimirs/Documents/robotics/ros-lab-2-siddhu/install/ros_gz_description/share/ros_gz_description/models
[0.337s] -- Up-to-date: /home/bhimirs/Documents/robotics/ros-lab-2-siddhu/install/ros_gz_description/share/ros_gz_description/models/diff_drive
[0.340s] -- Up-to-date: /home/bhimirs/Documents/robotics/ros-lab-2-siddhu/install/ros_gz_description/share/ros_gz_description/models/diff_drive/model.sdf
[0.341s] -- Up-to-date: /home/bhimirs/Documents/robotics/ros-lab-2-siddhu/install/ros_gz_description/share/ros_gz_description/models/diff_drive/model.config
[0.342s] -- Up-to-date: /home/bhimirs/Documents/robotics/ros-lab-2-siddhu/install/ros_gz_description/share/ros_gz_description/environment/ros_gz_description.dsv
[0.343s] -- Up-to-date: /home/bhimirs/Documents/robotics/ros-lab-2-siddhu/install/ros_gz_description/share/ros_gz_description/environment/ros_gz_description.sh
[0.346s] -- Up-to-date: /home/bhimirs/Documents/robotics/ros-lab-2-siddhu/install/ros_gz_description/share/ament_index/resource_index/package_run_dependencies/ros_gz_description
[0.347s] -- Up-to-date: /home/bhimirs/Documents/robotics/ros-lab-2-siddhu/install/ros_gz_description/share/ament_index/resource_index/parent_prefix_path/ros_gz_description
[0.348s] -- Up-to-date: /home/bhimirs/Documents/robotics/ros-lab-2-siddhu/install/ros_gz_description/share/ros_gz_description/environment/ament_prefix_path.sh
[0.349s] -- Up-to-date: /home/bhimirs/Documents/robotics/ros-lab-2-siddhu/install/ros_gz_description/share/ros_gz_description/environment/ament_prefix_path.dsv
[0.350s] -- Up-to-date: /home/bhimirs/Documents/robotics/ros-lab-2-siddhu/install/ros_gz_description/share/ros_gz_description/environment/path.sh
[0.351s] -- Up-to-date: /home/bhimirs/Documents/robotics/ros-lab-2-siddhu/install/ros_gz_description/share/ros_gz_description/environment/path.dsv
[0.352s] -- Up-to-date: /home/bhimirs/Documents/robotics/ros-lab-2-siddhu/install/ros_gz_description/share/ros_gz_description/local_setup.bash
[0.353s] -- Up-to-date: /home/bhimirs/Documents/robotics/ros-lab-2-siddhu/install/ros_gz_description/share/ros_gz_description/local_setup.sh
[0.355s] -- Up-to-date: /home/bhimirs/Documents/robotics/ros-lab-2-siddhu/install/ros_gz_description/share/ros_gz_description/local_setup.zsh
[0.355s] -- Up-to-date: /home/bhimirs/Documents/robotics/ros-lab-2-siddhu/install/ros_gz_description/share/ros_gz_description/local_setup.dsv
[0.356s] -- Installing: /home/bhimirs/Documents/robotics/ros-lab-2-siddhu/install/ros_gz_description/share/ros_gz_description/package.dsv
[0.365s] -- Up-to-date: /home/bhimirs/Documents/robotics/ros-lab-2-siddhu/install/ros_gz_description/share/ament_index/resource_index/packages/ros_gz_description
[0.366s] -- Up-to-date: /home/bhimirs/Documents/robotics/ros-lab-2-siddhu/install/ros_gz_description/share/ros_gz_description/cmake/ros_gz_descriptionConfig.cmake
[0.367s] -- Up-to-date: /home/bhimirs/Documents/robotics/ros-lab-2-siddhu/install/ros_gz_description/share/ros_gz_description/cmake/ros_gz_descriptionConfig-version.cmake
[0.369s] -- Up-to-date: /home/bhimirs/Documents/robotics/ros-lab-2-siddhu/install/ros_gz_description/share/ros_gz_description/package.xml
[0.374s] Invoked command in '/home/bhimirs/Documents/robotics/ros-lab-2-siddhu/build/ros_gz_description' returned '0': CMAKE_PREFIX_PATH=${CMAKE_PREFIX_PATH}:/opt/ros/jazzy CONDA_PROMPT_MODIFIER=(base) PS1=<ROS2-Jazzy>[\u@\h \W]$ /usr/bin/cmake --install /home/bhimirs/Documents/robotics/ros-lab-2-siddhu/build/ros_gz_description
